2025-03-04 19:00:35,646 - test_carwale.py:[22] - [INFO] :test_selectCars :********* Inside Select Cars ************** 
2025-03-04 19:00:36,055 - BasePage.py:[33] - [INFO] :click :Clicked on the element: findNewCars_XPATH
2025-03-04 19:00:36,342 - BasePage.py:[33] - [INFO] :click :Clicked on the element: toyota_XPATH
2025-03-04 19:00:36,342 - BasePage.py:[33] - [INFO] :click :Clicked on the element: toyota_XPATH
2025-03-04 19:00:36,349 - test_carwale.py:[22] - [INFO] :test_selectCars :********* Inside Select Cars ************** 
2025-03-04 19:00:36,349 - test_carwale.py:[22] - [INFO] :test_selectCars :********* Inside Select Cars ************** 
2025-03-04 19:00:36,727 - BasePage.py:[33] - [INFO] :click :Clicked on the element: findNewCars_XPATH
2025-03-04 19:00:36,727 - BasePage.py:[33] - [INFO] :click :Clicked on the element: findNewCars_XPATH
2025-03-04 19:00:36,727 - BasePage.py:[33] - [INFO] :click :Clicked on the element: findNewCars_XPATH
2025-03-04 19:00:36,897 - BasePage.py:[33] - [INFO] :click :Clicked on the element: hyundai_XPATH
2025-03-04 19:00:36,897 - BasePage.py:[33] - [INFO] :click :Clicked on the element: hyundai_XPATH
2025-03-04 19:00:36,897 - BasePage.py:[33] - [INFO] :click :Clicked on the element: hyundai_XPATH
2025-03-04 19:00:36,897 - BasePage.py:[33] - [INFO] :click :Clicked on the element: hyundai_XPATH
2025-03-04 19:00:36,903 - test_carwale.py:[22] - [INFO] :test_selectCars :********* Inside Select Cars ************** 
2025-03-04 19:00:36,903 - test_carwale.py:[22] - [INFO] :test_selectCars :********* Inside Select Cars ************** 
2025-03-04 19:00:36,903 - test_carwale.py:[22] - [INFO] :test_selectCars :********* Inside Select Cars ************** 
2025-03-04 19:00:37,253 - BasePage.py:[33] - [INFO] :click :Clicked on the element: findNewCars_XPATH
2025-03-04 19:00:37,253 - BasePage.py:[33] - [INFO] :click :Clicked on the element: findNewCars_XPATH
2025-03-04 19:00:37,253 - BasePage.py:[33] - [INFO] :click :Clicked on the element: findNewCars_XPATH
2025-03-04 19:00:37,253 - BasePage.py:[33] - [INFO] :click :Clicked on the element: findNewCars_XPATH
2025-03-04 19:00:37,253 - BasePage.py:[33] - [INFO] :click :Clicked on the element: findNewCars_XPATH
2025-03-04 19:00:37,407 - BasePage.py:[33] - [INFO] :click :Clicked on the element: BMW_XPATH
2025-03-04 19:00:37,407 - BasePage.py:[33] - [INFO] :click :Clicked on the element: BMW_XPATH
2025-03-04 19:00:37,407 - BasePage.py:[33] - [INFO] :click :Clicked on the element: BMW_XPATH
2025-03-04 19:00:37,407 - BasePage.py:[33] - [INFO] :click :Clicked on the element: BMW_XPATH
2025-03-04 19:00:37,407 - BasePage.py:[33] - [INFO] :click :Clicked on the element: BMW_XPATH
2025-03-04 19:00:37,407 - BasePage.py:[33] - [INFO] :click :Clicked on the element: BMW_XPATH
2025-03-04 19:00:37,414 - test_carwale.py:[22] - [INFO] :test_selectCars :********* Inside Select Cars ************** 
2025-03-04 19:00:37,414 - test_carwale.py:[22] - [INFO] :test_selectCars :********* Inside Select Cars ************** 
2025-03-04 19:00:37,414 - test_carwale.py:[22] - [INFO] :test_selectCars :********* Inside Select Cars ************** 
2025-03-04 19:00:37,414 - test_carwale.py:[22] - [INFO] :test_selectCars :********* Inside Select Cars ************** 
2025-03-04 19:00:37,754 - BasePage.py:[33] - [INFO] :click :Clicked on the element: findNewCars_XPATH
2025-03-04 19:00:37,754 - BasePage.py:[33] - [INFO] :click :Clicked on the element: findNewCars_XPATH
2025-03-04 19:00:37,754 - BasePage.py:[33] - [INFO] :click :Clicked on the element: findNewCars_XPATH
2025-03-04 19:00:37,754 - BasePage.py:[33] - [INFO] :click :Clicked on the element: findNewCars_XPATH
2025-03-04 19:00:37,754 - BasePage.py:[33] - [INFO] :click :Clicked on the element: findNewCars_XPATH
2025-03-04 19:00:37,754 - BasePage.py:[33] - [INFO] :click :Clicked on the element: findNewCars_XPATH
2025-03-04 19:00:37,754 - BasePage.py:[33] - [INFO] :click :Clicked on the element: findNewCars_XPATH
2025-03-04 19:00:37,925 - BasePage.py:[33] - [INFO] :click :Clicked on the element: Honda_XPATH
2025-03-04 19:00:37,925 - BasePage.py:[33] - [INFO] :click :Clicked on the element: Honda_XPATH
2025-03-04 19:00:37,925 - BasePage.py:[33] - [INFO] :click :Clicked on the element: Honda_XPATH
2025-03-04 19:00:37,925 - BasePage.py:[33] - [INFO] :click :Clicked on the element: Honda_XPATH
2025-03-04 19:00:37,925 - BasePage.py:[33] - [INFO] :click :Clicked on the element: Honda_XPATH
2025-03-04 19:00:37,925 - BasePage.py:[33] - [INFO] :click :Clicked on the element: Honda_XPATH
2025-03-04 19:00:37,925 - BasePage.py:[33] - [INFO] :click :Clicked on the element: Honda_XPATH
2025-03-04 19:00:37,925 - BasePage.py:[33] - [INFO] :click :Clicked on the element: Honda_XPATH
2025-03-04 19:00:48,788 - test_carwale.py:[22] - [INFO] :test_selectCars :********* Inside Select Cars ************** 
2025-03-04 19:00:48,788 - test_carwale.py:[22] - [INFO] :test_selectCars :********* Inside Select Cars ************** 
2025-03-04 19:00:48,788 - test_carwale.py:[22] - [INFO] :test_selectCars :********* Inside Select Cars ************** 
2025-03-04 19:00:48,788 - test_carwale.py:[22] - [INFO] :test_selectCars :********* Inside Select Cars ************** 
2025-03-04 19:00:48,788 - test_carwale.py:[22] - [INFO] :test_selectCars :********* Inside Select Cars ************** 
2025-03-04 19:00:49,590 - BasePage.py:[33] - [INFO] :click :Clicked on the element: findNewCars_XPATH
2025-03-04 19:00:49,590 - BasePage.py:[33] - [INFO] :click :Clicked on the element: findNewCars_XPATH
2025-03-04 19:00:49,590 - BasePage.py:[33] - [INFO] :click :Clicked on the element: findNewCars_XPATH
2025-03-04 19:00:49,590 - BasePage.py:[33] - [INFO] :click :Clicked on the element: findNewCars_XPATH
2025-03-04 19:00:49,590 - BasePage.py:[33] - [INFO] :click :Clicked on the element: findNewCars_XPATH
2025-03-04 19:00:49,590 - BasePage.py:[33] - [INFO] :click :Clicked on the element: findNewCars_XPATH
2025-03-04 19:00:49,590 - BasePage.py:[33] - [INFO] :click :Clicked on the element: findNewCars_XPATH
2025-03-04 19:00:49,590 - BasePage.py:[33] - [INFO] :click :Clicked on the element: findNewCars_XPATH
2025-03-04 19:00:49,590 - BasePage.py:[33] - [INFO] :click :Clicked on the element: findNewCars_XPATH
2025-03-04 19:00:49,828 - BasePage.py:[33] - [INFO] :click :Clicked on the element: toyota_XPATH
2025-03-04 19:00:49,828 - BasePage.py:[33] - [INFO] :click :Clicked on the element: toyota_XPATH
2025-03-04 19:00:49,828 - BasePage.py:[33] - [INFO] :click :Clicked on the element: toyota_XPATH
2025-03-04 19:00:49,828 - BasePage.py:[33] - [INFO] :click :Clicked on the element: toyota_XPATH
2025-03-04 19:00:49,828 - BasePage.py:[33] - [INFO] :click :Clicked on the element: toyota_XPATH
2025-03-04 19:00:49,828 - BasePage.py:[33] - [INFO] :click :Clicked on the element: toyota_XPATH
2025-03-04 19:00:49,828 - BasePage.py:[33] - [INFO] :click :Clicked on the element: toyota_XPATH
2025-03-04 19:00:49,828 - BasePage.py:[33] - [INFO] :click :Clicked on the element: toyota_XPATH
2025-03-04 19:00:49,828 - BasePage.py:[33] - [INFO] :click :Clicked on the element: toyota_XPATH
2025-03-04 19:00:49,828 - BasePage.py:[33] - [INFO] :click :Clicked on the element: toyota_XPATH
2025-03-04 19:00:49,836 - test_carwale.py:[22] - [INFO] :test_selectCars :********* Inside Select Cars ************** 
2025-03-04 19:00:49,836 - test_carwale.py:[22] - [INFO] :test_selectCars :********* Inside Select Cars ************** 
2025-03-04 19:00:49,836 - test_carwale.py:[22] - [INFO] :test_selectCars :********* Inside Select Cars ************** 
2025-03-04 19:00:49,836 - test_carwale.py:[22] - [INFO] :test_selectCars :********* Inside Select Cars ************** 
2025-03-04 19:00:49,836 - test_carwale.py:[22] - [INFO] :test_selectCars :********* Inside Select Cars ************** 
2025-03-04 19:00:49,836 - test_carwale.py:[22] - [INFO] :test_selectCars :********* Inside Select Cars ************** 
2025-03-04 19:01:00,198 - test_carwale.py:[22] - [INFO] :test_selectCars :********* Inside Select Cars ************** 
2025-03-04 19:01:00,198 - test_carwale.py:[22] - [INFO] :test_selectCars :********* Inside Select Cars ************** 
2025-03-04 19:01:00,198 - test_carwale.py:[22] - [INFO] :test_selectCars :********* Inside Select Cars ************** 
2025-03-04 19:01:00,198 - test_carwale.py:[22] - [INFO] :test_selectCars :********* Inside Select Cars ************** 
2025-03-04 19:01:00,198 - test_carwale.py:[22] - [INFO] :test_selectCars :********* Inside Select Cars ************** 
2025-03-04 19:01:00,198 - test_carwale.py:[22] - [INFO] :test_selectCars :********* Inside Select Cars ************** 
2025-03-04 19:01:00,198 - test_carwale.py:[22] - [INFO] :test_selectCars :********* Inside Select Cars ************** 
2025-03-04 19:01:14,586 - test_carwale.py:[22] - [INFO] :test_selectCars :********* Inside Select Cars ************** 
2025-03-04 19:01:14,586 - test_carwale.py:[22] - [INFO] :test_selectCars :********* Inside Select Cars ************** 
2025-03-04 19:01:14,586 - test_carwale.py:[22] - [INFO] :test_selectCars :********* Inside Select Cars ************** 
2025-03-04 19:01:14,586 - test_carwale.py:[22] - [INFO] :test_selectCars :********* Inside Select Cars ************** 
2025-03-04 19:01:14,586 - test_carwale.py:[22] - [INFO] :test_selectCars :********* Inside Select Cars ************** 
2025-03-04 19:01:14,586 - test_carwale.py:[22] - [INFO] :test_selectCars :********* Inside Select Cars ************** 
2025-03-04 19:01:14,586 - test_carwale.py:[22] - [INFO] :test_selectCars :********* Inside Select Cars ************** 
2025-03-04 19:01:14,586 - test_carwale.py:[22] - [INFO] :test_selectCars :********* Inside Select Cars ************** 
2025-03-04 19:02:07,860 - test_carwale.py:[22] - [INFO] :test_selectCars :********* Inside Select Cars ************** 
2025-03-04 19:02:08,704 - BasePage.py:[33] - [INFO] :click :Clicked on the element: findNewCars_XPATH
2025-03-04 19:02:08,963 - BasePage.py:[33] - [INFO] :click :Clicked on the element: toyota_XPATH
2025-03-04 19:02:08,963 - BasePage.py:[33] - [INFO] :click :Clicked on the element: toyota_XPATH
2025-03-04 19:02:08,970 - test_carwale.py:[22] - [INFO] :test_selectCars :********* Inside Select Cars ************** 
2025-03-04 19:02:08,970 - test_carwale.py:[22] - [INFO] :test_selectCars :********* Inside Select Cars ************** 
2025-03-04 19:02:19,276 - test_carwale.py:[22] - [INFO] :test_selectCars :********* Inside Select Cars ************** 
2025-03-04 19:02:19,276 - test_carwale.py:[22] - [INFO] :test_selectCars :********* Inside Select Cars ************** 
2025-03-04 19:02:19,276 - test_carwale.py:[22] - [INFO] :test_selectCars :********* Inside Select Cars ************** 
2025-03-04 19:02:29,585 - test_carwale.py:[22] - [INFO] :test_selectCars :********* Inside Select Cars ************** 
2025-03-04 19:02:29,585 - test_carwale.py:[22] - [INFO] :test_selectCars :********* Inside Select Cars ************** 
2025-03-04 19:02:29,585 - test_carwale.py:[22] - [INFO] :test_selectCars :********* Inside Select Cars ************** 
2025-03-04 19:02:29,585 - test_carwale.py:[22] - [INFO] :test_selectCars :********* Inside Select Cars ************** 
2025-03-04 19:04:46,953 - test_carwale.py:[22] - [INFO] :test_selectCars :********* Inside Select Cars ************** 
2025-03-04 19:04:47,756 - BasePage.py:[33] - [INFO] :click :Clicked on the element: findNewCars_XPATH
2025-03-04 19:04:48,017 - BasePage.py:[33] - [INFO] :click :Clicked on the element: toyota_XPATH
2025-03-04 19:04:48,017 - BasePage.py:[33] - [INFO] :click :Clicked on the element: toyota_XPATH
2025-03-04 19:04:58,978 - test_carwale.py:[22] - [INFO] :test_selectCars :********* Inside Select Cars ************** 
2025-03-04 19:04:58,978 - test_carwale.py:[22] - [INFO] :test_selectCars :********* Inside Select Cars ************** 
2025-03-04 19:04:59,753 - BasePage.py:[33] - [INFO] :click :Clicked on the element: findNewCars_XPATH
2025-03-04 19:04:59,753 - BasePage.py:[33] - [INFO] :click :Clicked on the element: findNewCars_XPATH
2025-03-04 19:04:59,753 - BasePage.py:[33] - [INFO] :click :Clicked on the element: findNewCars_XPATH
2025-03-04 19:05:10,473 - test_carwale.py:[22] - [INFO] :test_selectCars :********* Inside Select Cars ************** 
2025-03-04 19:05:10,473 - test_carwale.py:[22] - [INFO] :test_selectCars :********* Inside Select Cars ************** 
2025-03-04 19:05:10,473 - test_carwale.py:[22] - [INFO] :test_selectCars :********* Inside Select Cars ************** 
2025-03-04 19:05:11,268 - BasePage.py:[33] - [INFO] :click :Clicked on the element: findNewCars_XPATH
2025-03-04 19:05:11,268 - BasePage.py:[33] - [INFO] :click :Clicked on the element: findNewCars_XPATH
2025-03-04 19:05:11,268 - BasePage.py:[33] - [INFO] :click :Clicked on the element: findNewCars_XPATH
2025-03-04 19:05:11,268 - BasePage.py:[33] - [INFO] :click :Clicked on the element: findNewCars_XPATH
2025-03-04 19:05:30,523 - test_carwale.py:[22] - [INFO] :test_selectCars :********* Inside Select Cars ************** 
2025-03-04 19:05:30,523 - test_carwale.py:[22] - [INFO] :test_selectCars :********* Inside Select Cars ************** 
2025-03-04 19:05:30,523 - test_carwale.py:[22] - [INFO] :test_selectCars :********* Inside Select Cars ************** 
2025-03-04 19:05:30,523 - test_carwale.py:[22] - [INFO] :test_selectCars :********* Inside Select Cars ************** 
2025-03-04 19:05:31,318 - BasePage.py:[33] - [INFO] :click :Clicked on the element: findNewCars_XPATH
2025-03-04 19:05:31,318 - BasePage.py:[33] - [INFO] :click :Clicked on the element: findNewCars_XPATH
2025-03-04 19:05:31,318 - BasePage.py:[33] - [INFO] :click :Clicked on the element: findNewCars_XPATH
2025-03-04 19:05:31,318 - BasePage.py:[33] - [INFO] :click :Clicked on the element: findNewCars_XPATH
2025-03-04 19:05:31,318 - BasePage.py:[33] - [INFO] :click :Clicked on the element: findNewCars_XPATH
2025-03-04 19:07:29,043 - test_carwale.py:[22] - [INFO] :test_selectCars :********* Inside Select Cars ************** 
2025-03-04 19:07:29,846 - BasePage.py:[33] - [INFO] :click :Clicked on the element: findNewCars_XPATH
2025-03-04 19:07:30,082 - BasePage.py:[33] - [INFO] :click :Clicked on the element: toyota_XPATH
2025-03-04 19:07:30,082 - BasePage.py:[33] - [INFO] :click :Clicked on the element: toyota_XPATH
2025-03-04 19:07:40,927 - test_carwale.py:[22] - [INFO] :test_selectCars :********* Inside Select Cars ************** 
2025-03-04 19:07:40,927 - test_carwale.py:[22] - [INFO] :test_selectCars :********* Inside Select Cars ************** 
2025-03-04 19:07:41,717 - BasePage.py:[33] - [INFO] :click :Clicked on the element: findNewCars_XPATH
2025-03-04 19:07:41,717 - BasePage.py:[33] - [INFO] :click :Clicked on the element: findNewCars_XPATH
2025-03-04 19:07:41,717 - BasePage.py:[33] - [INFO] :click :Clicked on the element: findNewCars_XPATH
2025-03-04 19:07:41,955 - BasePage.py:[33] - [INFO] :click :Clicked on the element: hyundai_XPATH
2025-03-04 19:07:41,955 - BasePage.py:[33] - [INFO] :click :Clicked on the element: hyundai_XPATH
2025-03-04 19:07:41,955 - BasePage.py:[33] - [INFO] :click :Clicked on the element: hyundai_XPATH
2025-03-04 19:07:41,955 - BasePage.py:[33] - [INFO] :click :Clicked on the element: hyundai_XPATH
2025-03-04 19:07:52,562 - test_carwale.py:[22] - [INFO] :test_selectCars :********* Inside Select Cars ************** 
2025-03-04 19:07:52,562 - test_carwale.py:[22] - [INFO] :test_selectCars :********* Inside Select Cars ************** 
2025-03-04 19:07:52,562 - test_carwale.py:[22] - [INFO] :test_selectCars :********* Inside Select Cars ************** 
2025-03-04 19:07:53,375 - BasePage.py:[33] - [INFO] :click :Clicked on the element: findNewCars_XPATH
2025-03-04 19:07:53,375 - BasePage.py:[33] - [INFO] :click :Clicked on the element: findNewCars_XPATH
2025-03-04 19:07:53,375 - BasePage.py:[33] - [INFO] :click :Clicked on the element: findNewCars_XPATH
2025-03-04 19:07:53,375 - BasePage.py:[33] - [INFO] :click :Clicked on the element: findNewCars_XPATH
2025-03-04 19:07:53,375 - BasePage.py:[33] - [INFO] :click :Clicked on the element: findNewCars_XPATH
2025-03-04 19:07:53,618 - BasePage.py:[33] - [INFO] :click :Clicked on the element: BMW_XPATH
2025-03-04 19:07:53,618 - BasePage.py:[33] - [INFO] :click :Clicked on the element: BMW_XPATH
2025-03-04 19:07:53,618 - BasePage.py:[33] - [INFO] :click :Clicked on the element: BMW_XPATH
2025-03-04 19:07:53,618 - BasePage.py:[33] - [INFO] :click :Clicked on the element: BMW_XPATH
2025-03-04 19:07:53,618 - BasePage.py:[33] - [INFO] :click :Clicked on the element: BMW_XPATH
2025-03-04 19:07:53,618 - BasePage.py:[33] - [INFO] :click :Clicked on the element: BMW_XPATH
2025-03-04 19:08:04,728 - test_carwale.py:[22] - [INFO] :test_selectCars :********* Inside Select Cars ************** 
2025-03-04 19:08:04,728 - test_carwale.py:[22] - [INFO] :test_selectCars :********* Inside Select Cars ************** 
2025-03-04 19:08:04,728 - test_carwale.py:[22] - [INFO] :test_selectCars :********* Inside Select Cars ************** 
2025-03-04 19:08:04,728 - test_carwale.py:[22] - [INFO] :test_selectCars :********* Inside Select Cars ************** 
2025-03-04 19:08:05,508 - BasePage.py:[33] - [INFO] :click :Clicked on the element: findNewCars_XPATH
2025-03-04 19:08:05,508 - BasePage.py:[33] - [INFO] :click :Clicked on the element: findNewCars_XPATH
2025-03-04 19:08:05,508 - BasePage.py:[33] - [INFO] :click :Clicked on the element: findNewCars_XPATH
2025-03-04 19:08:05,508 - BasePage.py:[33] - [INFO] :click :Clicked on the element: findNewCars_XPATH
2025-03-04 19:08:05,508 - BasePage.py:[33] - [INFO] :click :Clicked on the element: findNewCars_XPATH
2025-03-04 19:08:05,508 - BasePage.py:[33] - [INFO] :click :Clicked on the element: findNewCars_XPATH
2025-03-04 19:08:05,508 - BasePage.py:[33] - [INFO] :click :Clicked on the element: findNewCars_XPATH
2025-03-04 19:08:09,814 - BasePage.py:[33] - [INFO] :click :Clicked on the element: Honda_XPATH
2025-03-04 19:08:09,814 - BasePage.py:[33] - [INFO] :click :Clicked on the element: Honda_XPATH
2025-03-04 19:08:09,814 - BasePage.py:[33] - [INFO] :click :Clicked on the element: Honda_XPATH
2025-03-04 19:08:09,814 - BasePage.py:[33] - [INFO] :click :Clicked on the element: Honda_XPATH
2025-03-04 19:08:09,814 - BasePage.py:[33] - [INFO] :click :Clicked on the element: Honda_XPATH
2025-03-04 19:08:09,814 - BasePage.py:[33] - [INFO] :click :Clicked on the element: Honda_XPATH
2025-03-04 19:08:09,814 - BasePage.py:[33] - [INFO] :click :Clicked on the element: Honda_XPATH
2025-03-04 19:08:09,814 - BasePage.py:[33] - [INFO] :click :Clicked on the element: Honda_XPATH
2025-03-04 19:08:30,885 - test_carwale.py:[22] - [INFO] :test_selectCars :********* Inside Select Cars ************** 
2025-03-04 19:08:31,311 - BasePage.py:[33] - [INFO] :click :Clicked on the element: findNewCars_XPATH
2025-03-04 19:08:31,619 - BasePage.py:[33] - [INFO] :click :Clicked on the element: toyota_XPATH
2025-03-04 19:08:31,619 - BasePage.py:[33] - [INFO] :click :Clicked on the element: toyota_XPATH
2025-03-04 19:08:36,946 - test_carwale.py:[22] - [INFO] :test_selectCars :********* Inside Select Cars ************** 
2025-03-04 19:08:36,946 - test_carwale.py:[22] - [INFO] :test_selectCars :********* Inside Select Cars ************** 
2025-03-04 19:08:37,365 - BasePage.py:[33] - [INFO] :click :Clicked on the element: findNewCars_XPATH
2025-03-04 19:08:37,365 - BasePage.py:[33] - [INFO] :click :Clicked on the element: findNewCars_XPATH
2025-03-04 19:08:37,365 - BasePage.py:[33] - [INFO] :click :Clicked on the element: findNewCars_XPATH
2025-03-04 19:08:37,616 - BasePage.py:[33] - [INFO] :click :Clicked on the element: hyundai_XPATH
2025-03-04 19:08:37,616 - BasePage.py:[33] - [INFO] :click :Clicked on the element: hyundai_XPATH
2025-03-04 19:08:37,616 - BasePage.py:[33] - [INFO] :click :Clicked on the element: hyundai_XPATH
2025-03-04 19:08:37,616 - BasePage.py:[33] - [INFO] :click :Clicked on the element: hyundai_XPATH
2025-03-04 19:08:42,926 - test_carwale.py:[22] - [INFO] :test_selectCars :********* Inside Select Cars ************** 
2025-03-04 19:08:42,926 - test_carwale.py:[22] - [INFO] :test_selectCars :********* Inside Select Cars ************** 
2025-03-04 19:08:42,926 - test_carwale.py:[22] - [INFO] :test_selectCars :********* Inside Select Cars ************** 
2025-03-04 19:08:43,384 - BasePage.py:[33] - [INFO] :click :Clicked on the element: findNewCars_XPATH
2025-03-04 19:08:43,384 - BasePage.py:[33] - [INFO] :click :Clicked on the element: findNewCars_XPATH
2025-03-04 19:08:43,384 - BasePage.py:[33] - [INFO] :click :Clicked on the element: findNewCars_XPATH
2025-03-04 19:08:43,384 - BasePage.py:[33] - [INFO] :click :Clicked on the element: findNewCars_XPATH
2025-03-04 19:08:43,384 - BasePage.py:[33] - [INFO] :click :Clicked on the element: findNewCars_XPATH
2025-03-04 19:08:47,645 - BasePage.py:[33] - [INFO] :click :Clicked on the element: BMW_XPATH
2025-03-04 19:08:47,645 - BasePage.py:[33] - [INFO] :click :Clicked on the element: BMW_XPATH
2025-03-04 19:08:47,645 - BasePage.py:[33] - [INFO] :click :Clicked on the element: BMW_XPATH
2025-03-04 19:08:47,645 - BasePage.py:[33] - [INFO] :click :Clicked on the element: BMW_XPATH
2025-03-04 19:08:47,645 - BasePage.py:[33] - [INFO] :click :Clicked on the element: BMW_XPATH
2025-03-04 19:08:47,645 - BasePage.py:[33] - [INFO] :click :Clicked on the element: BMW_XPATH
2025-03-04 19:08:53,111 - test_carwale.py:[22] - [INFO] :test_selectCars :********* Inside Select Cars ************** 
2025-03-04 19:08:53,111 - test_carwale.py:[22] - [INFO] :test_selectCars :********* Inside Select Cars ************** 
2025-03-04 19:08:53,111 - test_carwale.py:[22] - [INFO] :test_selectCars :********* Inside Select Cars ************** 
2025-03-04 19:08:53,111 - test_carwale.py:[22] - [INFO] :test_selectCars :********* Inside Select Cars ************** 
2025-03-04 19:08:53,521 - BasePage.py:[33] - [INFO] :click :Clicked on the element: findNewCars_XPATH
2025-03-04 19:08:53,521 - BasePage.py:[33] - [INFO] :click :Clicked on the element: findNewCars_XPATH
2025-03-04 19:08:53,521 - BasePage.py:[33] - [INFO] :click :Clicked on the element: findNewCars_XPATH
2025-03-04 19:08:53,521 - BasePage.py:[33] - [INFO] :click :Clicked on the element: findNewCars_XPATH
2025-03-04 19:08:53,521 - BasePage.py:[33] - [INFO] :click :Clicked on the element: findNewCars_XPATH
2025-03-04 19:08:53,521 - BasePage.py:[33] - [INFO] :click :Clicked on the element: findNewCars_XPATH
2025-03-04 19:08:53,521 - BasePage.py:[33] - [INFO] :click :Clicked on the element: findNewCars_XPATH
2025-03-04 19:08:53,770 - BasePage.py:[33] - [INFO] :click :Clicked on the element: Honda_XPATH
2025-03-04 19:08:53,770 - BasePage.py:[33] - [INFO] :click :Clicked on the element: Honda_XPATH
2025-03-04 19:08:53,770 - BasePage.py:[33] - [INFO] :click :Clicked on the element: Honda_XPATH
2025-03-04 19:08:53,770 - BasePage.py:[33] - [INFO] :click :Clicked on the element: Honda_XPATH
2025-03-04 19:08:53,770 - BasePage.py:[33] - [INFO] :click :Clicked on the element: Honda_XPATH
2025-03-04 19:08:53,770 - BasePage.py:[33] - [INFO] :click :Clicked on the element: Honda_XPATH
2025-03-04 19:08:53,770 - BasePage.py:[33] - [INFO] :click :Clicked on the element: Honda_XPATH
2025-03-04 19:08:53,770 - BasePage.py:[33] - [INFO] :click :Clicked on the element: Honda_XPATH
2025-03-04 19:09:04,362 - test_carwale.py:[22] - [INFO] :test_selectCars :********* Inside Select Cars ************** 
2025-03-04 19:09:04,362 - test_carwale.py:[22] - [INFO] :test_selectCars :********* Inside Select Cars ************** 
2025-03-04 19:09:04,362 - test_carwale.py:[22] - [INFO] :test_selectCars :********* Inside Select Cars ************** 
2025-03-04 19:09:04,362 - test_carwale.py:[22] - [INFO] :test_selectCars :********* Inside Select Cars ************** 
2025-03-04 19:09:04,362 - test_carwale.py:[22] - [INFO] :test_selectCars :********* Inside Select Cars ************** 
2025-03-04 19:09:05,156 - BasePage.py:[33] - [INFO] :click :Clicked on the element: findNewCars_XPATH
2025-03-04 19:09:05,156 - BasePage.py:[33] - [INFO] :click :Clicked on the element: findNewCars_XPATH
2025-03-04 19:09:05,156 - BasePage.py:[33] - [INFO] :click :Clicked on the element: findNewCars_XPATH
2025-03-04 19:09:05,156 - BasePage.py:[33] - [INFO] :click :Clicked on the element: findNewCars_XPATH
2025-03-04 19:09:05,156 - BasePage.py:[33] - [INFO] :click :Clicked on the element: findNewCars_XPATH
2025-03-04 19:09:05,156 - BasePage.py:[33] - [INFO] :click :Clicked on the element: findNewCars_XPATH
2025-03-04 19:09:05,156 - BasePage.py:[33] - [INFO] :click :Clicked on the element: findNewCars_XPATH
2025-03-04 19:09:05,156 - BasePage.py:[33] - [INFO] :click :Clicked on the element: findNewCars_XPATH
2025-03-04 19:09:05,156 - BasePage.py:[33] - [INFO] :click :Clicked on the element: findNewCars_XPATH
2025-03-04 19:09:09,454 - BasePage.py:[33] - [INFO] :click :Clicked on the element: toyota_XPATH
2025-03-04 19:09:09,454 - BasePage.py:[33] - [INFO] :click :Clicked on the element: toyota_XPATH
2025-03-04 19:09:09,454 - BasePage.py:[33] - [INFO] :click :Clicked on the element: toyota_XPATH
2025-03-04 19:09:09,454 - BasePage.py:[33] - [INFO] :click :Clicked on the element: toyota_XPATH
2025-03-04 19:09:09,454 - BasePage.py:[33] - [INFO] :click :Clicked on the element: toyota_XPATH
2025-03-04 19:09:09,454 - BasePage.py:[33] - [INFO] :click :Clicked on the element: toyota_XPATH
2025-03-04 19:09:09,454 - BasePage.py:[33] - [INFO] :click :Clicked on the element: toyota_XPATH
2025-03-04 19:09:09,454 - BasePage.py:[33] - [INFO] :click :Clicked on the element: toyota_XPATH
2025-03-04 19:09:09,454 - BasePage.py:[33] - [INFO] :click :Clicked on the element: toyota_XPATH
2025-03-04 19:09:09,454 - BasePage.py:[33] - [INFO] :click :Clicked on the element: toyota_XPATH
2025-03-04 19:09:20,122 - test_carwale.py:[22] - [INFO] :test_selectCars :********* Inside Select Cars ************** 
2025-03-04 19:09:20,122 - test_carwale.py:[22] - [INFO] :test_selectCars :********* Inside Select Cars ************** 
2025-03-04 19:09:20,122 - test_carwale.py:[22] - [INFO] :test_selectCars :********* Inside Select Cars ************** 
2025-03-04 19:09:20,122 - test_carwale.py:[22] - [INFO] :test_selectCars :********* Inside Select Cars ************** 
2025-03-04 19:09:20,122 - test_carwale.py:[22] - [INFO] :test_selectCars :********* Inside Select Cars ************** 
2025-03-04 19:09:20,122 - test_carwale.py:[22] - [INFO] :test_selectCars :********* Inside Select Cars ************** 
2025-03-04 19:09:20,897 - BasePage.py:[33] - [INFO] :click :Clicked on the element: findNewCars_XPATH
2025-03-04 19:09:20,897 - BasePage.py:[33] - [INFO] :click :Clicked on the element: findNewCars_XPATH
2025-03-04 19:09:20,897 - BasePage.py:[33] - [INFO] :click :Clicked on the element: findNewCars_XPATH
2025-03-04 19:09:20,897 - BasePage.py:[33] - [INFO] :click :Clicked on the element: findNewCars_XPATH
2025-03-04 19:09:20,897 - BasePage.py:[33] - [INFO] :click :Clicked on the element: findNewCars_XPATH
2025-03-04 19:09:20,897 - BasePage.py:[33] - [INFO] :click :Clicked on the element: findNewCars_XPATH
2025-03-04 19:09:20,897 - BasePage.py:[33] - [INFO] :click :Clicked on the element: findNewCars_XPATH
2025-03-04 19:09:20,897 - BasePage.py:[33] - [INFO] :click :Clicked on the element: findNewCars_XPATH
2025-03-04 19:09:20,897 - BasePage.py:[33] - [INFO] :click :Clicked on the element: findNewCars_XPATH
2025-03-04 19:09:20,897 - BasePage.py:[33] - [INFO] :click :Clicked on the element: findNewCars_XPATH
2025-03-04 19:09:20,897 - BasePage.py:[33] - [INFO] :click :Clicked on the element: findNewCars_XPATH
2025-03-04 19:09:21,147 - BasePage.py:[33] - [INFO] :click :Clicked on the element: hyundai_XPATH
2025-03-04 19:09:21,147 - BasePage.py:[33] - [INFO] :click :Clicked on the element: hyundai_XPATH
2025-03-04 19:09:21,147 - BasePage.py:[33] - [INFO] :click :Clicked on the element: hyundai_XPATH
2025-03-04 19:09:21,147 - BasePage.py:[33] - [INFO] :click :Clicked on the element: hyundai_XPATH
2025-03-04 19:09:21,147 - BasePage.py:[33] - [INFO] :click :Clicked on the element: hyundai_XPATH
2025-03-04 19:09:21,147 - BasePage.py:[33] - [INFO] :click :Clicked on the element: hyundai_XPATH
2025-03-04 19:09:21,147 - BasePage.py:[33] - [INFO] :click :Clicked on the element: hyundai_XPATH
2025-03-04 19:09:21,147 - BasePage.py:[33] - [INFO] :click :Clicked on the element: hyundai_XPATH
2025-03-04 19:09:21,147 - BasePage.py:[33] - [INFO] :click :Clicked on the element: hyundai_XPATH
2025-03-04 19:09:21,147 - BasePage.py:[33] - [INFO] :click :Clicked on the element: hyundai_XPATH
2025-03-04 19:09:21,147 - BasePage.py:[33] - [INFO] :click :Clicked on the element: hyundai_XPATH
2025-03-04 19:09:21,147 - BasePage.py:[33] - [INFO] :click :Clicked on the element: hyundai_XPATH
2025-03-04 19:09:31,853 - test_carwale.py:[22] - [INFO] :test_selectCars :********* Inside Select Cars ************** 
2025-03-04 19:09:31,853 - test_carwale.py:[22] - [INFO] :test_selectCars :********* Inside Select Cars ************** 
2025-03-04 19:09:31,853 - test_carwale.py:[22] - [INFO] :test_selectCars :********* Inside Select Cars ************** 
2025-03-04 19:09:31,853 - test_carwale.py:[22] - [INFO] :test_selectCars :********* Inside Select Cars ************** 
2025-03-04 19:09:31,853 - test_carwale.py:[22] - [INFO] :test_selectCars :********* Inside Select Cars ************** 
2025-03-04 19:09:31,853 - test_carwale.py:[22] - [INFO] :test_selectCars :********* Inside Select Cars ************** 
2025-03-04 19:09:31,853 - test_carwale.py:[22] - [INFO] :test_selectCars :********* Inside Select Cars ************** 
2025-03-04 19:09:32,659 - BasePage.py:[33] - [INFO] :click :Clicked on the element: findNewCars_XPATH
2025-03-04 19:09:32,659 - BasePage.py:[33] - [INFO] :click :Clicked on the element: findNewCars_XPATH
2025-03-04 19:09:32,659 - BasePage.py:[33] - [INFO] :click :Clicked on the element: findNewCars_XPATH
2025-03-04 19:09:32,659 - BasePage.py:[33] - [INFO] :click :Clicked on the element: findNewCars_XPATH
2025-03-04 19:09:32,659 - BasePage.py:[33] - [INFO] :click :Clicked on the element: findNewCars_XPATH
2025-03-04 19:09:32,659 - BasePage.py:[33] - [INFO] :click :Clicked on the element: findNewCars_XPATH
2025-03-04 19:09:32,659 - BasePage.py:[33] - [INFO] :click :Clicked on the element: findNewCars_XPATH
2025-03-04 19:09:32,659 - BasePage.py:[33] - [INFO] :click :Clicked on the element: findNewCars_XPATH
2025-03-04 19:09:32,659 - BasePage.py:[33] - [INFO] :click :Clicked on the element: findNewCars_XPATH
2025-03-04 19:09:32,659 - BasePage.py:[33] - [INFO] :click :Clicked on the element: findNewCars_XPATH
2025-03-04 19:09:32,659 - BasePage.py:[33] - [INFO] :click :Clicked on the element: findNewCars_XPATH
2025-03-04 19:09:32,659 - BasePage.py:[33] - [INFO] :click :Clicked on the element: findNewCars_XPATH
2025-03-04 19:09:32,659 - BasePage.py:[33] - [INFO] :click :Clicked on the element: findNewCars_XPATH
2025-03-04 19:09:36,996 - BasePage.py:[33] - [INFO] :click :Clicked on the element: BMW_XPATH
2025-03-04 19:09:36,996 - BasePage.py:[33] - [INFO] :click :Clicked on the element: BMW_XPATH
2025-03-04 19:09:36,996 - BasePage.py:[33] - [INFO] :click :Clicked on the element: BMW_XPATH
2025-03-04 19:09:36,996 - BasePage.py:[33] - [INFO] :click :Clicked on the element: BMW_XPATH
2025-03-04 19:09:36,996 - BasePage.py:[33] - [INFO] :click :Clicked on the element: BMW_XPATH
2025-03-04 19:09:36,996 - BasePage.py:[33] - [INFO] :click :Clicked on the element: BMW_XPATH
2025-03-04 19:09:36,996 - BasePage.py:[33] - [INFO] :click :Clicked on the element: BMW_XPATH
2025-03-04 19:09:36,996 - BasePage.py:[33] - [INFO] :click :Clicked on the element: BMW_XPATH
2025-03-04 19:09:36,996 - BasePage.py:[33] - [INFO] :click :Clicked on the element: BMW_XPATH
2025-03-04 19:09:36,996 - BasePage.py:[33] - [INFO] :click :Clicked on the element: BMW_XPATH
2025-03-04 19:09:36,996 - BasePage.py:[33] - [INFO] :click :Clicked on the element: BMW_XPATH
2025-03-04 19:09:36,996 - BasePage.py:[33] - [INFO] :click :Clicked on the element: BMW_XPATH
2025-03-04 19:09:36,996 - BasePage.py:[33] - [INFO] :click :Clicked on the element: BMW_XPATH
2025-03-04 19:09:36,996 - BasePage.py:[33] - [INFO] :click :Clicked on the element: BMW_XPATH
2025-03-04 19:09:48,443 - test_carwale.py:[22] - [INFO] :test_selectCars :********* Inside Select Cars ************** 
2025-03-04 19:09:48,443 - test_carwale.py:[22] - [INFO] :test_selectCars :********* Inside Select Cars ************** 
2025-03-04 19:09:48,443 - test_carwale.py:[22] - [INFO] :test_selectCars :********* Inside Select Cars ************** 
2025-03-04 19:09:48,443 - test_carwale.py:[22] - [INFO] :test_selectCars :********* Inside Select Cars ************** 
2025-03-04 19:09:48,443 - test_carwale.py:[22] - [INFO] :test_selectCars :********* Inside Select Cars ************** 
2025-03-04 19:09:48,443 - test_carwale.py:[22] - [INFO] :test_selectCars :********* Inside Select Cars ************** 
2025-03-04 19:09:48,443 - test_carwale.py:[22] - [INFO] :test_selectCars :********* Inside Select Cars ************** 
2025-03-04 19:09:48,443 - test_carwale.py:[22] - [INFO] :test_selectCars :********* Inside Select Cars ************** 
2025-03-04 19:09:49,232 - BasePage.py:[33] - [INFO] :click :Clicked on the element: findNewCars_XPATH
2025-03-04 19:09:49,232 - BasePage.py:[33] - [INFO] :click :Clicked on the element: findNewCars_XPATH
2025-03-04 19:09:49,232 - BasePage.py:[33] - [INFO] :click :Clicked on the element: findNewCars_XPATH
2025-03-04 19:09:49,232 - BasePage.py:[33] - [INFO] :click :Clicked on the element: findNewCars_XPATH
2025-03-04 19:09:49,232 - BasePage.py:[33] - [INFO] :click :Clicked on the element: findNewCars_XPATH
2025-03-04 19:09:49,232 - BasePage.py:[33] - [INFO] :click :Clicked on the element: findNewCars_XPATH
2025-03-04 19:09:49,232 - BasePage.py:[33] - [INFO] :click :Clicked on the element: findNewCars_XPATH
2025-03-04 19:09:49,232 - BasePage.py:[33] - [INFO] :click :Clicked on the element: findNewCars_XPATH
2025-03-04 19:09:49,232 - BasePage.py:[33] - [INFO] :click :Clicked on the element: findNewCars_XPATH
2025-03-04 19:09:49,232 - BasePage.py:[33] - [INFO] :click :Clicked on the element: findNewCars_XPATH
2025-03-04 19:09:49,232 - BasePage.py:[33] - [INFO] :click :Clicked on the element: findNewCars_XPATH
2025-03-04 19:09:49,232 - BasePage.py:[33] - [INFO] :click :Clicked on the element: findNewCars_XPATH
2025-03-04 19:09:49,232 - BasePage.py:[33] - [INFO] :click :Clicked on the element: findNewCars_XPATH
2025-03-04 19:09:49,232 - BasePage.py:[33] - [INFO] :click :Clicked on the element: findNewCars_XPATH
2025-03-04 19:09:49,232 - BasePage.py:[33] - [INFO] :click :Clicked on the element: findNewCars_XPATH
2025-03-04 19:09:49,515 - BasePage.py:[33] - [INFO] :click :Clicked on the element: Honda_XPATH
2025-03-04 19:09:49,515 - BasePage.py:[33] - [INFO] :click :Clicked on the element: Honda_XPATH
2025-03-04 19:09:49,515 - BasePage.py:[33] - [INFO] :click :Clicked on the element: Honda_XPATH
2025-03-04 19:09:49,515 - BasePage.py:[33] - [INFO] :click :Clicked on the element: Honda_XPATH
2025-03-04 19:09:49,515 - BasePage.py:[33] - [INFO] :click :Clicked on the element: Honda_XPATH
2025-03-04 19:09:49,515 - BasePage.py:[33] - [INFO] :click :Clicked on the element: Honda_XPATH
2025-03-04 19:09:49,515 - BasePage.py:[33] - [INFO] :click :Clicked on the element: Honda_XPATH
2025-03-04 19:09:49,515 - BasePage.py:[33] - [INFO] :click :Clicked on the element: Honda_XPATH
2025-03-04 19:09:49,515 - BasePage.py:[33] - [INFO] :click :Clicked on the element: Honda_XPATH
2025-03-04 19:09:49,515 - BasePage.py:[33] - [INFO] :click :Clicked on the element: Honda_XPATH
2025-03-04 19:09:49,515 - BasePage.py:[33] - [INFO] :click :Clicked on the element: Honda_XPATH
2025-03-04 19:09:49,515 - BasePage.py:[33] - [INFO] :click :Clicked on the element: Honda_XPATH
2025-03-04 19:09:49,515 - BasePage.py:[33] - [INFO] :click :Clicked on the element: Honda_XPATH
2025-03-04 19:09:49,515 - BasePage.py:[33] - [INFO] :click :Clicked on the element: Honda_XPATH
2025-03-04 19:09:49,515 - BasePage.py:[33] - [INFO] :click :Clicked on the element: Honda_XPATH
2025-03-04 19:09:49,515 - BasePage.py:[33] - [INFO] :click :Clicked on the element: Honda_XPATH
2025-03-04 19:26:03,208 - test_carwale.py:[24] - [INFO] :test_selectCars :********* Inside Select Cars ************** 
2025-03-04 19:26:03,693 - BasePage.py:[33] - [INFO] :click :Clicked on the element: findNewCars_XPATH
2025-03-04 19:26:03,925 - BasePage.py:[33] - [INFO] :click :Clicked on the element: toyota_XPATH
2025-03-04 19:26:03,925 - BasePage.py:[33] - [INFO] :click :Clicked on the element: toyota_XPATH
2025-03-04 19:26:09,844 - test_carwale.py:[24] - [INFO] :test_selectCars :********* Inside Select Cars ************** 
2025-03-04 19:26:09,844 - test_carwale.py:[24] - [INFO] :test_selectCars :********* Inside Select Cars ************** 
2025-03-04 19:26:10,256 - BasePage.py:[33] - [INFO] :click :Clicked on the element: findNewCars_XPATH
2025-03-04 19:26:10,256 - BasePage.py:[33] - [INFO] :click :Clicked on the element: findNewCars_XPATH
2025-03-04 19:26:10,256 - BasePage.py:[33] - [INFO] :click :Clicked on the element: findNewCars_XPATH
2025-03-04 19:26:10,479 - BasePage.py:[33] - [INFO] :click :Clicked on the element: hyundai_XPATH
2025-03-04 19:26:10,479 - BasePage.py:[33] - [INFO] :click :Clicked on the element: hyundai_XPATH
2025-03-04 19:26:10,479 - BasePage.py:[33] - [INFO] :click :Clicked on the element: hyundai_XPATH
2025-03-04 19:26:10,479 - BasePage.py:[33] - [INFO] :click :Clicked on the element: hyundai_XPATH
2025-03-04 19:26:20,351 - test_carwale.py:[24] - [INFO] :test_selectCars :********* Inside Select Cars ************** 
2025-03-04 19:26:20,351 - test_carwale.py:[24] - [INFO] :test_selectCars :********* Inside Select Cars ************** 
2025-03-04 19:26:20,351 - test_carwale.py:[24] - [INFO] :test_selectCars :********* Inside Select Cars ************** 
2025-03-04 19:26:20,782 - BasePage.py:[33] - [INFO] :click :Clicked on the element: findNewCars_XPATH
2025-03-04 19:26:20,782 - BasePage.py:[33] - [INFO] :click :Clicked on the element: findNewCars_XPATH
2025-03-04 19:26:20,782 - BasePage.py:[33] - [INFO] :click :Clicked on the element: findNewCars_XPATH
2025-03-04 19:26:20,782 - BasePage.py:[33] - [INFO] :click :Clicked on the element: findNewCars_XPATH
2025-03-04 19:26:20,782 - BasePage.py:[33] - [INFO] :click :Clicked on the element: findNewCars_XPATH
2025-03-04 19:26:21,043 - BasePage.py:[33] - [INFO] :click :Clicked on the element: BMW_XPATH
2025-03-04 19:26:21,043 - BasePage.py:[33] - [INFO] :click :Clicked on the element: BMW_XPATH
2025-03-04 19:26:21,043 - BasePage.py:[33] - [INFO] :click :Clicked on the element: BMW_XPATH
2025-03-04 19:26:21,043 - BasePage.py:[33] - [INFO] :click :Clicked on the element: BMW_XPATH
2025-03-04 19:26:21,043 - BasePage.py:[33] - [INFO] :click :Clicked on the element: BMW_XPATH
2025-03-04 19:26:21,043 - BasePage.py:[33] - [INFO] :click :Clicked on the element: BMW_XPATH
2025-03-04 19:26:26,703 - test_carwale.py:[24] - [INFO] :test_selectCars :********* Inside Select Cars ************** 
2025-03-04 19:26:26,703 - test_carwale.py:[24] - [INFO] :test_selectCars :********* Inside Select Cars ************** 
2025-03-04 19:26:26,703 - test_carwale.py:[24] - [INFO] :test_selectCars :********* Inside Select Cars ************** 
2025-03-04 19:26:26,703 - test_carwale.py:[24] - [INFO] :test_selectCars :********* Inside Select Cars ************** 
2025-03-04 19:26:27,116 - BasePage.py:[33] - [INFO] :click :Clicked on the element: findNewCars_XPATH
2025-03-04 19:26:27,116 - BasePage.py:[33] - [INFO] :click :Clicked on the element: findNewCars_XPATH
2025-03-04 19:26:27,116 - BasePage.py:[33] - [INFO] :click :Clicked on the element: findNewCars_XPATH
2025-03-04 19:26:27,116 - BasePage.py:[33] - [INFO] :click :Clicked on the element: findNewCars_XPATH
2025-03-04 19:26:27,116 - BasePage.py:[33] - [INFO] :click :Clicked on the element: findNewCars_XPATH
2025-03-04 19:26:27,116 - BasePage.py:[33] - [INFO] :click :Clicked on the element: findNewCars_XPATH
2025-03-04 19:26:27,116 - BasePage.py:[33] - [INFO] :click :Clicked on the element: findNewCars_XPATH
2025-03-04 19:26:27,349 - BasePage.py:[33] - [INFO] :click :Clicked on the element: Honda_XPATH
2025-03-04 19:26:27,349 - BasePage.py:[33] - [INFO] :click :Clicked on the element: Honda_XPATH
2025-03-04 19:26:27,349 - BasePage.py:[33] - [INFO] :click :Clicked on the element: Honda_XPATH
2025-03-04 19:26:27,349 - BasePage.py:[33] - [INFO] :click :Clicked on the element: Honda_XPATH
2025-03-04 19:26:27,349 - BasePage.py:[33] - [INFO] :click :Clicked on the element: Honda_XPATH
2025-03-04 19:26:27,349 - BasePage.py:[33] - [INFO] :click :Clicked on the element: Honda_XPATH
2025-03-04 19:26:27,349 - BasePage.py:[33] - [INFO] :click :Clicked on the element: Honda_XPATH
2025-03-04 19:26:27,349 - BasePage.py:[33] - [INFO] :click :Clicked on the element: Honda_XPATH
2025-03-05 11:29:07,500 - test_carwale.py:[24] - [INFO] :test_selectCars :********* Inside Select Cars ************** 
2025-03-05 11:29:07,500 - test_carwale.py:[24] - [INFO] :test_selectCars :********* Inside Select Cars ************** 
2025-03-05 11:29:07,500 - test_carwale.py:[24] - [INFO] :test_selectCars :********* Inside Select Cars ************** 
2025-03-05 11:29:07,500 - test_carwale.py:[24] - [INFO] :test_selectCars :********* Inside Select Cars ************** 
2025-03-05 11:29:08,414 - BasePage.py:[33] - [INFO] :click :Clicked on the element: findNewCars_XPATH
2025-03-05 11:29:08,414 - BasePage.py:[33] - [INFO] :click :Clicked on the element: findNewCars_XPATH
2025-03-05 11:29:08,414 - BasePage.py:[33] - [INFO] :click :Clicked on the element: findNewCars_XPATH
2025-03-05 11:29:08,414 - BasePage.py:[33] - [INFO] :click :Clicked on the element: findNewCars_XPATH
2025-03-05 11:29:08,414 - BasePage.py:[33] - [INFO] :click :Clicked on the element: findNewCars_XPATH
2025-03-05 11:29:08,414 - BasePage.py:[33] - [INFO] :click :Clicked on the element: findNewCars_XPATH
2025-03-05 11:29:08,414 - BasePage.py:[33] - [INFO] :click :Clicked on the element: findNewCars_XPATH
2025-03-05 11:29:08,414 - BasePage.py:[33] - [INFO] :click :Clicked on the element: findNewCars_XPATH
2025-03-05 11:29:08,698 - BasePage.py:[33] - [INFO] :click :Clicked on the element: hyundai_XPATH
2025-03-05 11:29:08,698 - BasePage.py:[33] - [INFO] :click :Clicked on the element: hyundai_XPATH
2025-03-05 11:29:08,698 - BasePage.py:[33] - [INFO] :click :Clicked on the element: hyundai_XPATH
2025-03-05 11:29:08,698 - BasePage.py:[33] - [INFO] :click :Clicked on the element: hyundai_XPATH
2025-03-05 11:29:08,698 - BasePage.py:[33] - [INFO] :click :Clicked on the element: hyundai_XPATH
2025-03-05 11:29:08,698 - BasePage.py:[33] - [INFO] :click :Clicked on the element: hyundai_XPATH
2025-03-05 11:29:08,698 - BasePage.py:[33] - [INFO] :click :Clicked on the element: hyundai_XPATH
2025-03-05 11:29:08,698 - BasePage.py:[33] - [INFO] :click :Clicked on the element: hyundai_XPATH
2025-03-05 11:29:35,138 - test_carwale.py:[24] - [INFO] :test_selectCars :********* Inside Select Cars ************** 
2025-03-05 11:29:35,138 - test_carwale.py:[24] - [INFO] :test_selectCars :********* Inside Select Cars ************** 
2025-03-05 11:29:35,138 - test_carwale.py:[24] - [INFO] :test_selectCars :********* Inside Select Cars ************** 
2025-03-05 11:29:35,138 - test_carwale.py:[24] - [INFO] :test_selectCars :********* Inside Select Cars ************** 
2025-03-05 11:29:35,975 - BasePage.py:[33] - [INFO] :click :Clicked on the element: findNewCars_XPATH
2025-03-05 11:29:35,975 - BasePage.py:[33] - [INFO] :click :Clicked on the element: findNewCars_XPATH
2025-03-05 11:29:35,975 - BasePage.py:[33] - [INFO] :click :Clicked on the element: findNewCars_XPATH
2025-03-05 11:29:35,975 - BasePage.py:[33] - [INFO] :click :Clicked on the element: findNewCars_XPATH
2025-03-05 11:29:35,975 - BasePage.py:[33] - [INFO] :click :Clicked on the element: findNewCars_XPATH
2025-03-05 11:29:35,975 - BasePage.py:[33] - [INFO] :click :Clicked on the element: findNewCars_XPATH
2025-03-05 11:29:35,975 - BasePage.py:[33] - [INFO] :click :Clicked on the element: findNewCars_XPATH
2025-03-05 11:29:35,975 - BasePage.py:[33] - [INFO] :click :Clicked on the element: findNewCars_XPATH
2025-03-05 11:29:36,254 - BasePage.py:[33] - [INFO] :click :Clicked on the element: BMW_XPATH
2025-03-05 11:29:36,254 - BasePage.py:[33] - [INFO] :click :Clicked on the element: BMW_XPATH
2025-03-05 11:29:36,254 - BasePage.py:[33] - [INFO] :click :Clicked on the element: BMW_XPATH
2025-03-05 11:29:36,254 - BasePage.py:[33] - [INFO] :click :Clicked on the element: BMW_XPATH
2025-03-05 11:29:36,254 - BasePage.py:[33] - [INFO] :click :Clicked on the element: BMW_XPATH
2025-03-05 11:29:36,254 - BasePage.py:[33] - [INFO] :click :Clicked on the element: BMW_XPATH
2025-03-05 11:29:36,254 - BasePage.py:[33] - [INFO] :click :Clicked on the element: BMW_XPATH
2025-03-05 11:29:36,254 - BasePage.py:[33] - [INFO] :click :Clicked on the element: BMW_XPATH
2025-03-05 11:29:58,480 - test_carwale.py:[24] - [INFO] :test_selectCars :********* Inside Select Cars ************** 
2025-03-05 11:29:58,480 - test_carwale.py:[24] - [INFO] :test_selectCars :********* Inside Select Cars ************** 
2025-03-05 11:29:58,480 - test_carwale.py:[24] - [INFO] :test_selectCars :********* Inside Select Cars ************** 
2025-03-05 11:29:58,480 - test_carwale.py:[24] - [INFO] :test_selectCars :********* Inside Select Cars ************** 
2025-03-05 11:29:59,532 - BasePage.py:[33] - [INFO] :click :Clicked on the element: findNewCars_XPATH
2025-03-05 11:29:59,532 - BasePage.py:[33] - [INFO] :click :Clicked on the element: findNewCars_XPATH
2025-03-05 11:29:59,532 - BasePage.py:[33] - [INFO] :click :Clicked on the element: findNewCars_XPATH
2025-03-05 11:29:59,532 - BasePage.py:[33] - [INFO] :click :Clicked on the element: findNewCars_XPATH
2025-03-05 11:29:59,532 - BasePage.py:[33] - [INFO] :click :Clicked on the element: findNewCars_XPATH
2025-03-05 11:29:59,532 - BasePage.py:[33] - [INFO] :click :Clicked on the element: findNewCars_XPATH
2025-03-05 11:29:59,532 - BasePage.py:[33] - [INFO] :click :Clicked on the element: findNewCars_XPATH
2025-03-05 11:29:59,532 - BasePage.py:[33] - [INFO] :click :Clicked on the element: findNewCars_XPATH
2025-03-05 11:30:00,065 - BasePage.py:[33] - [INFO] :click :Clicked on the element: Honda_XPATH
2025-03-05 11:30:00,065 - BasePage.py:[33] - [INFO] :click :Clicked on the element: Honda_XPATH
2025-03-05 11:30:00,065 - BasePage.py:[33] - [INFO] :click :Clicked on the element: Honda_XPATH
2025-03-05 11:30:00,065 - BasePage.py:[33] - [INFO] :click :Clicked on the element: Honda_XPATH
2025-03-05 11:30:00,065 - BasePage.py:[33] - [INFO] :click :Clicked on the element: Honda_XPATH
2025-03-05 11:30:00,065 - BasePage.py:[33] - [INFO] :click :Clicked on the element: Honda_XPATH
2025-03-05 11:30:00,065 - BasePage.py:[33] - [INFO] :click :Clicked on the element: Honda_XPATH
2025-03-05 11:30:00,065 - BasePage.py:[33] - [INFO] :click :Clicked on the element: Honda_XPATH
