2025-03-05 12:12:53,566 - test_carwale.py:[24] - [INFO] :test_selectCars :********* Inside Select Cars ************** 
2025-03-05 12:12:54,071 - BasePage.py:[33] - [INFO] :click :Clicked on the element: findNewCars_XPATH
2025-03-05 12:12:54,310 - BasePage.py:[33] - [INFO] :click :Clicked on the element: toyota_XPATH
2025-03-05 12:12:54,310 - BasePage.py:[33] - [INFO] :click :Clicked on the element: toyota_XPATH
2025-03-05 12:13:02,583 - test_carwale.py:[24] - [INFO] :test_selectCars :********* Inside Select Cars ************** 
2025-03-05 12:13:02,583 - test_carwale.py:[24] - [INFO] :test_selectCars :********* Inside Select Cars ************** 
2025-03-05 12:13:03,023 - BasePage.py:[33] - [INFO] :click :Clicked on the element: findNewCars_XPATH
2025-03-05 12:13:03,023 - BasePage.py:[33] - [INFO] :click :Clicked on the element: findNewCars_XPATH
2025-03-05 12:13:03,023 - BasePage.py:[33] - [INFO] :click :Clicked on the element: findNewCars_XPATH
2025-03-05 12:13:03,260 - BasePage.py:[33] - [INFO] :click :Clicked on the element: hyundai_XPATH
2025-03-05 12:13:03,260 - BasePage.py:[33] - [INFO] :click :Clicked on the element: hyundai_XPATH
2025-03-05 12:13:03,260 - BasePage.py:[33] - [INFO] :click :Clicked on the element: hyundai_XPATH
2025-03-05 12:13:03,260 - BasePage.py:[33] - [INFO] :click :Clicked on the element: hyundai_XPATH
2025-03-05 12:13:17,290 - test_carwale.py:[24] - [INFO] :test_selectCars :********* Inside Select Cars ************** 
2025-03-05 12:13:17,290 - test_carwale.py:[24] - [INFO] :test_selectCars :********* Inside Select Cars ************** 
2025-03-05 12:13:17,290 - test_carwale.py:[24] - [INFO] :test_selectCars :********* Inside Select Cars ************** 
2025-03-05 12:13:17,799 - BasePage.py:[33] - [INFO] :click :Clicked on the element: findNewCars_XPATH
2025-03-05 12:13:17,799 - BasePage.py:[33] - [INFO] :click :Clicked on the element: findNewCars_XPATH
2025-03-05 12:13:17,799 - BasePage.py:[33] - [INFO] :click :Clicked on the element: findNewCars_XPATH
2025-03-05 12:13:17,799 - BasePage.py:[33] - [INFO] :click :Clicked on the element: findNewCars_XPATH
2025-03-05 12:13:17,799 - BasePage.py:[33] - [INFO] :click :Clicked on the element: findNewCars_XPATH
2025-03-05 12:13:18,389 - BasePage.py:[33] - [INFO] :click :Clicked on the element: BMW_XPATH
2025-03-05 12:13:18,389 - BasePage.py:[33] - [INFO] :click :Clicked on the element: BMW_XPATH
2025-03-05 12:13:18,389 - BasePage.py:[33] - [INFO] :click :Clicked on the element: BMW_XPATH
2025-03-05 12:13:18,389 - BasePage.py:[33] - [INFO] :click :Clicked on the element: BMW_XPATH
2025-03-05 12:13:18,389 - BasePage.py:[33] - [INFO] :click :Clicked on the element: BMW_XPATH
2025-03-05 12:13:18,389 - BasePage.py:[33] - [INFO] :click :Clicked on the element: BMW_XPATH
2025-03-05 12:13:26,741 - test_carwale.py:[24] - [INFO] :test_selectCars :********* Inside Select Cars ************** 
2025-03-05 12:13:26,741 - test_carwale.py:[24] - [INFO] :test_selectCars :********* Inside Select Cars ************** 
2025-03-05 12:13:26,741 - test_carwale.py:[24] - [INFO] :test_selectCars :********* Inside Select Cars ************** 
2025-03-05 12:13:26,741 - test_carwale.py:[24] - [INFO] :test_selectCars :********* Inside Select Cars ************** 
2025-03-05 12:13:27,283 - BasePage.py:[33] - [INFO] :click :Clicked on the element: findNewCars_XPATH
2025-03-05 12:13:27,283 - BasePage.py:[33] - [INFO] :click :Clicked on the element: findNewCars_XPATH
2025-03-05 12:13:27,283 - BasePage.py:[33] - [INFO] :click :Clicked on the element: findNewCars_XPATH
2025-03-05 12:13:27,283 - BasePage.py:[33] - [INFO] :click :Clicked on the element: findNewCars_XPATH
2025-03-05 12:13:27,283 - BasePage.py:[33] - [INFO] :click :Clicked on the element: findNewCars_XPATH
2025-03-05 12:13:27,283 - BasePage.py:[33] - [INFO] :click :Clicked on the element: findNewCars_XPATH
2025-03-05 12:13:27,283 - BasePage.py:[33] - [INFO] :click :Clicked on the element: findNewCars_XPATH
2025-03-05 12:13:27,581 - BasePage.py:[33] - [INFO] :click :Clicked on the element: Honda_XPATH
2025-03-05 12:13:27,581 - BasePage.py:[33] - [INFO] :click :Clicked on the element: Honda_XPATH
2025-03-05 12:13:27,581 - BasePage.py:[33] - [INFO] :click :Clicked on the element: Honda_XPATH
2025-03-05 12:13:27,581 - BasePage.py:[33] - [INFO] :click :Clicked on the element: Honda_XPATH
2025-03-05 12:13:27,581 - BasePage.py:[33] - [INFO] :click :Clicked on the element: Honda_XPATH
2025-03-05 12:13:27,581 - BasePage.py:[33] - [INFO] :click :Clicked on the element: Honda_XPATH
2025-03-05 12:13:27,581 - BasePage.py:[33] - [INFO] :click :Clicked on the element: Honda_XPATH
2025-03-05 12:13:27,581 - BasePage.py:[33] - [INFO] :click :Clicked on the element: Honda_XPATH
2025-03-05 12:13:41,237 - test_carwale.py:[24] - [INFO] :test_selectCars :********* Inside Select Cars ************** 
2025-03-05 12:13:41,237 - test_carwale.py:[24] - [INFO] :test_selectCars :********* Inside Select Cars ************** 
2025-03-05 12:13:41,237 - test_carwale.py:[24] - [INFO] :test_selectCars :********* Inside Select Cars ************** 
2025-03-05 12:13:41,237 - test_carwale.py:[24] - [INFO] :test_selectCars :********* Inside Select Cars ************** 
2025-03-05 12:13:41,237 - test_carwale.py:[24] - [INFO] :test_selectCars :********* Inside Select Cars ************** 
2025-03-05 12:13:42,175 - BasePage.py:[33] - [INFO] :click :Clicked on the element: findNewCars_XPATH
2025-03-05 12:13:42,175 - BasePage.py:[33] - [INFO] :click :Clicked on the element: findNewCars_XPATH
2025-03-05 12:13:42,175 - BasePage.py:[33] - [INFO] :click :Clicked on the element: findNewCars_XPATH
2025-03-05 12:13:42,175 - BasePage.py:[33] - [INFO] :click :Clicked on the element: findNewCars_XPATH
2025-03-05 12:13:42,175 - BasePage.py:[33] - [INFO] :click :Clicked on the element: findNewCars_XPATH
2025-03-05 12:13:42,175 - BasePage.py:[33] - [INFO] :click :Clicked on the element: findNewCars_XPATH
2025-03-05 12:13:42,175 - BasePage.py:[33] - [INFO] :click :Clicked on the element: findNewCars_XPATH
2025-03-05 12:13:42,175 - BasePage.py:[33] - [INFO] :click :Clicked on the element: findNewCars_XPATH
2025-03-05 12:13:42,175 - BasePage.py:[33] - [INFO] :click :Clicked on the element: findNewCars_XPATH
2025-03-05 12:13:42,435 - BasePage.py:[33] - [INFO] :click :Clicked on the element: toyota_XPATH
2025-03-05 12:13:42,435 - BasePage.py:[33] - [INFO] :click :Clicked on the element: toyota_XPATH
2025-03-05 12:13:42,435 - BasePage.py:[33] - [INFO] :click :Clicked on the element: toyota_XPATH
2025-03-05 12:13:42,435 - BasePage.py:[33] - [INFO] :click :Clicked on the element: toyota_XPATH
2025-03-05 12:13:42,435 - BasePage.py:[33] - [INFO] :click :Clicked on the element: toyota_XPATH
2025-03-05 12:13:42,435 - BasePage.py:[33] - [INFO] :click :Clicked on the element: toyota_XPATH
2025-03-05 12:13:42,435 - BasePage.py:[33] - [INFO] :click :Clicked on the element: toyota_XPATH
2025-03-05 12:13:42,435 - BasePage.py:[33] - [INFO] :click :Clicked on the element: toyota_XPATH
2025-03-05 12:13:42,435 - BasePage.py:[33] - [INFO] :click :Clicked on the element: toyota_XPATH
2025-03-05 12:13:42,435 - BasePage.py:[33] - [INFO] :click :Clicked on the element: toyota_XPATH
2025-03-05 12:14:05,723 - test_carwale.py:[24] - [INFO] :test_selectCars :********* Inside Select Cars ************** 
2025-03-05 12:14:05,723 - test_carwale.py:[24] - [INFO] :test_selectCars :********* Inside Select Cars ************** 
2025-03-05 12:14:05,723 - test_carwale.py:[24] - [INFO] :test_selectCars :********* Inside Select Cars ************** 
2025-03-05 12:14:05,723 - test_carwale.py:[24] - [INFO] :test_selectCars :********* Inside Select Cars ************** 
2025-03-05 12:14:05,723 - test_carwale.py:[24] - [INFO] :test_selectCars :********* Inside Select Cars ************** 
2025-03-05 12:14:05,723 - test_carwale.py:[24] - [INFO] :test_selectCars :********* Inside Select Cars ************** 
2025-03-05 12:14:06,650 - BasePage.py:[33] - [INFO] :click :Clicked on the element: findNewCars_XPATH
2025-03-05 12:14:06,650 - BasePage.py:[33] - [INFO] :click :Clicked on the element: findNewCars_XPATH
2025-03-05 12:14:06,650 - BasePage.py:[33] - [INFO] :click :Clicked on the element: findNewCars_XPATH
2025-03-05 12:14:06,650 - BasePage.py:[33] - [INFO] :click :Clicked on the element: findNewCars_XPATH
2025-03-05 12:14:06,650 - BasePage.py:[33] - [INFO] :click :Clicked on the element: findNewCars_XPATH
2025-03-05 12:14:06,650 - BasePage.py:[33] - [INFO] :click :Clicked on the element: findNewCars_XPATH
2025-03-05 12:14:06,650 - BasePage.py:[33] - [INFO] :click :Clicked on the element: findNewCars_XPATH
2025-03-05 12:14:06,650 - BasePage.py:[33] - [INFO] :click :Clicked on the element: findNewCars_XPATH
2025-03-05 12:14:06,650 - BasePage.py:[33] - [INFO] :click :Clicked on the element: findNewCars_XPATH
2025-03-05 12:14:06,650 - BasePage.py:[33] - [INFO] :click :Clicked on the element: findNewCars_XPATH
2025-03-05 12:14:06,650 - BasePage.py:[33] - [INFO] :click :Clicked on the element: findNewCars_XPATH
2025-03-05 12:14:06,926 - BasePage.py:[33] - [INFO] :click :Clicked on the element: hyundai_XPATH
2025-03-05 12:14:06,926 - BasePage.py:[33] - [INFO] :click :Clicked on the element: hyundai_XPATH
2025-03-05 12:14:06,926 - BasePage.py:[33] - [INFO] :click :Clicked on the element: hyundai_XPATH
2025-03-05 12:14:06,926 - BasePage.py:[33] - [INFO] :click :Clicked on the element: hyundai_XPATH
2025-03-05 12:14:06,926 - BasePage.py:[33] - [INFO] :click :Clicked on the element: hyundai_XPATH
2025-03-05 12:14:06,926 - BasePage.py:[33] - [INFO] :click :Clicked on the element: hyundai_XPATH
2025-03-05 12:14:06,926 - BasePage.py:[33] - [INFO] :click :Clicked on the element: hyundai_XPATH
2025-03-05 12:14:06,926 - BasePage.py:[33] - [INFO] :click :Clicked on the element: hyundai_XPATH
2025-03-05 12:14:06,926 - BasePage.py:[33] - [INFO] :click :Clicked on the element: hyundai_XPATH
2025-03-05 12:14:06,926 - BasePage.py:[33] - [INFO] :click :Clicked on the element: hyundai_XPATH
2025-03-05 12:14:06,926 - BasePage.py:[33] - [INFO] :click :Clicked on the element: hyundai_XPATH
2025-03-05 12:14:06,926 - BasePage.py:[33] - [INFO] :click :Clicked on the element: hyundai_XPATH
2025-03-05 12:14:33,772 - test_carwale.py:[24] - [INFO] :test_selectCars :********* Inside Select Cars ************** 
2025-03-05 12:14:33,772 - test_carwale.py:[24] - [INFO] :test_selectCars :********* Inside Select Cars ************** 
2025-03-05 12:14:33,772 - test_carwale.py:[24] - [INFO] :test_selectCars :********* Inside Select Cars ************** 
2025-03-05 12:14:33,772 - test_carwale.py:[24] - [INFO] :test_selectCars :********* Inside Select Cars ************** 
2025-03-05 12:14:33,772 - test_carwale.py:[24] - [INFO] :test_selectCars :********* Inside Select Cars ************** 
2025-03-05 12:14:33,772 - test_carwale.py:[24] - [INFO] :test_selectCars :********* Inside Select Cars ************** 
2025-03-05 12:14:33,772 - test_carwale.py:[24] - [INFO] :test_selectCars :********* Inside Select Cars ************** 
2025-03-05 12:14:34,749 - BasePage.py:[33] - [INFO] :click :Clicked on the element: findNewCars_XPATH
2025-03-05 12:14:34,749 - BasePage.py:[33] - [INFO] :click :Clicked on the element: findNewCars_XPATH
2025-03-05 12:14:34,749 - BasePage.py:[33] - [INFO] :click :Clicked on the element: findNewCars_XPATH
2025-03-05 12:14:34,749 - BasePage.py:[33] - [INFO] :click :Clicked on the element: findNewCars_XPATH
2025-03-05 12:14:34,749 - BasePage.py:[33] - [INFO] :click :Clicked on the element: findNewCars_XPATH
2025-03-05 12:14:34,749 - BasePage.py:[33] - [INFO] :click :Clicked on the element: findNewCars_XPATH
2025-03-05 12:14:34,749 - BasePage.py:[33] - [INFO] :click :Clicked on the element: findNewCars_XPATH
2025-03-05 12:14:34,749 - BasePage.py:[33] - [INFO] :click :Clicked on the element: findNewCars_XPATH
2025-03-05 12:14:34,749 - BasePage.py:[33] - [INFO] :click :Clicked on the element: findNewCars_XPATH
2025-03-05 12:14:34,749 - BasePage.py:[33] - [INFO] :click :Clicked on the element: findNewCars_XPATH
2025-03-05 12:14:34,749 - BasePage.py:[33] - [INFO] :click :Clicked on the element: findNewCars_XPATH
2025-03-05 12:14:34,749 - BasePage.py:[33] - [INFO] :click :Clicked on the element: findNewCars_XPATH
2025-03-05 12:14:34,749 - BasePage.py:[33] - [INFO] :click :Clicked on the element: findNewCars_XPATH
2025-03-05 12:14:35,043 - BasePage.py:[33] - [INFO] :click :Clicked on the element: BMW_XPATH
2025-03-05 12:14:35,043 - BasePage.py:[33] - [INFO] :click :Clicked on the element: BMW_XPATH
2025-03-05 12:14:35,043 - BasePage.py:[33] - [INFO] :click :Clicked on the element: BMW_XPATH
2025-03-05 12:14:35,043 - BasePage.py:[33] - [INFO] :click :Clicked on the element: BMW_XPATH
2025-03-05 12:14:35,043 - BasePage.py:[33] - [INFO] :click :Clicked on the element: BMW_XPATH
2025-03-05 12:14:35,043 - BasePage.py:[33] - [INFO] :click :Clicked on the element: BMW_XPATH
2025-03-05 12:14:35,043 - BasePage.py:[33] - [INFO] :click :Clicked on the element: BMW_XPATH
2025-03-05 12:14:35,043 - BasePage.py:[33] - [INFO] :click :Clicked on the element: BMW_XPATH
2025-03-05 12:14:35,043 - BasePage.py:[33] - [INFO] :click :Clicked on the element: BMW_XPATH
2025-03-05 12:14:35,043 - BasePage.py:[33] - [INFO] :click :Clicked on the element: BMW_XPATH
2025-03-05 12:14:35,043 - BasePage.py:[33] - [INFO] :click :Clicked on the element: BMW_XPATH
2025-03-05 12:14:35,043 - BasePage.py:[33] - [INFO] :click :Clicked on the element: BMW_XPATH
2025-03-05 12:14:35,043 - BasePage.py:[33] - [INFO] :click :Clicked on the element: BMW_XPATH
2025-03-05 12:14:35,043 - BasePage.py:[33] - [INFO] :click :Clicked on the element: BMW_XPATH
2025-03-05 12:14:49,316 - test_carwale.py:[24] - [INFO] :test_selectCars :********* Inside Select Cars ************** 
2025-03-05 12:14:49,316 - test_carwale.py:[24] - [INFO] :test_selectCars :********* Inside Select Cars ************** 
2025-03-05 12:14:49,316 - test_carwale.py:[24] - [INFO] :test_selectCars :********* Inside Select Cars ************** 
2025-03-05 12:14:49,316 - test_carwale.py:[24] - [INFO] :test_selectCars :********* Inside Select Cars ************** 
2025-03-05 12:14:49,316 - test_carwale.py:[24] - [INFO] :test_selectCars :********* Inside Select Cars ************** 
2025-03-05 12:14:49,316 - test_carwale.py:[24] - [INFO] :test_selectCars :********* Inside Select Cars ************** 
2025-03-05 12:14:49,316 - test_carwale.py:[24] - [INFO] :test_selectCars :********* Inside Select Cars ************** 
2025-03-05 12:14:49,316 - test_carwale.py:[24] - [INFO] :test_selectCars :********* Inside Select Cars ************** 
2025-03-05 12:14:50,210 - BasePage.py:[33] - [INFO] :click :Clicked on the element: findNewCars_XPATH
2025-03-05 12:14:50,210 - BasePage.py:[33] - [INFO] :click :Clicked on the element: findNewCars_XPATH
2025-03-05 12:14:50,210 - BasePage.py:[33] - [INFO] :click :Clicked on the element: findNewCars_XPATH
2025-03-05 12:14:50,210 - BasePage.py:[33] - [INFO] :click :Clicked on the element: findNewCars_XPATH
2025-03-05 12:14:50,210 - BasePage.py:[33] - [INFO] :click :Clicked on the element: findNewCars_XPATH
2025-03-05 12:14:50,210 - BasePage.py:[33] - [INFO] :click :Clicked on the element: findNewCars_XPATH
2025-03-05 12:14:50,210 - BasePage.py:[33] - [INFO] :click :Clicked on the element: findNewCars_XPATH
2025-03-05 12:14:50,210 - BasePage.py:[33] - [INFO] :click :Clicked on the element: findNewCars_XPATH
2025-03-05 12:14:50,210 - BasePage.py:[33] - [INFO] :click :Clicked on the element: findNewCars_XPATH
2025-03-05 12:14:50,210 - BasePage.py:[33] - [INFO] :click :Clicked on the element: findNewCars_XPATH
2025-03-05 12:14:50,210 - BasePage.py:[33] - [INFO] :click :Clicked on the element: findNewCars_XPATH
2025-03-05 12:14:50,210 - BasePage.py:[33] - [INFO] :click :Clicked on the element: findNewCars_XPATH
2025-03-05 12:14:50,210 - BasePage.py:[33] - [INFO] :click :Clicked on the element: findNewCars_XPATH
2025-03-05 12:14:50,210 - BasePage.py:[33] - [INFO] :click :Clicked on the element: findNewCars_XPATH
2025-03-05 12:14:50,210 - BasePage.py:[33] - [INFO] :click :Clicked on the element: findNewCars_XPATH
2025-03-05 12:14:50,494 - BasePage.py:[33] - [INFO] :click :Clicked on the element: Honda_XPATH
2025-03-05 12:14:50,494 - BasePage.py:[33] - [INFO] :click :Clicked on the element: Honda_XPATH
2025-03-05 12:14:50,494 - BasePage.py:[33] - [INFO] :click :Clicked on the element: Honda_XPATH
2025-03-05 12:14:50,494 - BasePage.py:[33] - [INFO] :click :Clicked on the element: Honda_XPATH
2025-03-05 12:14:50,494 - BasePage.py:[33] - [INFO] :click :Clicked on the element: Honda_XPATH
2025-03-05 12:14:50,494 - BasePage.py:[33] - [INFO] :click :Clicked on the element: Honda_XPATH
2025-03-05 12:14:50,494 - BasePage.py:[33] - [INFO] :click :Clicked on the element: Honda_XPATH
2025-03-05 12:14:50,494 - BasePage.py:[33] - [INFO] :click :Clicked on the element: Honda_XPATH
2025-03-05 12:14:50,494 - BasePage.py:[33] - [INFO] :click :Clicked on the element: Honda_XPATH
2025-03-05 12:14:50,494 - BasePage.py:[33] - [INFO] :click :Clicked on the element: Honda_XPATH
2025-03-05 12:14:50,494 - BasePage.py:[33] - [INFO] :click :Clicked on the element: Honda_XPATH
2025-03-05 12:14:50,494 - BasePage.py:[33] - [INFO] :click :Clicked on the element: Honda_XPATH
2025-03-05 12:14:50,494 - BasePage.py:[33] - [INFO] :click :Clicked on the element: Honda_XPATH
2025-03-05 12:14:50,494 - BasePage.py:[33] - [INFO] :click :Clicked on the element: Honda_XPATH
2025-03-05 12:14:50,494 - BasePage.py:[33] - [INFO] :click :Clicked on the element: Honda_XPATH
2025-03-05 12:14:50,494 - BasePage.py:[33] - [INFO] :click :Clicked on the element: Honda_XPATH
2025-03-05 12:19:14,240 - test_carwale.py:[24] - [INFO] :test_selectCars :********* Inside Select Cars ************** 
2025-03-05 12:19:14,720 - BasePage.py:[33] - [INFO] :click :Clicked on the element: findNewCars_XPATH
2025-03-05 12:19:15,046 - BasePage.py:[33] - [INFO] :click :Clicked on the element: toyota_XPATH
2025-03-05 12:19:15,046 - BasePage.py:[33] - [INFO] :click :Clicked on the element: toyota_XPATH
2025-03-05 12:19:22,070 - test_carwale.py:[24] - [INFO] :test_selectCars :********* Inside Select Cars ************** 
2025-03-05 12:19:22,070 - test_carwale.py:[24] - [INFO] :test_selectCars :********* Inside Select Cars ************** 
2025-03-05 12:19:22,547 - BasePage.py:[33] - [INFO] :click :Clicked on the element: findNewCars_XPATH
2025-03-05 12:19:22,547 - BasePage.py:[33] - [INFO] :click :Clicked on the element: findNewCars_XPATH
2025-03-05 12:19:22,547 - BasePage.py:[33] - [INFO] :click :Clicked on the element: findNewCars_XPATH
2025-03-05 12:19:22,832 - BasePage.py:[33] - [INFO] :click :Clicked on the element: hyundai_XPATH
2025-03-05 12:19:22,832 - BasePage.py:[33] - [INFO] :click :Clicked on the element: hyundai_XPATH
2025-03-05 12:19:22,832 - BasePage.py:[33] - [INFO] :click :Clicked on the element: hyundai_XPATH
2025-03-05 12:19:22,832 - BasePage.py:[33] - [INFO] :click :Clicked on the element: hyundai_XPATH
2025-03-05 12:19:29,890 - test_carwale.py:[24] - [INFO] :test_selectCars :********* Inside Select Cars ************** 
2025-03-05 12:19:29,890 - test_carwale.py:[24] - [INFO] :test_selectCars :********* Inside Select Cars ************** 
2025-03-05 12:19:29,890 - test_carwale.py:[24] - [INFO] :test_selectCars :********* Inside Select Cars ************** 
2025-03-05 12:19:30,358 - BasePage.py:[33] - [INFO] :click :Clicked on the element: findNewCars_XPATH
2025-03-05 12:19:30,358 - BasePage.py:[33] - [INFO] :click :Clicked on the element: findNewCars_XPATH
2025-03-05 12:19:30,358 - BasePage.py:[33] - [INFO] :click :Clicked on the element: findNewCars_XPATH
2025-03-05 12:19:30,358 - BasePage.py:[33] - [INFO] :click :Clicked on the element: findNewCars_XPATH
2025-03-05 12:19:30,358 - BasePage.py:[33] - [INFO] :click :Clicked on the element: findNewCars_XPATH
2025-03-05 12:19:30,626 - BasePage.py:[33] - [INFO] :click :Clicked on the element: BMW_XPATH
2025-03-05 12:19:30,626 - BasePage.py:[33] - [INFO] :click :Clicked on the element: BMW_XPATH
2025-03-05 12:19:30,626 - BasePage.py:[33] - [INFO] :click :Clicked on the element: BMW_XPATH
2025-03-05 12:19:30,626 - BasePage.py:[33] - [INFO] :click :Clicked on the element: BMW_XPATH
2025-03-05 12:19:30,626 - BasePage.py:[33] - [INFO] :click :Clicked on the element: BMW_XPATH
2025-03-05 12:19:30,626 - BasePage.py:[33] - [INFO] :click :Clicked on the element: BMW_XPATH
2025-03-05 12:19:45,957 - test_carwale.py:[24] - [INFO] :test_selectCars :********* Inside Select Cars ************** 
2025-03-05 12:19:45,957 - test_carwale.py:[24] - [INFO] :test_selectCars :********* Inside Select Cars ************** 
2025-03-05 12:19:45,957 - test_carwale.py:[24] - [INFO] :test_selectCars :********* Inside Select Cars ************** 
2025-03-05 12:19:45,957 - test_carwale.py:[24] - [INFO] :test_selectCars :********* Inside Select Cars ************** 
2025-03-05 12:19:46,462 - BasePage.py:[33] - [INFO] :click :Clicked on the element: findNewCars_XPATH
2025-03-05 12:19:46,462 - BasePage.py:[33] - [INFO] :click :Clicked on the element: findNewCars_XPATH
2025-03-05 12:19:46,462 - BasePage.py:[33] - [INFO] :click :Clicked on the element: findNewCars_XPATH
2025-03-05 12:19:46,462 - BasePage.py:[33] - [INFO] :click :Clicked on the element: findNewCars_XPATH
2025-03-05 12:19:46,462 - BasePage.py:[33] - [INFO] :click :Clicked on the element: findNewCars_XPATH
2025-03-05 12:19:46,462 - BasePage.py:[33] - [INFO] :click :Clicked on the element: findNewCars_XPATH
2025-03-05 12:19:46,462 - BasePage.py:[33] - [INFO] :click :Clicked on the element: findNewCars_XPATH
2025-03-05 12:19:46,770 - BasePage.py:[33] - [INFO] :click :Clicked on the element: Honda_XPATH
2025-03-05 12:19:46,770 - BasePage.py:[33] - [INFO] :click :Clicked on the element: Honda_XPATH
2025-03-05 12:19:46,770 - BasePage.py:[33] - [INFO] :click :Clicked on the element: Honda_XPATH
2025-03-05 12:19:46,770 - BasePage.py:[33] - [INFO] :click :Clicked on the element: Honda_XPATH
2025-03-05 12:19:46,770 - BasePage.py:[33] - [INFO] :click :Clicked on the element: Honda_XPATH
2025-03-05 12:19:46,770 - BasePage.py:[33] - [INFO] :click :Clicked on the element: Honda_XPATH
2025-03-05 12:19:46,770 - BasePage.py:[33] - [INFO] :click :Clicked on the element: Honda_XPATH
2025-03-05 12:19:46,770 - BasePage.py:[33] - [INFO] :click :Clicked on the element: Honda_XPATH
2025-03-05 12:20:00,099 - test_carwale.py:[24] - [INFO] :test_selectCars :********* Inside Select Cars ************** 
2025-03-05 12:20:00,099 - test_carwale.py:[24] - [INFO] :test_selectCars :********* Inside Select Cars ************** 
2025-03-05 12:20:00,099 - test_carwale.py:[24] - [INFO] :test_selectCars :********* Inside Select Cars ************** 
2025-03-05 12:20:00,099 - test_carwale.py:[24] - [INFO] :test_selectCars :********* Inside Select Cars ************** 
2025-03-05 12:20:00,099 - test_carwale.py:[24] - [INFO] :test_selectCars :********* Inside Select Cars ************** 
2025-03-05 12:20:00,996 - BasePage.py:[33] - [INFO] :click :Clicked on the element: findNewCars_XPATH
2025-03-05 12:20:00,996 - BasePage.py:[33] - [INFO] :click :Clicked on the element: findNewCars_XPATH
2025-03-05 12:20:00,996 - BasePage.py:[33] - [INFO] :click :Clicked on the element: findNewCars_XPATH
2025-03-05 12:20:00,996 - BasePage.py:[33] - [INFO] :click :Clicked on the element: findNewCars_XPATH
2025-03-05 12:20:00,996 - BasePage.py:[33] - [INFO] :click :Clicked on the element: findNewCars_XPATH
2025-03-05 12:20:00,996 - BasePage.py:[33] - [INFO] :click :Clicked on the element: findNewCars_XPATH
2025-03-05 12:20:00,996 - BasePage.py:[33] - [INFO] :click :Clicked on the element: findNewCars_XPATH
2025-03-05 12:20:00,996 - BasePage.py:[33] - [INFO] :click :Clicked on the element: findNewCars_XPATH
2025-03-05 12:20:00,996 - BasePage.py:[33] - [INFO] :click :Clicked on the element: findNewCars_XPATH
2025-03-05 12:20:01,371 - BasePage.py:[33] - [INFO] :click :Clicked on the element: toyota_XPATH
2025-03-05 12:20:01,371 - BasePage.py:[33] - [INFO] :click :Clicked on the element: toyota_XPATH
2025-03-05 12:20:01,371 - BasePage.py:[33] - [INFO] :click :Clicked on the element: toyota_XPATH
2025-03-05 12:20:01,371 - BasePage.py:[33] - [INFO] :click :Clicked on the element: toyota_XPATH
2025-03-05 12:20:01,371 - BasePage.py:[33] - [INFO] :click :Clicked on the element: toyota_XPATH
2025-03-05 12:20:01,371 - BasePage.py:[33] - [INFO] :click :Clicked on the element: toyota_XPATH
2025-03-05 12:20:01,371 - BasePage.py:[33] - [INFO] :click :Clicked on the element: toyota_XPATH
2025-03-05 12:20:01,371 - BasePage.py:[33] - [INFO] :click :Clicked on the element: toyota_XPATH
2025-03-05 12:20:01,371 - BasePage.py:[33] - [INFO] :click :Clicked on the element: toyota_XPATH
2025-03-05 12:20:01,371 - BasePage.py:[33] - [INFO] :click :Clicked on the element: toyota_XPATH
2025-03-05 12:20:15,114 - test_carwale.py:[24] - [INFO] :test_selectCars :********* Inside Select Cars ************** 
2025-03-05 12:20:15,114 - test_carwale.py:[24] - [INFO] :test_selectCars :********* Inside Select Cars ************** 
2025-03-05 12:20:15,114 - test_carwale.py:[24] - [INFO] :test_selectCars :********* Inside Select Cars ************** 
2025-03-05 12:20:15,114 - test_carwale.py:[24] - [INFO] :test_selectCars :********* Inside Select Cars ************** 
2025-03-05 12:20:15,114 - test_carwale.py:[24] - [INFO] :test_selectCars :********* Inside Select Cars ************** 
2025-03-05 12:20:15,114 - test_carwale.py:[24] - [INFO] :test_selectCars :********* Inside Select Cars ************** 
2025-03-05 12:20:16,042 - BasePage.py:[33] - [INFO] :click :Clicked on the element: findNewCars_XPATH
2025-03-05 12:20:16,042 - BasePage.py:[33] - [INFO] :click :Clicked on the element: findNewCars_XPATH
2025-03-05 12:20:16,042 - BasePage.py:[33] - [INFO] :click :Clicked on the element: findNewCars_XPATH
2025-03-05 12:20:16,042 - BasePage.py:[33] - [INFO] :click :Clicked on the element: findNewCars_XPATH
2025-03-05 12:20:16,042 - BasePage.py:[33] - [INFO] :click :Clicked on the element: findNewCars_XPATH
2025-03-05 12:20:16,042 - BasePage.py:[33] - [INFO] :click :Clicked on the element: findNewCars_XPATH
2025-03-05 12:20:16,042 - BasePage.py:[33] - [INFO] :click :Clicked on the element: findNewCars_XPATH
2025-03-05 12:20:16,042 - BasePage.py:[33] - [INFO] :click :Clicked on the element: findNewCars_XPATH
2025-03-05 12:20:16,042 - BasePage.py:[33] - [INFO] :click :Clicked on the element: findNewCars_XPATH
2025-03-05 12:20:16,042 - BasePage.py:[33] - [INFO] :click :Clicked on the element: findNewCars_XPATH
2025-03-05 12:20:16,042 - BasePage.py:[33] - [INFO] :click :Clicked on the element: findNewCars_XPATH
2025-03-05 12:20:16,421 - BasePage.py:[33] - [INFO] :click :Clicked on the element: hyundai_XPATH
2025-03-05 12:20:16,421 - BasePage.py:[33] - [INFO] :click :Clicked on the element: hyundai_XPATH
2025-03-05 12:20:16,421 - BasePage.py:[33] - [INFO] :click :Clicked on the element: hyundai_XPATH
2025-03-05 12:20:16,421 - BasePage.py:[33] - [INFO] :click :Clicked on the element: hyundai_XPATH
2025-03-05 12:20:16,421 - BasePage.py:[33] - [INFO] :click :Clicked on the element: hyundai_XPATH
2025-03-05 12:20:16,421 - BasePage.py:[33] - [INFO] :click :Clicked on the element: hyundai_XPATH
2025-03-05 12:20:16,421 - BasePage.py:[33] - [INFO] :click :Clicked on the element: hyundai_XPATH
2025-03-05 12:20:16,421 - BasePage.py:[33] - [INFO] :click :Clicked on the element: hyundai_XPATH
2025-03-05 12:20:16,421 - BasePage.py:[33] - [INFO] :click :Clicked on the element: hyundai_XPATH
2025-03-05 12:20:16,421 - BasePage.py:[33] - [INFO] :click :Clicked on the element: hyundai_XPATH
2025-03-05 12:20:16,421 - BasePage.py:[33] - [INFO] :click :Clicked on the element: hyundai_XPATH
2025-03-05 12:20:16,421 - BasePage.py:[33] - [INFO] :click :Clicked on the element: hyundai_XPATH
2025-03-05 12:20:42,572 - test_carwale.py:[24] - [INFO] :test_selectCars :********* Inside Select Cars ************** 
2025-03-05 12:20:42,572 - test_carwale.py:[24] - [INFO] :test_selectCars :********* Inside Select Cars ************** 
2025-03-05 12:20:42,572 - test_carwale.py:[24] - [INFO] :test_selectCars :********* Inside Select Cars ************** 
2025-03-05 12:20:42,572 - test_carwale.py:[24] - [INFO] :test_selectCars :********* Inside Select Cars ************** 
2025-03-05 12:20:42,572 - test_carwale.py:[24] - [INFO] :test_selectCars :********* Inside Select Cars ************** 
2025-03-05 12:20:42,572 - test_carwale.py:[24] - [INFO] :test_selectCars :********* Inside Select Cars ************** 
2025-03-05 12:20:42,572 - test_carwale.py:[24] - [INFO] :test_selectCars :********* Inside Select Cars ************** 
2025-03-05 12:20:43,430 - BasePage.py:[33] - [INFO] :click :Clicked on the element: findNewCars_XPATH
2025-03-05 12:20:43,430 - BasePage.py:[33] - [INFO] :click :Clicked on the element: findNewCars_XPATH
2025-03-05 12:20:43,430 - BasePage.py:[33] - [INFO] :click :Clicked on the element: findNewCars_XPATH
2025-03-05 12:20:43,430 - BasePage.py:[33] - [INFO] :click :Clicked on the element: findNewCars_XPATH
2025-03-05 12:20:43,430 - BasePage.py:[33] - [INFO] :click :Clicked on the element: findNewCars_XPATH
2025-03-05 12:20:43,430 - BasePage.py:[33] - [INFO] :click :Clicked on the element: findNewCars_XPATH
2025-03-05 12:20:43,430 - BasePage.py:[33] - [INFO] :click :Clicked on the element: findNewCars_XPATH
2025-03-05 12:20:43,430 - BasePage.py:[33] - [INFO] :click :Clicked on the element: findNewCars_XPATH
2025-03-05 12:20:43,430 - BasePage.py:[33] - [INFO] :click :Clicked on the element: findNewCars_XPATH
2025-03-05 12:20:43,430 - BasePage.py:[33] - [INFO] :click :Clicked on the element: findNewCars_XPATH
2025-03-05 12:20:43,430 - BasePage.py:[33] - [INFO] :click :Clicked on the element: findNewCars_XPATH
2025-03-05 12:20:43,430 - BasePage.py:[33] - [INFO] :click :Clicked on the element: findNewCars_XPATH
2025-03-05 12:20:43,430 - BasePage.py:[33] - [INFO] :click :Clicked on the element: findNewCars_XPATH
2025-03-05 12:20:43,731 - BasePage.py:[33] - [INFO] :click :Clicked on the element: BMW_XPATH
2025-03-05 12:20:43,731 - BasePage.py:[33] - [INFO] :click :Clicked on the element: BMW_XPATH
2025-03-05 12:20:43,731 - BasePage.py:[33] - [INFO] :click :Clicked on the element: BMW_XPATH
2025-03-05 12:20:43,731 - BasePage.py:[33] - [INFO] :click :Clicked on the element: BMW_XPATH
2025-03-05 12:20:43,731 - BasePage.py:[33] - [INFO] :click :Clicked on the element: BMW_XPATH
2025-03-05 12:20:43,731 - BasePage.py:[33] - [INFO] :click :Clicked on the element: BMW_XPATH
2025-03-05 12:20:43,731 - BasePage.py:[33] - [INFO] :click :Clicked on the element: BMW_XPATH
2025-03-05 12:20:43,731 - BasePage.py:[33] - [INFO] :click :Clicked on the element: BMW_XPATH
2025-03-05 12:20:43,731 - BasePage.py:[33] - [INFO] :click :Clicked on the element: BMW_XPATH
2025-03-05 12:20:43,731 - BasePage.py:[33] - [INFO] :click :Clicked on the element: BMW_XPATH
2025-03-05 12:20:43,731 - BasePage.py:[33] - [INFO] :click :Clicked on the element: BMW_XPATH
2025-03-05 12:20:43,731 - BasePage.py:[33] - [INFO] :click :Clicked on the element: BMW_XPATH
2025-03-05 12:20:43,731 - BasePage.py:[33] - [INFO] :click :Clicked on the element: BMW_XPATH
2025-03-05 12:20:43,731 - BasePage.py:[33] - [INFO] :click :Clicked on the element: BMW_XPATH
2025-03-05 12:20:57,459 - test_carwale.py:[24] - [INFO] :test_selectCars :********* Inside Select Cars ************** 
2025-03-05 12:20:57,459 - test_carwale.py:[24] - [INFO] :test_selectCars :********* Inside Select Cars ************** 
2025-03-05 12:20:57,459 - test_carwale.py:[24] - [INFO] :test_selectCars :********* Inside Select Cars ************** 
2025-03-05 12:20:57,459 - test_carwale.py:[24] - [INFO] :test_selectCars :********* Inside Select Cars ************** 
2025-03-05 12:20:57,459 - test_carwale.py:[24] - [INFO] :test_selectCars :********* Inside Select Cars ************** 
2025-03-05 12:20:57,459 - test_carwale.py:[24] - [INFO] :test_selectCars :********* Inside Select Cars ************** 
2025-03-05 12:20:57,459 - test_carwale.py:[24] - [INFO] :test_selectCars :********* Inside Select Cars ************** 
2025-03-05 12:20:57,459 - test_carwale.py:[24] - [INFO] :test_selectCars :********* Inside Select Cars ************** 
2025-03-05 12:20:58,335 - BasePage.py:[33] - [INFO] :click :Clicked on the element: findNewCars_XPATH
2025-03-05 12:20:58,335 - BasePage.py:[33] - [INFO] :click :Clicked on the element: findNewCars_XPATH
2025-03-05 12:20:58,335 - BasePage.py:[33] - [INFO] :click :Clicked on the element: findNewCars_XPATH
2025-03-05 12:20:58,335 - BasePage.py:[33] - [INFO] :click :Clicked on the element: findNewCars_XPATH
2025-03-05 12:20:58,335 - BasePage.py:[33] - [INFO] :click :Clicked on the element: findNewCars_XPATH
2025-03-05 12:20:58,335 - BasePage.py:[33] - [INFO] :click :Clicked on the element: findNewCars_XPATH
2025-03-05 12:20:58,335 - BasePage.py:[33] - [INFO] :click :Clicked on the element: findNewCars_XPATH
2025-03-05 12:20:58,335 - BasePage.py:[33] - [INFO] :click :Clicked on the element: findNewCars_XPATH
2025-03-05 12:20:58,335 - BasePage.py:[33] - [INFO] :click :Clicked on the element: findNewCars_XPATH
2025-03-05 12:20:58,335 - BasePage.py:[33] - [INFO] :click :Clicked on the element: findNewCars_XPATH
2025-03-05 12:20:58,335 - BasePage.py:[33] - [INFO] :click :Clicked on the element: findNewCars_XPATH
2025-03-05 12:20:58,335 - BasePage.py:[33] - [INFO] :click :Clicked on the element: findNewCars_XPATH
2025-03-05 12:20:58,335 - BasePage.py:[33] - [INFO] :click :Clicked on the element: findNewCars_XPATH
2025-03-05 12:20:58,335 - BasePage.py:[33] - [INFO] :click :Clicked on the element: findNewCars_XPATH
2025-03-05 12:20:58,335 - BasePage.py:[33] - [INFO] :click :Clicked on the element: findNewCars_XPATH
2025-03-05 12:20:58,612 - BasePage.py:[33] - [INFO] :click :Clicked on the element: Honda_XPATH
2025-03-05 12:20:58,612 - BasePage.py:[33] - [INFO] :click :Clicked on the element: Honda_XPATH
2025-03-05 12:20:58,612 - BasePage.py:[33] - [INFO] :click :Clicked on the element: Honda_XPATH
2025-03-05 12:20:58,612 - BasePage.py:[33] - [INFO] :click :Clicked on the element: Honda_XPATH
2025-03-05 12:20:58,612 - BasePage.py:[33] - [INFO] :click :Clicked on the element: Honda_XPATH
2025-03-05 12:20:58,612 - BasePage.py:[33] - [INFO] :click :Clicked on the element: Honda_XPATH
2025-03-05 12:20:58,612 - BasePage.py:[33] - [INFO] :click :Clicked on the element: Honda_XPATH
2025-03-05 12:20:58,612 - BasePage.py:[33] - [INFO] :click :Clicked on the element: Honda_XPATH
2025-03-05 12:20:58,612 - BasePage.py:[33] - [INFO] :click :Clicked on the element: Honda_XPATH
2025-03-05 12:20:58,612 - BasePage.py:[33] - [INFO] :click :Clicked on the element: Honda_XPATH
2025-03-05 12:20:58,612 - BasePage.py:[33] - [INFO] :click :Clicked on the element: Honda_XPATH
2025-03-05 12:20:58,612 - BasePage.py:[33] - [INFO] :click :Clicked on the element: Honda_XPATH
2025-03-05 12:20:58,612 - BasePage.py:[33] - [INFO] :click :Clicked on the element: Honda_XPATH
2025-03-05 12:20:58,612 - BasePage.py:[33] - [INFO] :click :Clicked on the element: Honda_XPATH
2025-03-05 12:20:58,612 - BasePage.py:[33] - [INFO] :click :Clicked on the element: Honda_XPATH
2025-03-05 12:20:58,612 - BasePage.py:[33] - [INFO] :click :Clicked on the element: Honda_XPATH
2025-03-05 12:23:12,778 - test_carwale.py:[24] - [INFO] :test_selectCars :********* Inside Select Cars ************** 
2025-03-05 12:23:13,280 - BasePage.py:[33] - [INFO] :click :Clicked on the element: findNewCars_XPATH
2025-03-05 12:23:13,554 - BasePage.py:[33] - [INFO] :click :Clicked on the element: toyota_XPATH
2025-03-05 12:23:13,554 - BasePage.py:[33] - [INFO] :click :Clicked on the element: toyota_XPATH
2025-03-05 12:23:20,536 - test_carwale.py:[24] - [INFO] :test_selectCars :********* Inside Select Cars ************** 
2025-03-05 12:23:20,536 - test_carwale.py:[24] - [INFO] :test_selectCars :********* Inside Select Cars ************** 
2025-03-05 12:23:21,006 - BasePage.py:[33] - [INFO] :click :Clicked on the element: findNewCars_XPATH
2025-03-05 12:23:21,006 - BasePage.py:[33] - [INFO] :click :Clicked on the element: findNewCars_XPATH
2025-03-05 12:23:21,006 - BasePage.py:[33] - [INFO] :click :Clicked on the element: findNewCars_XPATH
2025-03-05 12:23:21,276 - BasePage.py:[33] - [INFO] :click :Clicked on the element: hyundai_XPATH
2025-03-05 12:23:21,276 - BasePage.py:[33] - [INFO] :click :Clicked on the element: hyundai_XPATH
2025-03-05 12:23:21,276 - BasePage.py:[33] - [INFO] :click :Clicked on the element: hyundai_XPATH
2025-03-05 12:23:21,276 - BasePage.py:[33] - [INFO] :click :Clicked on the element: hyundai_XPATH
2025-03-05 12:23:52,619 - test_carwale.py:[24] - [INFO] :test_selectCars :********* Inside Select Cars ************** 
2025-03-05 12:23:53,208 - BasePage.py:[33] - [INFO] :click :Clicked on the element: findNewCars_XPATH
2025-03-05 12:23:53,522 - BasePage.py:[33] - [INFO] :click :Clicked on the element: toyota_XPATH
2025-03-05 12:23:53,522 - BasePage.py:[33] - [INFO] :click :Clicked on the element: toyota_XPATH
2025-03-05 12:24:00,592 - test_carwale.py:[24] - [INFO] :test_selectCars :********* Inside Select Cars ************** 
2025-03-05 12:24:00,592 - test_carwale.py:[24] - [INFO] :test_selectCars :********* Inside Select Cars ************** 
2025-03-05 12:24:01,105 - BasePage.py:[33] - [INFO] :click :Clicked on the element: findNewCars_XPATH
2025-03-05 12:24:01,105 - BasePage.py:[33] - [INFO] :click :Clicked on the element: findNewCars_XPATH
2025-03-05 12:24:01,105 - BasePage.py:[33] - [INFO] :click :Clicked on the element: findNewCars_XPATH
2025-03-05 12:24:01,443 - BasePage.py:[33] - [INFO] :click :Clicked on the element: hyundai_XPATH
2025-03-05 12:24:01,443 - BasePage.py:[33] - [INFO] :click :Clicked on the element: hyundai_XPATH
2025-03-05 12:24:01,443 - BasePage.py:[33] - [INFO] :click :Clicked on the element: hyundai_XPATH
2025-03-05 12:24:01,443 - BasePage.py:[33] - [INFO] :click :Clicked on the element: hyundai_XPATH
2025-03-05 12:24:08,803 - test_carwale.py:[24] - [INFO] :test_selectCars :********* Inside Select Cars ************** 
2025-03-05 12:24:08,803 - test_carwale.py:[24] - [INFO] :test_selectCars :********* Inside Select Cars ************** 
2025-03-05 12:24:08,803 - test_carwale.py:[24] - [INFO] :test_selectCars :********* Inside Select Cars ************** 
2025-03-05 12:24:09,310 - BasePage.py:[33] - [INFO] :click :Clicked on the element: findNewCars_XPATH
2025-03-05 12:24:09,310 - BasePage.py:[33] - [INFO] :click :Clicked on the element: findNewCars_XPATH
2025-03-05 12:24:09,310 - BasePage.py:[33] - [INFO] :click :Clicked on the element: findNewCars_XPATH
2025-03-05 12:24:09,310 - BasePage.py:[33] - [INFO] :click :Clicked on the element: findNewCars_XPATH
2025-03-05 12:24:09,310 - BasePage.py:[33] - [INFO] :click :Clicked on the element: findNewCars_XPATH
2025-03-05 12:24:09,596 - BasePage.py:[33] - [INFO] :click :Clicked on the element: BMW_XPATH
2025-03-05 12:24:09,596 - BasePage.py:[33] - [INFO] :click :Clicked on the element: BMW_XPATH
2025-03-05 12:24:09,596 - BasePage.py:[33] - [INFO] :click :Clicked on the element: BMW_XPATH
2025-03-05 12:24:09,596 - BasePage.py:[33] - [INFO] :click :Clicked on the element: BMW_XPATH
2025-03-05 12:24:09,596 - BasePage.py:[33] - [INFO] :click :Clicked on the element: BMW_XPATH
2025-03-05 12:24:09,596 - BasePage.py:[33] - [INFO] :click :Clicked on the element: BMW_XPATH
2025-03-05 12:24:16,749 - test_carwale.py:[24] - [INFO] :test_selectCars :********* Inside Select Cars ************** 
2025-03-05 12:24:16,749 - test_carwale.py:[24] - [INFO] :test_selectCars :********* Inside Select Cars ************** 
2025-03-05 12:24:16,749 - test_carwale.py:[24] - [INFO] :test_selectCars :********* Inside Select Cars ************** 
2025-03-05 12:24:16,749 - test_carwale.py:[24] - [INFO] :test_selectCars :********* Inside Select Cars ************** 
2025-03-05 12:24:21,322 - BasePage.py:[33] - [INFO] :click :Clicked on the element: findNewCars_XPATH
2025-03-05 12:24:21,322 - BasePage.py:[33] - [INFO] :click :Clicked on the element: findNewCars_XPATH
2025-03-05 12:24:21,322 - BasePage.py:[33] - [INFO] :click :Clicked on the element: findNewCars_XPATH
2025-03-05 12:24:21,322 - BasePage.py:[33] - [INFO] :click :Clicked on the element: findNewCars_XPATH
2025-03-05 12:24:21,322 - BasePage.py:[33] - [INFO] :click :Clicked on the element: findNewCars_XPATH
2025-03-05 12:24:21,322 - BasePage.py:[33] - [INFO] :click :Clicked on the element: findNewCars_XPATH
2025-03-05 12:24:21,322 - BasePage.py:[33] - [INFO] :click :Clicked on the element: findNewCars_XPATH
2025-03-05 12:24:44,840 - test_carwale.py:[24] - [INFO] :test_selectCars :********* Inside Select Cars ************** 
2025-03-05 12:24:44,840 - test_carwale.py:[24] - [INFO] :test_selectCars :********* Inside Select Cars ************** 
2025-03-05 12:24:44,840 - test_carwale.py:[24] - [INFO] :test_selectCars :********* Inside Select Cars ************** 
2025-03-05 12:24:44,840 - test_carwale.py:[24] - [INFO] :test_selectCars :********* Inside Select Cars ************** 
2025-03-05 12:24:44,840 - test_carwale.py:[24] - [INFO] :test_selectCars :********* Inside Select Cars ************** 
2025-03-05 12:24:45,684 - BasePage.py:[33] - [INFO] :click :Clicked on the element: findNewCars_XPATH
2025-03-05 12:24:45,684 - BasePage.py:[33] - [INFO] :click :Clicked on the element: findNewCars_XPATH
2025-03-05 12:24:45,684 - BasePage.py:[33] - [INFO] :click :Clicked on the element: findNewCars_XPATH
2025-03-05 12:24:45,684 - BasePage.py:[33] - [INFO] :click :Clicked on the element: findNewCars_XPATH
2025-03-05 12:24:45,684 - BasePage.py:[33] - [INFO] :click :Clicked on the element: findNewCars_XPATH
2025-03-05 12:24:45,684 - BasePage.py:[33] - [INFO] :click :Clicked on the element: findNewCars_XPATH
2025-03-05 12:24:45,684 - BasePage.py:[33] - [INFO] :click :Clicked on the element: findNewCars_XPATH
2025-03-05 12:24:45,684 - BasePage.py:[33] - [INFO] :click :Clicked on the element: findNewCars_XPATH
2025-03-05 12:24:45,951 - BasePage.py:[33] - [INFO] :click :Clicked on the element: toyota_XPATH
2025-03-05 12:24:45,951 - BasePage.py:[33] - [INFO] :click :Clicked on the element: toyota_XPATH
2025-03-05 12:24:45,951 - BasePage.py:[33] - [INFO] :click :Clicked on the element: toyota_XPATH
2025-03-05 12:24:45,951 - BasePage.py:[33] - [INFO] :click :Clicked on the element: toyota_XPATH
2025-03-05 12:24:45,951 - BasePage.py:[33] - [INFO] :click :Clicked on the element: toyota_XPATH
2025-03-05 12:24:45,951 - BasePage.py:[33] - [INFO] :click :Clicked on the element: toyota_XPATH
2025-03-05 12:24:45,951 - BasePage.py:[33] - [INFO] :click :Clicked on the element: toyota_XPATH
2025-03-05 12:24:45,951 - BasePage.py:[33] - [INFO] :click :Clicked on the element: toyota_XPATH
2025-03-05 12:24:45,951 - BasePage.py:[33] - [INFO] :click :Clicked on the element: toyota_XPATH
2025-03-05 12:24:59,847 - test_carwale.py:[24] - [INFO] :test_selectCars :********* Inside Select Cars ************** 
2025-03-05 12:24:59,847 - test_carwale.py:[24] - [INFO] :test_selectCars :********* Inside Select Cars ************** 
2025-03-05 12:24:59,847 - test_carwale.py:[24] - [INFO] :test_selectCars :********* Inside Select Cars ************** 
2025-03-05 12:24:59,847 - test_carwale.py:[24] - [INFO] :test_selectCars :********* Inside Select Cars ************** 
2025-03-05 12:24:59,847 - test_carwale.py:[24] - [INFO] :test_selectCars :********* Inside Select Cars ************** 
2025-03-05 12:24:59,847 - test_carwale.py:[24] - [INFO] :test_selectCars :********* Inside Select Cars ************** 
2025-03-05 12:25:16,974 - BasePage.py:[33] - [INFO] :click :Clicked on the element: findNewCars_XPATH
2025-03-05 12:25:16,974 - BasePage.py:[33] - [INFO] :click :Clicked on the element: findNewCars_XPATH
2025-03-05 12:25:16,974 - BasePage.py:[33] - [INFO] :click :Clicked on the element: findNewCars_XPATH
2025-03-05 12:25:16,974 - BasePage.py:[33] - [INFO] :click :Clicked on the element: findNewCars_XPATH
2025-03-05 12:25:16,974 - BasePage.py:[33] - [INFO] :click :Clicked on the element: findNewCars_XPATH
2025-03-05 12:25:16,974 - BasePage.py:[33] - [INFO] :click :Clicked on the element: findNewCars_XPATH
2025-03-05 12:25:16,974 - BasePage.py:[33] - [INFO] :click :Clicked on the element: findNewCars_XPATH
2025-03-05 12:25:16,974 - BasePage.py:[33] - [INFO] :click :Clicked on the element: findNewCars_XPATH
2025-03-05 12:25:16,974 - BasePage.py:[33] - [INFO] :click :Clicked on the element: findNewCars_XPATH
2025-03-05 12:25:16,974 - BasePage.py:[33] - [INFO] :click :Clicked on the element: findNewCars_XPATH
2025-03-05 12:25:17,354 - BasePage.py:[33] - [INFO] :click :Clicked on the element: hyundai_XPATH
2025-03-05 12:25:17,354 - BasePage.py:[33] - [INFO] :click :Clicked on the element: hyundai_XPATH
2025-03-05 12:25:17,354 - BasePage.py:[33] - [INFO] :click :Clicked on the element: hyundai_XPATH
2025-03-05 12:25:17,354 - BasePage.py:[33] - [INFO] :click :Clicked on the element: hyundai_XPATH
2025-03-05 12:25:17,354 - BasePage.py:[33] - [INFO] :click :Clicked on the element: hyundai_XPATH
2025-03-05 12:25:17,354 - BasePage.py:[33] - [INFO] :click :Clicked on the element: hyundai_XPATH
2025-03-05 12:25:17,354 - BasePage.py:[33] - [INFO] :click :Clicked on the element: hyundai_XPATH
2025-03-05 12:25:17,354 - BasePage.py:[33] - [INFO] :click :Clicked on the element: hyundai_XPATH
2025-03-05 12:25:17,354 - BasePage.py:[33] - [INFO] :click :Clicked on the element: hyundai_XPATH
2025-03-05 12:25:17,354 - BasePage.py:[33] - [INFO] :click :Clicked on the element: hyundai_XPATH
2025-03-05 12:25:17,354 - BasePage.py:[33] - [INFO] :click :Clicked on the element: hyundai_XPATH
2025-03-05 12:25:31,235 - test_carwale.py:[24] - [INFO] :test_selectCars :********* Inside Select Cars ************** 
2025-03-05 12:25:31,235 - test_carwale.py:[24] - [INFO] :test_selectCars :********* Inside Select Cars ************** 
2025-03-05 12:25:31,235 - test_carwale.py:[24] - [INFO] :test_selectCars :********* Inside Select Cars ************** 
2025-03-05 12:25:31,235 - test_carwale.py:[24] - [INFO] :test_selectCars :********* Inside Select Cars ************** 
2025-03-05 12:25:31,235 - test_carwale.py:[24] - [INFO] :test_selectCars :********* Inside Select Cars ************** 
2025-03-05 12:25:31,235 - test_carwale.py:[24] - [INFO] :test_selectCars :********* Inside Select Cars ************** 
2025-03-05 12:25:31,235 - test_carwale.py:[24] - [INFO] :test_selectCars :********* Inside Select Cars ************** 
2025-03-05 12:25:32,142 - BasePage.py:[33] - [INFO] :click :Clicked on the element: findNewCars_XPATH
2025-03-05 12:25:32,142 - BasePage.py:[33] - [INFO] :click :Clicked on the element: findNewCars_XPATH
2025-03-05 12:25:32,142 - BasePage.py:[33] - [INFO] :click :Clicked on the element: findNewCars_XPATH
2025-03-05 12:25:32,142 - BasePage.py:[33] - [INFO] :click :Clicked on the element: findNewCars_XPATH
2025-03-05 12:25:32,142 - BasePage.py:[33] - [INFO] :click :Clicked on the element: findNewCars_XPATH
2025-03-05 12:25:32,142 - BasePage.py:[33] - [INFO] :click :Clicked on the element: findNewCars_XPATH
2025-03-05 12:25:32,142 - BasePage.py:[33] - [INFO] :click :Clicked on the element: findNewCars_XPATH
2025-03-05 12:25:32,142 - BasePage.py:[33] - [INFO] :click :Clicked on the element: findNewCars_XPATH
2025-03-05 12:25:32,142 - BasePage.py:[33] - [INFO] :click :Clicked on the element: findNewCars_XPATH
2025-03-05 12:25:32,142 - BasePage.py:[33] - [INFO] :click :Clicked on the element: findNewCars_XPATH
2025-03-05 12:25:32,142 - BasePage.py:[33] - [INFO] :click :Clicked on the element: findNewCars_XPATH
2025-03-05 12:25:32,142 - BasePage.py:[33] - [INFO] :click :Clicked on the element: findNewCars_XPATH
2025-03-05 12:25:32,401 - BasePage.py:[33] - [INFO] :click :Clicked on the element: BMW_XPATH
2025-03-05 12:25:32,401 - BasePage.py:[33] - [INFO] :click :Clicked on the element: BMW_XPATH
2025-03-05 12:25:32,401 - BasePage.py:[33] - [INFO] :click :Clicked on the element: BMW_XPATH
2025-03-05 12:25:32,401 - BasePage.py:[33] - [INFO] :click :Clicked on the element: BMW_XPATH
2025-03-05 12:25:32,401 - BasePage.py:[33] - [INFO] :click :Clicked on the element: BMW_XPATH
2025-03-05 12:25:32,401 - BasePage.py:[33] - [INFO] :click :Clicked on the element: BMW_XPATH
2025-03-05 12:25:32,401 - BasePage.py:[33] - [INFO] :click :Clicked on the element: BMW_XPATH
2025-03-05 12:25:32,401 - BasePage.py:[33] - [INFO] :click :Clicked on the element: BMW_XPATH
2025-03-05 12:25:32,401 - BasePage.py:[33] - [INFO] :click :Clicked on the element: BMW_XPATH
2025-03-05 12:25:32,401 - BasePage.py:[33] - [INFO] :click :Clicked on the element: BMW_XPATH
2025-03-05 12:25:32,401 - BasePage.py:[33] - [INFO] :click :Clicked on the element: BMW_XPATH
2025-03-05 12:25:32,401 - BasePage.py:[33] - [INFO] :click :Clicked on the element: BMW_XPATH
2025-03-05 12:25:32,401 - BasePage.py:[33] - [INFO] :click :Clicked on the element: BMW_XPATH
2025-03-05 12:25:46,450 - test_carwale.py:[24] - [INFO] :test_selectCars :********* Inside Select Cars ************** 
2025-03-05 12:25:46,450 - test_carwale.py:[24] - [INFO] :test_selectCars :********* Inside Select Cars ************** 
2025-03-05 12:25:46,450 - test_carwale.py:[24] - [INFO] :test_selectCars :********* Inside Select Cars ************** 
2025-03-05 12:25:46,450 - test_carwale.py:[24] - [INFO] :test_selectCars :********* Inside Select Cars ************** 
2025-03-05 12:25:46,450 - test_carwale.py:[24] - [INFO] :test_selectCars :********* Inside Select Cars ************** 
2025-03-05 12:25:46,450 - test_carwale.py:[24] - [INFO] :test_selectCars :********* Inside Select Cars ************** 
2025-03-05 12:25:46,450 - test_carwale.py:[24] - [INFO] :test_selectCars :********* Inside Select Cars ************** 
2025-03-05 12:25:46,450 - test_carwale.py:[24] - [INFO] :test_selectCars :********* Inside Select Cars ************** 
2025-03-05 12:25:51,333 - BasePage.py:[33] - [INFO] :click :Clicked on the element: findNewCars_XPATH
2025-03-05 12:25:51,333 - BasePage.py:[33] - [INFO] :click :Clicked on the element: findNewCars_XPATH
2025-03-05 12:25:51,333 - BasePage.py:[33] - [INFO] :click :Clicked on the element: findNewCars_XPATH
2025-03-05 12:25:51,333 - BasePage.py:[33] - [INFO] :click :Clicked on the element: findNewCars_XPATH
2025-03-05 12:25:51,333 - BasePage.py:[33] - [INFO] :click :Clicked on the element: findNewCars_XPATH
2025-03-05 12:25:51,333 - BasePage.py:[33] - [INFO] :click :Clicked on the element: findNewCars_XPATH
2025-03-05 12:25:51,333 - BasePage.py:[33] - [INFO] :click :Clicked on the element: findNewCars_XPATH
2025-03-05 12:25:51,333 - BasePage.py:[33] - [INFO] :click :Clicked on the element: findNewCars_XPATH
2025-03-05 12:25:51,333 - BasePage.py:[33] - [INFO] :click :Clicked on the element: findNewCars_XPATH
2025-03-05 12:25:51,333 - BasePage.py:[33] - [INFO] :click :Clicked on the element: findNewCars_XPATH
2025-03-05 12:25:51,333 - BasePage.py:[33] - [INFO] :click :Clicked on the element: findNewCars_XPATH
2025-03-05 12:25:51,333 - BasePage.py:[33] - [INFO] :click :Clicked on the element: findNewCars_XPATH
2025-03-05 12:25:51,333 - BasePage.py:[33] - [INFO] :click :Clicked on the element: findNewCars_XPATH
2025-03-05 12:25:51,333 - BasePage.py:[33] - [INFO] :click :Clicked on the element: findNewCars_XPATH
2025-03-05 12:25:51,623 - BasePage.py:[33] - [INFO] :click :Clicked on the element: Honda_XPATH
2025-03-05 12:25:51,623 - BasePage.py:[33] - [INFO] :click :Clicked on the element: Honda_XPATH
2025-03-05 12:25:51,623 - BasePage.py:[33] - [INFO] :click :Clicked on the element: Honda_XPATH
2025-03-05 12:25:51,623 - BasePage.py:[33] - [INFO] :click :Clicked on the element: Honda_XPATH
2025-03-05 12:25:51,623 - BasePage.py:[33] - [INFO] :click :Clicked on the element: Honda_XPATH
2025-03-05 12:25:51,623 - BasePage.py:[33] - [INFO] :click :Clicked on the element: Honda_XPATH
2025-03-05 12:25:51,623 - BasePage.py:[33] - [INFO] :click :Clicked on the element: Honda_XPATH
2025-03-05 12:25:51,623 - BasePage.py:[33] - [INFO] :click :Clicked on the element: Honda_XPATH
2025-03-05 12:25:51,623 - BasePage.py:[33] - [INFO] :click :Clicked on the element: Honda_XPATH
2025-03-05 12:25:51,623 - BasePage.py:[33] - [INFO] :click :Clicked on the element: Honda_XPATH
2025-03-05 12:25:51,623 - BasePage.py:[33] - [INFO] :click :Clicked on the element: Honda_XPATH
2025-03-05 12:25:51,623 - BasePage.py:[33] - [INFO] :click :Clicked on the element: Honda_XPATH
2025-03-05 12:25:51,623 - BasePage.py:[33] - [INFO] :click :Clicked on the element: Honda_XPATH
2025-03-05 12:25:51,623 - BasePage.py:[33] - [INFO] :click :Clicked on the element: Honda_XPATH
2025-03-05 12:25:51,623 - BasePage.py:[33] - [INFO] :click :Clicked on the element: Honda_XPATH
