2025-03-04 18:58:42,314 - test_carwale.py:[14] - [INFO] :test_gotoNewCar :*********Go to New Car**********
2025-03-04 18:58:42,806 - BasePage.py:[33] - [INFO] :click :Clicked on the element: findNewCars_XPATH
2025-03-04 18:58:45,808 - test_carwale.py:[21] - [INFO] :test_selectCars :********* Inside Select Cars ************** 
2025-03-04 18:58:46,147 - BasePage.py:[33] - [INFO] :click :Clicked on the element: findNewCars_XPATH
2025-03-04 18:58:46,147 - BasePage.py:[33] - [INFO] :click :Clicked on the element: findNewCars_XPATH
2025-03-04 18:58:56,292 - test_carwale.py:[21] - [INFO] :test_selectCars :********* Inside Select Cars ************** 
2025-03-04 18:58:56,292 - test_carwale.py:[21] - [INFO] :test_selectCars :********* Inside Select Cars ************** 
2025-03-04 18:58:56,647 - BasePage.py:[33] - [INFO] :click :Clicked on the element: findNewCars_XPATH
2025-03-04 18:58:56,647 - BasePage.py:[33] - [INFO] :click :Clicked on the element: findNewCars_XPATH
2025-03-04 18:58:56,647 - BasePage.py:[33] - [INFO] :click :Clicked on the element: findNewCars_XPATH
2025-03-04 18:58:56,727 - BasePage.py:[33] - [INFO] :click :Clicked on the element: hyundai_XPATH
2025-03-04 18:58:56,727 - BasePage.py:[33] - [INFO] :click :Clicked on the element: hyundai_XPATH
2025-03-04 18:58:56,727 - BasePage.py:[33] - [INFO] :click :Clicked on the element: hyundai_XPATH
2025-03-04 18:58:56,727 - BasePage.py:[33] - [INFO] :click :Clicked on the element: hyundai_XPATH
2025-03-04 18:58:56,736 - test_carwale.py:[21] - [INFO] :test_selectCars :********* Inside Select Cars ************** 
2025-03-04 18:58:56,736 - test_carwale.py:[21] - [INFO] :test_selectCars :********* Inside Select Cars ************** 
2025-03-04 18:58:56,736 - test_carwale.py:[21] - [INFO] :test_selectCars :********* Inside Select Cars ************** 
2025-03-04 18:58:57,201 - BasePage.py:[33] - [INFO] :click :Clicked on the element: findNewCars_XPATH
2025-03-04 18:58:57,201 - BasePage.py:[33] - [INFO] :click :Clicked on the element: findNewCars_XPATH
2025-03-04 18:58:57,201 - BasePage.py:[33] - [INFO] :click :Clicked on the element: findNewCars_XPATH
2025-03-04 18:58:57,201 - BasePage.py:[33] - [INFO] :click :Clicked on the element: findNewCars_XPATH
2025-03-04 18:58:57,201 - BasePage.py:[33] - [INFO] :click :Clicked on the element: findNewCars_XPATH
2025-03-04 18:58:57,374 - BasePage.py:[33] - [INFO] :click :Clicked on the element: BMW_XPATH
2025-03-04 18:58:57,374 - BasePage.py:[33] - [INFO] :click :Clicked on the element: BMW_XPATH
2025-03-04 18:58:57,374 - BasePage.py:[33] - [INFO] :click :Clicked on the element: BMW_XPATH
2025-03-04 18:58:57,374 - BasePage.py:[33] - [INFO] :click :Clicked on the element: BMW_XPATH
2025-03-04 18:58:57,374 - BasePage.py:[33] - [INFO] :click :Clicked on the element: BMW_XPATH
2025-03-04 18:58:57,374 - BasePage.py:[33] - [INFO] :click :Clicked on the element: BMW_XPATH
2025-03-04 18:58:57,380 - test_carwale.py:[21] - [INFO] :test_selectCars :********* Inside Select Cars ************** 
2025-03-04 18:58:57,380 - test_carwale.py:[21] - [INFO] :test_selectCars :********* Inside Select Cars ************** 
2025-03-04 18:58:57,380 - test_carwale.py:[21] - [INFO] :test_selectCars :********* Inside Select Cars ************** 
2025-03-04 18:58:57,380 - test_carwale.py:[21] - [INFO] :test_selectCars :********* Inside Select Cars ************** 
2025-03-04 18:58:57,722 - BasePage.py:[33] - [INFO] :click :Clicked on the element: findNewCars_XPATH
2025-03-04 18:58:57,722 - BasePage.py:[33] - [INFO] :click :Clicked on the element: findNewCars_XPATH
2025-03-04 18:58:57,722 - BasePage.py:[33] - [INFO] :click :Clicked on the element: findNewCars_XPATH
2025-03-04 18:58:57,722 - BasePage.py:[33] - [INFO] :click :Clicked on the element: findNewCars_XPATH
2025-03-04 18:58:57,722 - BasePage.py:[33] - [INFO] :click :Clicked on the element: findNewCars_XPATH
2025-03-04 18:58:57,722 - BasePage.py:[33] - [INFO] :click :Clicked on the element: findNewCars_XPATH
2025-03-04 18:58:57,722 - BasePage.py:[33] - [INFO] :click :Clicked on the element: findNewCars_XPATH
2025-03-04 18:58:57,905 - BasePage.py:[33] - [INFO] :click :Clicked on the element: Honda_XPATH
2025-03-04 18:58:57,905 - BasePage.py:[33] - [INFO] :click :Clicked on the element: Honda_XPATH
2025-03-04 18:58:57,905 - BasePage.py:[33] - [INFO] :click :Clicked on the element: Honda_XPATH
2025-03-04 18:58:57,905 - BasePage.py:[33] - [INFO] :click :Clicked on the element: Honda_XPATH
2025-03-04 18:58:57,905 - BasePage.py:[33] - [INFO] :click :Clicked on the element: Honda_XPATH
2025-03-04 18:58:57,905 - BasePage.py:[33] - [INFO] :click :Clicked on the element: Honda_XPATH
2025-03-04 18:58:57,905 - BasePage.py:[33] - [INFO] :click :Clicked on the element: Honda_XPATH
2025-03-04 18:58:57,905 - BasePage.py:[33] - [INFO] :click :Clicked on the element: Honda_XPATH
2025-03-04 18:59:08,919 - test_carwale.py:[14] - [INFO] :test_gotoNewCar :*********Go to New Car**********
2025-03-04 18:59:08,919 - test_carwale.py:[14] - [INFO] :test_gotoNewCar :*********Go to New Car**********
2025-03-04 18:59:09,736 - BasePage.py:[33] - [INFO] :click :Clicked on the element: findNewCars_XPATH
2025-03-04 18:59:09,736 - BasePage.py:[33] - [INFO] :click :Clicked on the element: findNewCars_XPATH
2025-03-04 18:59:09,736 - BasePage.py:[33] - [INFO] :click :Clicked on the element: findNewCars_XPATH
2025-03-04 18:59:09,736 - BasePage.py:[33] - [INFO] :click :Clicked on the element: findNewCars_XPATH
2025-03-04 18:59:09,736 - BasePage.py:[33] - [INFO] :click :Clicked on the element: findNewCars_XPATH
2025-03-04 18:59:09,736 - BasePage.py:[33] - [INFO] :click :Clicked on the element: findNewCars_XPATH
2025-03-04 18:59:09,736 - BasePage.py:[33] - [INFO] :click :Clicked on the element: findNewCars_XPATH
2025-03-04 18:59:09,736 - BasePage.py:[33] - [INFO] :click :Clicked on the element: findNewCars_XPATH
2025-03-04 18:59:09,736 - BasePage.py:[33] - [INFO] :click :Clicked on the element: findNewCars_XPATH
2025-03-04 18:59:12,742 - test_carwale.py:[21] - [INFO] :test_selectCars :********* Inside Select Cars ************** 
2025-03-04 18:59:12,742 - test_carwale.py:[21] - [INFO] :test_selectCars :********* Inside Select Cars ************** 
2025-03-04 18:59:12,742 - test_carwale.py:[21] - [INFO] :test_selectCars :********* Inside Select Cars ************** 
2025-03-04 18:59:12,742 - test_carwale.py:[21] - [INFO] :test_selectCars :********* Inside Select Cars ************** 
2025-03-04 18:59:12,742 - test_carwale.py:[21] - [INFO] :test_selectCars :********* Inside Select Cars ************** 
2025-03-04 18:59:27,128 - test_carwale.py:[21] - [INFO] :test_selectCars :********* Inside Select Cars ************** 
2025-03-04 18:59:27,128 - test_carwale.py:[21] - [INFO] :test_selectCars :********* Inside Select Cars ************** 
2025-03-04 18:59:27,128 - test_carwale.py:[21] - [INFO] :test_selectCars :********* Inside Select Cars ************** 
2025-03-04 18:59:27,128 - test_carwale.py:[21] - [INFO] :test_selectCars :********* Inside Select Cars ************** 
2025-03-04 18:59:27,128 - test_carwale.py:[21] - [INFO] :test_selectCars :********* Inside Select Cars ************** 
2025-03-04 18:59:27,128 - test_carwale.py:[21] - [INFO] :test_selectCars :********* Inside Select Cars ************** 
2025-03-04 18:59:37,431 - test_carwale.py:[21] - [INFO] :test_selectCars :********* Inside Select Cars ************** 
2025-03-04 18:59:37,431 - test_carwale.py:[21] - [INFO] :test_selectCars :********* Inside Select Cars ************** 
2025-03-04 18:59:37,431 - test_carwale.py:[21] - [INFO] :test_selectCars :********* Inside Select Cars ************** 
2025-03-04 18:59:37,431 - test_carwale.py:[21] - [INFO] :test_selectCars :********* Inside Select Cars ************** 
2025-03-04 18:59:37,431 - test_carwale.py:[21] - [INFO] :test_selectCars :********* Inside Select Cars ************** 
2025-03-04 18:59:37,431 - test_carwale.py:[21] - [INFO] :test_selectCars :********* Inside Select Cars ************** 
2025-03-04 18:59:37,431 - test_carwale.py:[21] - [INFO] :test_selectCars :********* Inside Select Cars ************** 
2025-03-04 18:59:47,729 - test_carwale.py:[21] - [INFO] :test_selectCars :********* Inside Select Cars ************** 
2025-03-04 18:59:47,729 - test_carwale.py:[21] - [INFO] :test_selectCars :********* Inside Select Cars ************** 
2025-03-04 18:59:47,729 - test_carwale.py:[21] - [INFO] :test_selectCars :********* Inside Select Cars ************** 
2025-03-04 18:59:47,729 - test_carwale.py:[21] - [INFO] :test_selectCars :********* Inside Select Cars ************** 
2025-03-04 18:59:47,729 - test_carwale.py:[21] - [INFO] :test_selectCars :********* Inside Select Cars ************** 
2025-03-04 18:59:47,729 - test_carwale.py:[21] - [INFO] :test_selectCars :********* Inside Select Cars ************** 
2025-03-04 18:59:47,729 - test_carwale.py:[21] - [INFO] :test_selectCars :********* Inside Select Cars ************** 
2025-03-04 18:59:47,729 - test_carwale.py:[21] - [INFO] :test_selectCars :********* Inside Select Cars ************** 
