2025-03-05 15:20:54,545 - test_carwale.py:[24] - [INFO] :test_selectCars :********* Inside Select Cars ************** 
2025-03-05 15:20:55,134 - BasePage.py:[33] - [INFO] :click :Clicked on the element: findNewCars_XPATH
2025-03-05 15:20:55,370 - BasePage.py:[33] - [INFO] :click :Clicked on the element: toyota_XPATH
2025-03-05 15:20:55,370 - BasePage.py:[33] - [INFO] :click :Clicked on the element: toyota_XPATH
2025-03-05 15:21:01,996 - test_carwale.py:[24] - [INFO] :test_selectCars :********* Inside Select Cars ************** 
2025-03-05 15:21:01,996 - test_carwale.py:[24] - [INFO] :test_selectCars :********* Inside Select Cars ************** 
2025-03-05 15:21:02,453 - BasePage.py:[33] - [INFO] :click :Clicked on the element: findNewCars_XPATH
2025-03-05 15:21:02,453 - BasePage.py:[33] - [INFO] :click :Clicked on the element: findNewCars_XPATH
2025-03-05 15:21:02,453 - BasePage.py:[33] - [INFO] :click :Clicked on the element: findNewCars_XPATH
2025-03-05 15:21:02,695 - BasePage.py:[33] - [INFO] :click :Clicked on the element: hyundai_XPATH
2025-03-05 15:21:02,695 - BasePage.py:[33] - [INFO] :click :Clicked on the element: hyundai_XPATH
2025-03-05 15:21:02,695 - BasePage.py:[33] - [INFO] :click :Clicked on the element: hyundai_XPATH
2025-03-05 15:21:02,695 - BasePage.py:[33] - [INFO] :click :Clicked on the element: hyundai_XPATH
2025-03-05 15:21:19,533 - test_carwale.py:[24] - [INFO] :test_selectCars :********* Inside Select Cars ************** 
2025-03-05 15:21:19,533 - test_carwale.py:[24] - [INFO] :test_selectCars :********* Inside Select Cars ************** 
2025-03-05 15:21:19,533 - test_carwale.py:[24] - [INFO] :test_selectCars :********* Inside Select Cars ************** 
2025-03-05 15:21:19,947 - BasePage.py:[33] - [INFO] :click :Clicked on the element: findNewCars_XPATH
2025-03-05 15:21:19,947 - BasePage.py:[33] - [INFO] :click :Clicked on the element: findNewCars_XPATH
2025-03-05 15:21:19,947 - BasePage.py:[33] - [INFO] :click :Clicked on the element: findNewCars_XPATH
2025-03-05 15:21:19,947 - BasePage.py:[33] - [INFO] :click :Clicked on the element: findNewCars_XPATH
2025-03-05 15:21:19,947 - BasePage.py:[33] - [INFO] :click :Clicked on the element: findNewCars_XPATH
2025-03-05 15:21:20,231 - BasePage.py:[33] - [INFO] :click :Clicked on the element: BMW_XPATH
2025-03-05 15:21:20,231 - BasePage.py:[33] - [INFO] :click :Clicked on the element: BMW_XPATH
2025-03-05 15:21:20,231 - BasePage.py:[33] - [INFO] :click :Clicked on the element: BMW_XPATH
2025-03-05 15:21:20,231 - BasePage.py:[33] - [INFO] :click :Clicked on the element: BMW_XPATH
2025-03-05 15:21:20,231 - BasePage.py:[33] - [INFO] :click :Clicked on the element: BMW_XPATH
2025-03-05 15:21:20,231 - BasePage.py:[33] - [INFO] :click :Clicked on the element: BMW_XPATH
2025-03-05 15:21:27,478 - test_carwale.py:[24] - [INFO] :test_selectCars :********* Inside Select Cars ************** 
2025-03-05 15:21:27,478 - test_carwale.py:[24] - [INFO] :test_selectCars :********* Inside Select Cars ************** 
2025-03-05 15:21:27,478 - test_carwale.py:[24] - [INFO] :test_selectCars :********* Inside Select Cars ************** 
2025-03-05 15:21:27,478 - test_carwale.py:[24] - [INFO] :test_selectCars :********* Inside Select Cars ************** 
2025-03-05 15:21:27,932 - BasePage.py:[33] - [INFO] :click :Clicked on the element: findNewCars_XPATH
2025-03-05 15:21:27,932 - BasePage.py:[33] - [INFO] :click :Clicked on the element: findNewCars_XPATH
2025-03-05 15:21:27,932 - BasePage.py:[33] - [INFO] :click :Clicked on the element: findNewCars_XPATH
2025-03-05 15:21:27,932 - BasePage.py:[33] - [INFO] :click :Clicked on the element: findNewCars_XPATH
2025-03-05 15:21:27,932 - BasePage.py:[33] - [INFO] :click :Clicked on the element: findNewCars_XPATH
2025-03-05 15:21:27,932 - BasePage.py:[33] - [INFO] :click :Clicked on the element: findNewCars_XPATH
2025-03-05 15:21:27,932 - BasePage.py:[33] - [INFO] :click :Clicked on the element: findNewCars_XPATH
2025-03-05 15:21:28,183 - BasePage.py:[33] - [INFO] :click :Clicked on the element: Honda_XPATH
2025-03-05 15:21:28,183 - BasePage.py:[33] - [INFO] :click :Clicked on the element: Honda_XPATH
2025-03-05 15:21:28,183 - BasePage.py:[33] - [INFO] :click :Clicked on the element: Honda_XPATH
2025-03-05 15:21:28,183 - BasePage.py:[33] - [INFO] :click :Clicked on the element: Honda_XPATH
2025-03-05 15:21:28,183 - BasePage.py:[33] - [INFO] :click :Clicked on the element: Honda_XPATH
2025-03-05 15:21:28,183 - BasePage.py:[33] - [INFO] :click :Clicked on the element: Honda_XPATH
2025-03-05 15:21:28,183 - BasePage.py:[33] - [INFO] :click :Clicked on the element: Honda_XPATH
2025-03-05 15:21:28,183 - BasePage.py:[33] - [INFO] :click :Clicked on the element: Honda_XPATH
2025-03-05 15:21:59,271 - test_carwale.py:[24] - [INFO] :test_selectCars :********* Inside Select Cars ************** 
2025-03-05 15:21:59,767 - BasePage.py:[33] - [INFO] :click :Clicked on the element: findNewCars_XPATH
2025-03-05 15:22:00,064 - BasePage.py:[33] - [INFO] :click :Clicked on the element: toyota_XPATH
2025-03-05 15:22:00,064 - BasePage.py:[33] - [INFO] :click :Clicked on the element: toyota_XPATH
2025-03-05 15:22:07,644 - test_carwale.py:[24] - [INFO] :test_selectCars :********* Inside Select Cars ************** 
2025-03-05 15:22:07,644 - test_carwale.py:[24] - [INFO] :test_selectCars :********* Inside Select Cars ************** 
2025-03-05 15:22:08,168 - BasePage.py:[33] - [INFO] :click :Clicked on the element: findNewCars_XPATH
2025-03-05 15:22:08,168 - BasePage.py:[33] - [INFO] :click :Clicked on the element: findNewCars_XPATH
2025-03-05 15:22:08,168 - BasePage.py:[33] - [INFO] :click :Clicked on the element: findNewCars_XPATH
2025-03-05 15:22:08,530 - BasePage.py:[33] - [INFO] :click :Clicked on the element: hyundai_XPATH
2025-03-05 15:22:08,530 - BasePage.py:[33] - [INFO] :click :Clicked on the element: hyundai_XPATH
2025-03-05 15:22:08,530 - BasePage.py:[33] - [INFO] :click :Clicked on the element: hyundai_XPATH
2025-03-05 15:22:08,530 - BasePage.py:[33] - [INFO] :click :Clicked on the element: hyundai_XPATH
2025-03-05 15:22:15,889 - test_carwale.py:[24] - [INFO] :test_selectCars :********* Inside Select Cars ************** 
2025-03-05 15:22:15,889 - test_carwale.py:[24] - [INFO] :test_selectCars :********* Inside Select Cars ************** 
2025-03-05 15:22:15,889 - test_carwale.py:[24] - [INFO] :test_selectCars :********* Inside Select Cars ************** 
2025-03-05 15:22:16,475 - BasePage.py:[33] - [INFO] :click :Clicked on the element: findNewCars_XPATH
2025-03-05 15:22:16,475 - BasePage.py:[33] - [INFO] :click :Clicked on the element: findNewCars_XPATH
2025-03-05 15:22:16,475 - BasePage.py:[33] - [INFO] :click :Clicked on the element: findNewCars_XPATH
2025-03-05 15:22:16,475 - BasePage.py:[33] - [INFO] :click :Clicked on the element: findNewCars_XPATH
2025-03-05 15:22:16,475 - BasePage.py:[33] - [INFO] :click :Clicked on the element: findNewCars_XPATH
2025-03-05 15:22:16,816 - BasePage.py:[33] - [INFO] :click :Clicked on the element: BMW_XPATH
2025-03-05 15:22:16,816 - BasePage.py:[33] - [INFO] :click :Clicked on the element: BMW_XPATH
2025-03-05 15:22:16,816 - BasePage.py:[33] - [INFO] :click :Clicked on the element: BMW_XPATH
2025-03-05 15:22:16,816 - BasePage.py:[33] - [INFO] :click :Clicked on the element: BMW_XPATH
2025-03-05 15:22:16,816 - BasePage.py:[33] - [INFO] :click :Clicked on the element: BMW_XPATH
2025-03-05 15:22:16,816 - BasePage.py:[33] - [INFO] :click :Clicked on the element: BMW_XPATH
2025-03-05 15:22:24,117 - test_carwale.py:[24] - [INFO] :test_selectCars :********* Inside Select Cars ************** 
2025-03-05 15:22:24,117 - test_carwale.py:[24] - [INFO] :test_selectCars :********* Inside Select Cars ************** 
2025-03-05 15:22:24,117 - test_carwale.py:[24] - [INFO] :test_selectCars :********* Inside Select Cars ************** 
2025-03-05 15:22:24,117 - test_carwale.py:[24] - [INFO] :test_selectCars :********* Inside Select Cars ************** 
2025-03-05 15:22:24,620 - BasePage.py:[33] - [INFO] :click :Clicked on the element: findNewCars_XPATH
2025-03-05 15:22:24,620 - BasePage.py:[33] - [INFO] :click :Clicked on the element: findNewCars_XPATH
2025-03-05 15:22:24,620 - BasePage.py:[33] - [INFO] :click :Clicked on the element: findNewCars_XPATH
2025-03-05 15:22:24,620 - BasePage.py:[33] - [INFO] :click :Clicked on the element: findNewCars_XPATH
2025-03-05 15:22:24,620 - BasePage.py:[33] - [INFO] :click :Clicked on the element: findNewCars_XPATH
2025-03-05 15:22:24,620 - BasePage.py:[33] - [INFO] :click :Clicked on the element: findNewCars_XPATH
2025-03-05 15:22:24,620 - BasePage.py:[33] - [INFO] :click :Clicked on the element: findNewCars_XPATH
2025-03-05 15:22:24,986 - BasePage.py:[33] - [INFO] :click :Clicked on the element: Honda_XPATH
2025-03-05 15:22:24,986 - BasePage.py:[33] - [INFO] :click :Clicked on the element: Honda_XPATH
2025-03-05 15:22:24,986 - BasePage.py:[33] - [INFO] :click :Clicked on the element: Honda_XPATH
2025-03-05 15:22:24,986 - BasePage.py:[33] - [INFO] :click :Clicked on the element: Honda_XPATH
2025-03-05 15:22:24,986 - BasePage.py:[33] - [INFO] :click :Clicked on the element: Honda_XPATH
2025-03-05 15:22:24,986 - BasePage.py:[33] - [INFO] :click :Clicked on the element: Honda_XPATH
2025-03-05 15:22:24,986 - BasePage.py:[33] - [INFO] :click :Clicked on the element: Honda_XPATH
2025-03-05 15:22:24,986 - BasePage.py:[33] - [INFO] :click :Clicked on the element: Honda_XPATH
2025-03-05 15:23:39,999 - test_carwale.py:[24] - [INFO] :test_selectCars :********* Inside Select Cars ************** 
2025-03-05 15:23:40,573 - BasePage.py:[33] - [INFO] :click :Clicked on the element: findNewCars_XPATH
2025-03-05 15:23:40,831 - BasePage.py:[33] - [INFO] :click :Clicked on the element: toyota_XPATH
2025-03-05 15:23:40,831 - BasePage.py:[33] - [INFO] :click :Clicked on the element: toyota_XPATH
2025-03-05 15:23:48,542 - test_carwale.py:[24] - [INFO] :test_selectCars :********* Inside Select Cars ************** 
2025-03-05 15:23:48,542 - test_carwale.py:[24] - [INFO] :test_selectCars :********* Inside Select Cars ************** 
2025-03-05 15:23:49,052 - BasePage.py:[33] - [INFO] :click :Clicked on the element: findNewCars_XPATH
2025-03-05 15:23:49,052 - BasePage.py:[33] - [INFO] :click :Clicked on the element: findNewCars_XPATH
2025-03-05 15:23:49,052 - BasePage.py:[33] - [INFO] :click :Clicked on the element: findNewCars_XPATH
2025-03-05 15:23:49,423 - BasePage.py:[33] - [INFO] :click :Clicked on the element: hyundai_XPATH
2025-03-05 15:23:49,423 - BasePage.py:[33] - [INFO] :click :Clicked on the element: hyundai_XPATH
2025-03-05 15:23:49,423 - BasePage.py:[33] - [INFO] :click :Clicked on the element: hyundai_XPATH
2025-03-05 15:23:49,423 - BasePage.py:[33] - [INFO] :click :Clicked on the element: hyundai_XPATH
2025-03-05 15:23:57,268 - test_carwale.py:[24] - [INFO] :test_selectCars :********* Inside Select Cars ************** 
2025-03-05 15:23:57,268 - test_carwale.py:[24] - [INFO] :test_selectCars :********* Inside Select Cars ************** 
2025-03-05 15:23:57,268 - test_carwale.py:[24] - [INFO] :test_selectCars :********* Inside Select Cars ************** 
2025-03-05 15:23:57,773 - BasePage.py:[33] - [INFO] :click :Clicked on the element: findNewCars_XPATH
2025-03-05 15:23:57,773 - BasePage.py:[33] - [INFO] :click :Clicked on the element: findNewCars_XPATH
2025-03-05 15:23:57,773 - BasePage.py:[33] - [INFO] :click :Clicked on the element: findNewCars_XPATH
2025-03-05 15:23:57,773 - BasePage.py:[33] - [INFO] :click :Clicked on the element: findNewCars_XPATH
2025-03-05 15:23:57,773 - BasePage.py:[33] - [INFO] :click :Clicked on the element: findNewCars_XPATH
2025-03-05 15:23:58,098 - BasePage.py:[33] - [INFO] :click :Clicked on the element: BMW_XPATH
2025-03-05 15:23:58,098 - BasePage.py:[33] - [INFO] :click :Clicked on the element: BMW_XPATH
2025-03-05 15:23:58,098 - BasePage.py:[33] - [INFO] :click :Clicked on the element: BMW_XPATH
2025-03-05 15:23:58,098 - BasePage.py:[33] - [INFO] :click :Clicked on the element: BMW_XPATH
2025-03-05 15:23:58,098 - BasePage.py:[33] - [INFO] :click :Clicked on the element: BMW_XPATH
2025-03-05 15:23:58,098 - BasePage.py:[33] - [INFO] :click :Clicked on the element: BMW_XPATH
2025-03-05 15:24:16,082 - test_carwale.py:[24] - [INFO] :test_selectCars :********* Inside Select Cars ************** 
2025-03-05 15:24:16,082 - test_carwale.py:[24] - [INFO] :test_selectCars :********* Inside Select Cars ************** 
2025-03-05 15:24:16,082 - test_carwale.py:[24] - [INFO] :test_selectCars :********* Inside Select Cars ************** 
2025-03-05 15:24:16,082 - test_carwale.py:[24] - [INFO] :test_selectCars :********* Inside Select Cars ************** 
2025-03-05 15:24:16,576 - BasePage.py:[33] - [INFO] :click :Clicked on the element: findNewCars_XPATH
2025-03-05 15:24:16,576 - BasePage.py:[33] - [INFO] :click :Clicked on the element: findNewCars_XPATH
2025-03-05 15:24:16,576 - BasePage.py:[33] - [INFO] :click :Clicked on the element: findNewCars_XPATH
2025-03-05 15:24:16,576 - BasePage.py:[33] - [INFO] :click :Clicked on the element: findNewCars_XPATH
2025-03-05 15:24:16,576 - BasePage.py:[33] - [INFO] :click :Clicked on the element: findNewCars_XPATH
2025-03-05 15:24:16,576 - BasePage.py:[33] - [INFO] :click :Clicked on the element: findNewCars_XPATH
2025-03-05 15:24:16,576 - BasePage.py:[33] - [INFO] :click :Clicked on the element: findNewCars_XPATH
2025-03-05 15:24:16,885 - BasePage.py:[33] - [INFO] :click :Clicked on the element: Honda_XPATH
2025-03-05 15:24:16,885 - BasePage.py:[33] - [INFO] :click :Clicked on the element: Honda_XPATH
2025-03-05 15:24:16,885 - BasePage.py:[33] - [INFO] :click :Clicked on the element: Honda_XPATH
2025-03-05 15:24:16,885 - BasePage.py:[33] - [INFO] :click :Clicked on the element: Honda_XPATH
2025-03-05 15:24:16,885 - BasePage.py:[33] - [INFO] :click :Clicked on the element: Honda_XPATH
2025-03-05 15:24:16,885 - BasePage.py:[33] - [INFO] :click :Clicked on the element: Honda_XPATH
2025-03-05 15:24:16,885 - BasePage.py:[33] - [INFO] :click :Clicked on the element: Honda_XPATH
2025-03-05 15:24:16,885 - BasePage.py:[33] - [INFO] :click :Clicked on the element: Honda_XPATH
2025-03-05 15:25:16,791 - test_carwale.py:[24] - [INFO] :test_selectCars :********* Inside Select Cars ************** 
2025-03-05 15:25:17,243 - BasePage.py:[33] - [INFO] :click :Clicked on the element: findNewCars_XPATH
2025-03-05 15:25:17,490 - BasePage.py:[33] - [INFO] :click :Clicked on the element: toyota_XPATH
2025-03-05 15:25:17,490 - BasePage.py:[33] - [INFO] :click :Clicked on the element: toyota_XPATH
2025-03-05 15:25:26,870 - test_carwale.py:[24] - [INFO] :test_selectCars :********* Inside Select Cars ************** 
2025-03-05 15:25:26,870 - test_carwale.py:[24] - [INFO] :test_selectCars :********* Inside Select Cars ************** 
2025-03-05 15:25:27,394 - BasePage.py:[33] - [INFO] :click :Clicked on the element: findNewCars_XPATH
2025-03-05 15:25:27,394 - BasePage.py:[33] - [INFO] :click :Clicked on the element: findNewCars_XPATH
2025-03-05 15:25:27,394 - BasePage.py:[33] - [INFO] :click :Clicked on the element: findNewCars_XPATH
2025-03-05 15:25:27,726 - BasePage.py:[33] - [INFO] :click :Clicked on the element: hyundai_XPATH
2025-03-05 15:25:27,726 - BasePage.py:[33] - [INFO] :click :Clicked on the element: hyundai_XPATH
2025-03-05 15:25:27,726 - BasePage.py:[33] - [INFO] :click :Clicked on the element: hyundai_XPATH
2025-03-05 15:25:27,726 - BasePage.py:[33] - [INFO] :click :Clicked on the element: hyundai_XPATH
2025-03-05 15:25:37,860 - test_carwale.py:[24] - [INFO] :test_selectCars :********* Inside Select Cars ************** 
2025-03-05 15:25:37,860 - test_carwale.py:[24] - [INFO] :test_selectCars :********* Inside Select Cars ************** 
2025-03-05 15:25:37,860 - test_carwale.py:[24] - [INFO] :test_selectCars :********* Inside Select Cars ************** 
2025-03-05 15:25:38,366 - BasePage.py:[33] - [INFO] :click :Clicked on the element: findNewCars_XPATH
2025-03-05 15:25:38,366 - BasePage.py:[33] - [INFO] :click :Clicked on the element: findNewCars_XPATH
2025-03-05 15:25:38,366 - BasePage.py:[33] - [INFO] :click :Clicked on the element: findNewCars_XPATH
2025-03-05 15:25:38,366 - BasePage.py:[33] - [INFO] :click :Clicked on the element: findNewCars_XPATH
2025-03-05 15:25:38,366 - BasePage.py:[33] - [INFO] :click :Clicked on the element: findNewCars_XPATH
2025-03-05 15:25:38,679 - BasePage.py:[33] - [INFO] :click :Clicked on the element: BMW_XPATH
2025-03-05 15:25:38,679 - BasePage.py:[33] - [INFO] :click :Clicked on the element: BMW_XPATH
2025-03-05 15:25:38,679 - BasePage.py:[33] - [INFO] :click :Clicked on the element: BMW_XPATH
2025-03-05 15:25:38,679 - BasePage.py:[33] - [INFO] :click :Clicked on the element: BMW_XPATH
2025-03-05 15:25:38,679 - BasePage.py:[33] - [INFO] :click :Clicked on the element: BMW_XPATH
2025-03-05 15:25:38,679 - BasePage.py:[33] - [INFO] :click :Clicked on the element: BMW_XPATH
2025-03-05 15:25:48,760 - test_carwale.py:[24] - [INFO] :test_selectCars :********* Inside Select Cars ************** 
2025-03-05 15:25:48,760 - test_carwale.py:[24] - [INFO] :test_selectCars :********* Inside Select Cars ************** 
2025-03-05 15:25:48,760 - test_carwale.py:[24] - [INFO] :test_selectCars :********* Inside Select Cars ************** 
2025-03-05 15:25:48,760 - test_carwale.py:[24] - [INFO] :test_selectCars :********* Inside Select Cars ************** 
2025-03-05 15:25:49,312 - BasePage.py:[33] - [INFO] :click :Clicked on the element: findNewCars_XPATH
2025-03-05 15:25:49,312 - BasePage.py:[33] - [INFO] :click :Clicked on the element: findNewCars_XPATH
2025-03-05 15:25:49,312 - BasePage.py:[33] - [INFO] :click :Clicked on the element: findNewCars_XPATH
2025-03-05 15:25:49,312 - BasePage.py:[33] - [INFO] :click :Clicked on the element: findNewCars_XPATH
2025-03-05 15:25:49,312 - BasePage.py:[33] - [INFO] :click :Clicked on the element: findNewCars_XPATH
2025-03-05 15:25:49,312 - BasePage.py:[33] - [INFO] :click :Clicked on the element: findNewCars_XPATH
2025-03-05 15:25:49,312 - BasePage.py:[33] - [INFO] :click :Clicked on the element: findNewCars_XPATH
2025-03-05 15:25:49,590 - BasePage.py:[33] - [INFO] :click :Clicked on the element: Honda_XPATH
2025-03-05 15:25:49,590 - BasePage.py:[33] - [INFO] :click :Clicked on the element: Honda_XPATH
2025-03-05 15:25:49,590 - BasePage.py:[33] - [INFO] :click :Clicked on the element: Honda_XPATH
2025-03-05 15:25:49,590 - BasePage.py:[33] - [INFO] :click :Clicked on the element: Honda_XPATH
2025-03-05 15:25:49,590 - BasePage.py:[33] - [INFO] :click :Clicked on the element: Honda_XPATH
2025-03-05 15:25:49,590 - BasePage.py:[33] - [INFO] :click :Clicked on the element: Honda_XPATH
2025-03-05 15:25:49,590 - BasePage.py:[33] - [INFO] :click :Clicked on the element: Honda_XPATH
2025-03-05 15:25:49,590 - BasePage.py:[33] - [INFO] :click :Clicked on the element: Honda_XPATH
2025-03-05 15:56:19,617 - test_carwale.py:[24] - [INFO] :test_selectCars :********* Inside Select Cars ************** 
2025-03-05 15:56:20,076 - BasePage.py:[33] - [INFO] :click :Clicked on the element: findNewCars_XPATH
2025-03-05 15:56:20,391 - BasePage.py:[33] - [INFO] :click :Clicked on the element: toyota_XPATH
2025-03-05 15:56:20,391 - BasePage.py:[33] - [INFO] :click :Clicked on the element: toyota_XPATH
2025-03-05 15:56:30,655 - test_carwale.py:[24] - [INFO] :test_selectCars :********* Inside Select Cars ************** 
2025-03-05 15:56:30,655 - test_carwale.py:[24] - [INFO] :test_selectCars :********* Inside Select Cars ************** 
2025-03-05 15:56:31,171 - BasePage.py:[33] - [INFO] :click :Clicked on the element: findNewCars_XPATH
2025-03-05 15:56:31,171 - BasePage.py:[33] - [INFO] :click :Clicked on the element: findNewCars_XPATH
2025-03-05 15:56:31,171 - BasePage.py:[33] - [INFO] :click :Clicked on the element: findNewCars_XPATH
2025-03-05 15:56:31,524 - BasePage.py:[33] - [INFO] :click :Clicked on the element: hyundai_XPATH
2025-03-05 15:56:31,524 - BasePage.py:[33] - [INFO] :click :Clicked on the element: hyundai_XPATH
2025-03-05 15:56:31,524 - BasePage.py:[33] - [INFO] :click :Clicked on the element: hyundai_XPATH
2025-03-05 15:56:31,524 - BasePage.py:[33] - [INFO] :click :Clicked on the element: hyundai_XPATH
2025-03-05 15:56:41,958 - test_carwale.py:[24] - [INFO] :test_selectCars :********* Inside Select Cars ************** 
2025-03-05 15:56:41,958 - test_carwale.py:[24] - [INFO] :test_selectCars :********* Inside Select Cars ************** 
2025-03-05 15:56:41,958 - test_carwale.py:[24] - [INFO] :test_selectCars :********* Inside Select Cars ************** 
2025-03-05 15:56:42,466 - BasePage.py:[33] - [INFO] :click :Clicked on the element: findNewCars_XPATH
2025-03-05 15:56:42,466 - BasePage.py:[33] - [INFO] :click :Clicked on the element: findNewCars_XPATH
2025-03-05 15:56:42,466 - BasePage.py:[33] - [INFO] :click :Clicked on the element: findNewCars_XPATH
2025-03-05 15:56:42,466 - BasePage.py:[33] - [INFO] :click :Clicked on the element: findNewCars_XPATH
2025-03-05 15:56:42,466 - BasePage.py:[33] - [INFO] :click :Clicked on the element: findNewCars_XPATH
2025-03-05 15:56:42,774 - BasePage.py:[33] - [INFO] :click :Clicked on the element: BMW_XPATH
2025-03-05 15:56:42,774 - BasePage.py:[33] - [INFO] :click :Clicked on the element: BMW_XPATH
2025-03-05 15:56:42,774 - BasePage.py:[33] - [INFO] :click :Clicked on the element: BMW_XPATH
2025-03-05 15:56:42,774 - BasePage.py:[33] - [INFO] :click :Clicked on the element: BMW_XPATH
2025-03-05 15:56:42,774 - BasePage.py:[33] - [INFO] :click :Clicked on the element: BMW_XPATH
2025-03-05 15:56:42,774 - BasePage.py:[33] - [INFO] :click :Clicked on the element: BMW_XPATH
2025-03-05 15:56:52,389 - test_carwale.py:[24] - [INFO] :test_selectCars :********* Inside Select Cars ************** 
2025-03-05 15:56:52,389 - test_carwale.py:[24] - [INFO] :test_selectCars :********* Inside Select Cars ************** 
2025-03-05 15:56:52,389 - test_carwale.py:[24] - [INFO] :test_selectCars :********* Inside Select Cars ************** 
2025-03-05 15:56:52,389 - test_carwale.py:[24] - [INFO] :test_selectCars :********* Inside Select Cars ************** 
2025-03-05 15:56:52,900 - BasePage.py:[33] - [INFO] :click :Clicked on the element: findNewCars_XPATH
2025-03-05 15:56:52,900 - BasePage.py:[33] - [INFO] :click :Clicked on the element: findNewCars_XPATH
2025-03-05 15:56:52,900 - BasePage.py:[33] - [INFO] :click :Clicked on the element: findNewCars_XPATH
2025-03-05 15:56:52,900 - BasePage.py:[33] - [INFO] :click :Clicked on the element: findNewCars_XPATH
2025-03-05 15:56:52,900 - BasePage.py:[33] - [INFO] :click :Clicked on the element: findNewCars_XPATH
2025-03-05 15:56:52,900 - BasePage.py:[33] - [INFO] :click :Clicked on the element: findNewCars_XPATH
2025-03-05 15:56:52,900 - BasePage.py:[33] - [INFO] :click :Clicked on the element: findNewCars_XPATH
2025-03-05 15:56:53,210 - BasePage.py:[33] - [INFO] :click :Clicked on the element: Honda_XPATH
2025-03-05 15:56:53,210 - BasePage.py:[33] - [INFO] :click :Clicked on the element: Honda_XPATH
2025-03-05 15:56:53,210 - BasePage.py:[33] - [INFO] :click :Clicked on the element: Honda_XPATH
2025-03-05 15:56:53,210 - BasePage.py:[33] - [INFO] :click :Clicked on the element: Honda_XPATH
2025-03-05 15:56:53,210 - BasePage.py:[33] - [INFO] :click :Clicked on the element: Honda_XPATH
2025-03-05 15:56:53,210 - BasePage.py:[33] - [INFO] :click :Clicked on the element: Honda_XPATH
2025-03-05 15:56:53,210 - BasePage.py:[33] - [INFO] :click :Clicked on the element: Honda_XPATH
2025-03-05 15:56:53,210 - BasePage.py:[33] - [INFO] :click :Clicked on the element: Honda_XPATH
2025-03-05 15:57:02,581 - test_carwale.py:[57] - [INFO] :test_printCarNamesandPrices :********* Inside Select Cars ************** 
2025-03-05 15:57:03,176 - BasePage.py:[33] - [INFO] :click :Clicked on the element: findNewCars_XPATH
2025-03-05 15:57:03,176 - BasePage.py:[33] - [INFO] :click :Clicked on the element: findNewCars_XPATH
2025-03-05 15:57:03,176 - BasePage.py:[33] - [INFO] :click :Clicked on the element: findNewCars_XPATH
2025-03-05 15:57:03,176 - BasePage.py:[33] - [INFO] :click :Clicked on the element: findNewCars_XPATH
2025-03-05 15:57:03,176 - BasePage.py:[33] - [INFO] :click :Clicked on the element: findNewCars_XPATH
2025-03-05 15:57:03,176 - BasePage.py:[33] - [INFO] :click :Clicked on the element: findNewCars_XPATH
2025-03-05 15:57:03,176 - BasePage.py:[33] - [INFO] :click :Clicked on the element: findNewCars_XPATH
2025-03-05 15:57:03,176 - BasePage.py:[33] - [INFO] :click :Clicked on the element: findNewCars_XPATH
2025-03-05 15:57:03,176 - BasePage.py:[33] - [INFO] :click :Clicked on the element: findNewCars_XPATH
2025-03-05 15:57:03,467 - BasePage.py:[33] - [INFO] :click :Clicked on the element: toyota_XPATH
2025-03-05 15:57:03,467 - BasePage.py:[33] - [INFO] :click :Clicked on the element: toyota_XPATH
2025-03-05 15:57:03,467 - BasePage.py:[33] - [INFO] :click :Clicked on the element: toyota_XPATH
2025-03-05 15:57:03,467 - BasePage.py:[33] - [INFO] :click :Clicked on the element: toyota_XPATH
2025-03-05 15:57:03,467 - BasePage.py:[33] - [INFO] :click :Clicked on the element: toyota_XPATH
2025-03-05 15:57:03,467 - BasePage.py:[33] - [INFO] :click :Clicked on the element: toyota_XPATH
2025-03-05 15:57:03,467 - BasePage.py:[33] - [INFO] :click :Clicked on the element: toyota_XPATH
2025-03-05 15:57:03,467 - BasePage.py:[33] - [INFO] :click :Clicked on the element: toyota_XPATH
2025-03-05 15:57:03,467 - BasePage.py:[33] - [INFO] :click :Clicked on the element: toyota_XPATH
2025-03-05 15:57:03,467 - BasePage.py:[33] - [INFO] :click :Clicked on the element: toyota_XPATH
2025-03-05 15:57:12,705 - test_carwale.py:[57] - [INFO] :test_printCarNamesandPrices :********* Inside Select Cars ************** 
2025-03-05 15:57:12,705 - test_carwale.py:[57] - [INFO] :test_printCarNamesandPrices :********* Inside Select Cars ************** 
2025-03-05 15:57:51,935 - test_carwale.py:[57] - [INFO] :test_printCarNamesandPrices :********* Inside Select Cars ************** 
2025-03-05 15:57:51,935 - test_carwale.py:[57] - [INFO] :test_printCarNamesandPrices :********* Inside Select Cars ************** 
2025-03-05 15:57:51,935 - test_carwale.py:[57] - [INFO] :test_printCarNamesandPrices :********* Inside Select Cars ************** 
2025-03-05 15:57:52,415 - BasePage.py:[33] - [INFO] :click :Clicked on the element: findNewCars_XPATH
2025-03-05 15:57:52,415 - BasePage.py:[33] - [INFO] :click :Clicked on the element: findNewCars_XPATH
2025-03-05 15:57:52,415 - BasePage.py:[33] - [INFO] :click :Clicked on the element: findNewCars_XPATH
2025-03-05 15:57:52,415 - BasePage.py:[33] - [INFO] :click :Clicked on the element: findNewCars_XPATH
2025-03-05 15:57:52,415 - BasePage.py:[33] - [INFO] :click :Clicked on the element: findNewCars_XPATH
2025-03-05 15:57:52,415 - BasePage.py:[33] - [INFO] :click :Clicked on the element: findNewCars_XPATH
2025-03-05 15:57:52,415 - BasePage.py:[33] - [INFO] :click :Clicked on the element: findNewCars_XPATH
2025-03-05 15:57:52,415 - BasePage.py:[33] - [INFO] :click :Clicked on the element: findNewCars_XPATH
2025-03-05 15:57:52,415 - BasePage.py:[33] - [INFO] :click :Clicked on the element: findNewCars_XPATH
2025-03-05 15:57:52,415 - BasePage.py:[33] - [INFO] :click :Clicked on the element: findNewCars_XPATH
2025-03-05 15:57:52,415 - BasePage.py:[33] - [INFO] :click :Clicked on the element: findNewCars_XPATH
2025-03-05 15:57:52,767 - BasePage.py:[33] - [INFO] :click :Clicked on the element: BMW_XPATH
2025-03-05 15:57:52,767 - BasePage.py:[33] - [INFO] :click :Clicked on the element: BMW_XPATH
2025-03-05 15:57:52,767 - BasePage.py:[33] - [INFO] :click :Clicked on the element: BMW_XPATH
2025-03-05 15:57:52,767 - BasePage.py:[33] - [INFO] :click :Clicked on the element: BMW_XPATH
2025-03-05 15:57:52,767 - BasePage.py:[33] - [INFO] :click :Clicked on the element: BMW_XPATH
2025-03-05 15:57:52,767 - BasePage.py:[33] - [INFO] :click :Clicked on the element: BMW_XPATH
2025-03-05 15:57:52,767 - BasePage.py:[33] - [INFO] :click :Clicked on the element: BMW_XPATH
2025-03-05 15:57:52,767 - BasePage.py:[33] - [INFO] :click :Clicked on the element: BMW_XPATH
2025-03-05 15:57:52,767 - BasePage.py:[33] - [INFO] :click :Clicked on the element: BMW_XPATH
2025-03-05 15:57:52,767 - BasePage.py:[33] - [INFO] :click :Clicked on the element: BMW_XPATH
2025-03-05 15:57:52,767 - BasePage.py:[33] - [INFO] :click :Clicked on the element: BMW_XPATH
2025-03-05 15:57:52,767 - BasePage.py:[33] - [INFO] :click :Clicked on the element: BMW_XPATH
2025-03-05 15:58:03,715 - test_carwale.py:[57] - [INFO] :test_printCarNamesandPrices :********* Inside Select Cars ************** 
2025-03-05 15:58:03,715 - test_carwale.py:[57] - [INFO] :test_printCarNamesandPrices :********* Inside Select Cars ************** 
2025-03-05 15:58:03,715 - test_carwale.py:[57] - [INFO] :test_printCarNamesandPrices :********* Inside Select Cars ************** 
2025-03-05 15:58:03,715 - test_carwale.py:[57] - [INFO] :test_printCarNamesandPrices :********* Inside Select Cars ************** 
2025-03-05 15:58:04,221 - BasePage.py:[33] - [INFO] :click :Clicked on the element: findNewCars_XPATH
2025-03-05 15:58:04,221 - BasePage.py:[33] - [INFO] :click :Clicked on the element: findNewCars_XPATH
2025-03-05 15:58:04,221 - BasePage.py:[33] - [INFO] :click :Clicked on the element: findNewCars_XPATH
2025-03-05 15:58:04,221 - BasePage.py:[33] - [INFO] :click :Clicked on the element: findNewCars_XPATH
2025-03-05 15:58:04,221 - BasePage.py:[33] - [INFO] :click :Clicked on the element: findNewCars_XPATH
2025-03-05 15:58:04,221 - BasePage.py:[33] - [INFO] :click :Clicked on the element: findNewCars_XPATH
2025-03-05 15:58:04,221 - BasePage.py:[33] - [INFO] :click :Clicked on the element: findNewCars_XPATH
2025-03-05 15:58:04,221 - BasePage.py:[33] - [INFO] :click :Clicked on the element: findNewCars_XPATH
2025-03-05 15:58:04,221 - BasePage.py:[33] - [INFO] :click :Clicked on the element: findNewCars_XPATH
2025-03-05 15:58:04,221 - BasePage.py:[33] - [INFO] :click :Clicked on the element: findNewCars_XPATH
2025-03-05 15:58:04,221 - BasePage.py:[33] - [INFO] :click :Clicked on the element: findNewCars_XPATH
2025-03-05 15:58:04,221 - BasePage.py:[33] - [INFO] :click :Clicked on the element: findNewCars_XPATH
2025-03-05 15:58:04,221 - BasePage.py:[33] - [INFO] :click :Clicked on the element: findNewCars_XPATH
2025-03-05 15:58:04,534 - BasePage.py:[33] - [INFO] :click :Clicked on the element: Honda_XPATH
2025-03-05 15:58:04,534 - BasePage.py:[33] - [INFO] :click :Clicked on the element: Honda_XPATH
2025-03-05 15:58:04,534 - BasePage.py:[33] - [INFO] :click :Clicked on the element: Honda_XPATH
2025-03-05 15:58:04,534 - BasePage.py:[33] - [INFO] :click :Clicked on the element: Honda_XPATH
2025-03-05 15:58:04,534 - BasePage.py:[33] - [INFO] :click :Clicked on the element: Honda_XPATH
2025-03-05 15:58:04,534 - BasePage.py:[33] - [INFO] :click :Clicked on the element: Honda_XPATH
2025-03-05 15:58:04,534 - BasePage.py:[33] - [INFO] :click :Clicked on the element: Honda_XPATH
2025-03-05 15:58:04,534 - BasePage.py:[33] - [INFO] :click :Clicked on the element: Honda_XPATH
2025-03-05 15:58:04,534 - BasePage.py:[33] - [INFO] :click :Clicked on the element: Honda_XPATH
2025-03-05 15:58:04,534 - BasePage.py:[33] - [INFO] :click :Clicked on the element: Honda_XPATH
2025-03-05 15:58:04,534 - BasePage.py:[33] - [INFO] :click :Clicked on the element: Honda_XPATH
2025-03-05 15:58:04,534 - BasePage.py:[33] - [INFO] :click :Clicked on the element: Honda_XPATH
2025-03-05 15:58:04,534 - BasePage.py:[33] - [INFO] :click :Clicked on the element: Honda_XPATH
2025-03-05 15:58:04,534 - BasePage.py:[33] - [INFO] :click :Clicked on the element: Honda_XPATH
