2025-03-05 16:02:15,266 - test_carwale.py:[24] - [INFO] :test_selectCars :********* Inside Select Cars ************** 
2025-03-05 16:02:15,879 - BasePage.py:[33] - [INFO] :click :Clicked on the element: findNewCars_XPATH
2025-03-05 16:02:16,185 - BasePage.py:[33] - [INFO] :click :Clicked on the element: toyota_XPATH
2025-03-05 16:02:16,185 - BasePage.py:[33] - [INFO] :click :Clicked on the element: toyota_XPATH
2025-03-05 16:02:25,987 - test_carwale.py:[24] - [INFO] :test_selectCars :********* Inside Select Cars ************** 
2025-03-05 16:02:25,987 - test_carwale.py:[24] - [INFO] :test_selectCars :********* Inside Select Cars ************** 
2025-03-05 16:02:30,623 - BasePage.py:[33] - [INFO] :click :Clicked on the element: findNewCars_XPATH
2025-03-05 16:02:30,623 - BasePage.py:[33] - [INFO] :click :Clicked on the element: findNewCars_XPATH
2025-03-05 16:02:30,623 - BasePage.py:[33] - [INFO] :click :Clicked on the element: findNewCars_XPATH
2025-03-05 16:02:31,076 - BasePage.py:[33] - [INFO] :click :Clicked on the element: hyundai_XPATH
2025-03-05 16:02:31,076 - BasePage.py:[33] - [INFO] :click :Clicked on the element: hyundai_XPATH
2025-03-05 16:02:31,076 - BasePage.py:[33] - [INFO] :click :Clicked on the element: hyundai_XPATH
2025-03-05 16:02:31,076 - BasePage.py:[33] - [INFO] :click :Clicked on the element: hyundai_XPATH
2025-03-05 16:02:41,725 - test_carwale.py:[24] - [INFO] :test_selectCars :********* Inside Select Cars ************** 
2025-03-05 16:02:41,725 - test_carwale.py:[24] - [INFO] :test_selectCars :********* Inside Select Cars ************** 
2025-03-05 16:02:41,725 - test_carwale.py:[24] - [INFO] :test_selectCars :********* Inside Select Cars ************** 
2025-03-05 16:02:42,213 - BasePage.py:[33] - [INFO] :click :Clicked on the element: findNewCars_XPATH
2025-03-05 16:02:42,213 - BasePage.py:[33] - [INFO] :click :Clicked on the element: findNewCars_XPATH
2025-03-05 16:02:42,213 - BasePage.py:[33] - [INFO] :click :Clicked on the element: findNewCars_XPATH
2025-03-05 16:02:42,213 - BasePage.py:[33] - [INFO] :click :Clicked on the element: findNewCars_XPATH
2025-03-05 16:02:42,213 - BasePage.py:[33] - [INFO] :click :Clicked on the element: findNewCars_XPATH
2025-03-05 16:02:42,535 - BasePage.py:[33] - [INFO] :click :Clicked on the element: BMW_XPATH
2025-03-05 16:02:42,535 - BasePage.py:[33] - [INFO] :click :Clicked on the element: BMW_XPATH
2025-03-05 16:02:42,535 - BasePage.py:[33] - [INFO] :click :Clicked on the element: BMW_XPATH
2025-03-05 16:02:42,535 - BasePage.py:[33] - [INFO] :click :Clicked on the element: BMW_XPATH
2025-03-05 16:02:42,535 - BasePage.py:[33] - [INFO] :click :Clicked on the element: BMW_XPATH
2025-03-05 16:02:42,535 - BasePage.py:[33] - [INFO] :click :Clicked on the element: BMW_XPATH
2025-03-05 16:02:52,541 - test_carwale.py:[24] - [INFO] :test_selectCars :********* Inside Select Cars ************** 
2025-03-05 16:02:52,541 - test_carwale.py:[24] - [INFO] :test_selectCars :********* Inside Select Cars ************** 
2025-03-05 16:02:52,541 - test_carwale.py:[24] - [INFO] :test_selectCars :********* Inside Select Cars ************** 
2025-03-05 16:02:52,541 - test_carwale.py:[24] - [INFO] :test_selectCars :********* Inside Select Cars ************** 
2025-03-05 16:03:14,176 - test_carwale.py:[57] - [INFO] :test_printCarNamesandPrices :********* Inside Select Cars ************** 
2025-03-05 16:03:30,950 - test_carwale.py:[57] - [INFO] :test_printCarNamesandPrices :********* Inside Select Cars ************** 
2025-03-05 16:03:30,950 - test_carwale.py:[57] - [INFO] :test_printCarNamesandPrices :********* Inside Select Cars ************** 
2025-03-05 16:03:31,462 - BasePage.py:[33] - [INFO] :click :Clicked on the element: findNewCars_XPATH
2025-03-05 16:03:31,462 - BasePage.py:[33] - [INFO] :click :Clicked on the element: findNewCars_XPATH
2025-03-05 16:03:31,462 - BasePage.py:[33] - [INFO] :click :Clicked on the element: findNewCars_XPATH
2025-03-05 16:03:31,462 - BasePage.py:[33] - [INFO] :click :Clicked on the element: findNewCars_XPATH
2025-03-05 16:03:31,462 - BasePage.py:[33] - [INFO] :click :Clicked on the element: findNewCars_XPATH
2025-03-05 16:03:31,462 - BasePage.py:[33] - [INFO] :click :Clicked on the element: findNewCars_XPATH
2025-03-05 16:03:31,462 - BasePage.py:[33] - [INFO] :click :Clicked on the element: findNewCars_XPATH
2025-03-05 16:03:31,744 - BasePage.py:[33] - [INFO] :click :Clicked on the element: hyundai_XPATH
2025-03-05 16:03:31,744 - BasePage.py:[33] - [INFO] :click :Clicked on the element: hyundai_XPATH
2025-03-05 16:03:31,744 - BasePage.py:[33] - [INFO] :click :Clicked on the element: hyundai_XPATH
2025-03-05 16:03:31,744 - BasePage.py:[33] - [INFO] :click :Clicked on the element: hyundai_XPATH
2025-03-05 16:03:31,744 - BasePage.py:[33] - [INFO] :click :Clicked on the element: hyundai_XPATH
2025-03-05 16:03:31,744 - BasePage.py:[33] - [INFO] :click :Clicked on the element: hyundai_XPATH
2025-03-05 16:03:31,744 - BasePage.py:[33] - [INFO] :click :Clicked on the element: hyundai_XPATH
2025-03-05 16:03:31,744 - BasePage.py:[33] - [INFO] :click :Clicked on the element: hyundai_XPATH
2025-03-05 16:03:42,282 - test_carwale.py:[57] - [INFO] :test_printCarNamesandPrices :********* Inside Select Cars ************** 
2025-03-05 16:03:42,282 - test_carwale.py:[57] - [INFO] :test_printCarNamesandPrices :********* Inside Select Cars ************** 
2025-03-05 16:03:42,282 - test_carwale.py:[57] - [INFO] :test_printCarNamesandPrices :********* Inside Select Cars ************** 
2025-03-05 16:03:42,793 - BasePage.py:[33] - [INFO] :click :Clicked on the element: findNewCars_XPATH
2025-03-05 16:03:42,793 - BasePage.py:[33] - [INFO] :click :Clicked on the element: findNewCars_XPATH
2025-03-05 16:03:42,793 - BasePage.py:[33] - [INFO] :click :Clicked on the element: findNewCars_XPATH
2025-03-05 16:03:42,793 - BasePage.py:[33] - [INFO] :click :Clicked on the element: findNewCars_XPATH
2025-03-05 16:03:42,793 - BasePage.py:[33] - [INFO] :click :Clicked on the element: findNewCars_XPATH
2025-03-05 16:03:42,793 - BasePage.py:[33] - [INFO] :click :Clicked on the element: findNewCars_XPATH
2025-03-05 16:03:42,793 - BasePage.py:[33] - [INFO] :click :Clicked on the element: findNewCars_XPATH
2025-03-05 16:03:42,793 - BasePage.py:[33] - [INFO] :click :Clicked on the element: findNewCars_XPATH
2025-03-05 16:03:42,793 - BasePage.py:[33] - [INFO] :click :Clicked on the element: findNewCars_XPATH
2025-03-05 16:03:43,142 - BasePage.py:[33] - [INFO] :click :Clicked on the element: BMW_XPATH
2025-03-05 16:03:43,142 - BasePage.py:[33] - [INFO] :click :Clicked on the element: BMW_XPATH
2025-03-05 16:03:43,142 - BasePage.py:[33] - [INFO] :click :Clicked on the element: BMW_XPATH
2025-03-05 16:03:43,142 - BasePage.py:[33] - [INFO] :click :Clicked on the element: BMW_XPATH
2025-03-05 16:03:43,142 - BasePage.py:[33] - [INFO] :click :Clicked on the element: BMW_XPATH
2025-03-05 16:03:43,142 - BasePage.py:[33] - [INFO] :click :Clicked on the element: BMW_XPATH
2025-03-05 16:03:43,142 - BasePage.py:[33] - [INFO] :click :Clicked on the element: BMW_XPATH
2025-03-05 16:03:43,142 - BasePage.py:[33] - [INFO] :click :Clicked on the element: BMW_XPATH
2025-03-05 16:03:43,142 - BasePage.py:[33] - [INFO] :click :Clicked on the element: BMW_XPATH
2025-03-05 16:03:43,142 - BasePage.py:[33] - [INFO] :click :Clicked on the element: BMW_XPATH
2025-03-05 16:03:54,001 - test_carwale.py:[57] - [INFO] :test_printCarNamesandPrices :********* Inside Select Cars ************** 
2025-03-05 16:03:54,001 - test_carwale.py:[57] - [INFO] :test_printCarNamesandPrices :********* Inside Select Cars ************** 
2025-03-05 16:03:54,001 - test_carwale.py:[57] - [INFO] :test_printCarNamesandPrices :********* Inside Select Cars ************** 
2025-03-05 16:03:54,001 - test_carwale.py:[57] - [INFO] :test_printCarNamesandPrices :********* Inside Select Cars ************** 
2025-03-05 16:03:54,472 - BasePage.py:[33] - [INFO] :click :Clicked on the element: findNewCars_XPATH
2025-03-05 16:03:54,472 - BasePage.py:[33] - [INFO] :click :Clicked on the element: findNewCars_XPATH
2025-03-05 16:03:54,472 - BasePage.py:[33] - [INFO] :click :Clicked on the element: findNewCars_XPATH
2025-03-05 16:03:54,472 - BasePage.py:[33] - [INFO] :click :Clicked on the element: findNewCars_XPATH
2025-03-05 16:03:54,472 - BasePage.py:[33] - [INFO] :click :Clicked on the element: findNewCars_XPATH
2025-03-05 16:03:54,472 - BasePage.py:[33] - [INFO] :click :Clicked on the element: findNewCars_XPATH
2025-03-05 16:03:54,472 - BasePage.py:[33] - [INFO] :click :Clicked on the element: findNewCars_XPATH
2025-03-05 16:03:54,472 - BasePage.py:[33] - [INFO] :click :Clicked on the element: findNewCars_XPATH
2025-03-05 16:03:54,472 - BasePage.py:[33] - [INFO] :click :Clicked on the element: findNewCars_XPATH
2025-03-05 16:03:54,472 - BasePage.py:[33] - [INFO] :click :Clicked on the element: findNewCars_XPATH
2025-03-05 16:03:54,472 - BasePage.py:[33] - [INFO] :click :Clicked on the element: findNewCars_XPATH
2025-03-05 16:03:54,828 - BasePage.py:[33] - [INFO] :click :Clicked on the element: Honda_XPATH
2025-03-05 16:03:54,828 - BasePage.py:[33] - [INFO] :click :Clicked on the element: Honda_XPATH
2025-03-05 16:03:54,828 - BasePage.py:[33] - [INFO] :click :Clicked on the element: Honda_XPATH
2025-03-05 16:03:54,828 - BasePage.py:[33] - [INFO] :click :Clicked on the element: Honda_XPATH
2025-03-05 16:03:54,828 - BasePage.py:[33] - [INFO] :click :Clicked on the element: Honda_XPATH
2025-03-05 16:03:54,828 - BasePage.py:[33] - [INFO] :click :Clicked on the element: Honda_XPATH
2025-03-05 16:03:54,828 - BasePage.py:[33] - [INFO] :click :Clicked on the element: Honda_XPATH
2025-03-05 16:03:54,828 - BasePage.py:[33] - [INFO] :click :Clicked on the element: Honda_XPATH
2025-03-05 16:03:54,828 - BasePage.py:[33] - [INFO] :click :Clicked on the element: Honda_XPATH
2025-03-05 16:03:54,828 - BasePage.py:[33] - [INFO] :click :Clicked on the element: Honda_XPATH
2025-03-05 16:03:54,828 - BasePage.py:[33] - [INFO] :click :Clicked on the element: Honda_XPATH
2025-03-05 16:03:54,828 - BasePage.py:[33] - [INFO] :click :Clicked on the element: Honda_XPATH
2025-03-05 16:27:20,553 - test_carwale.py:[24] - [INFO] :test_selectCars :********* Inside Select Cars ************** 
2025-03-05 16:27:21,157 - BasePage.py:[33] - [INFO] :click :Clicked on the element: findNewCars_XPATH
2025-03-05 16:27:21,496 - BasePage.py:[33] - [INFO] :click :Clicked on the element: toyota_XPATH
2025-03-05 16:27:21,496 - BasePage.py:[33] - [INFO] :click :Clicked on the element: toyota_XPATH
2025-03-05 16:27:31,645 - test_carwale.py:[24] - [INFO] :test_selectCars :********* Inside Select Cars ************** 
2025-03-05 16:27:31,645 - test_carwale.py:[24] - [INFO] :test_selectCars :********* Inside Select Cars ************** 
2025-03-05 16:27:32,164 - BasePage.py:[33] - [INFO] :click :Clicked on the element: findNewCars_XPATH
2025-03-05 16:27:32,164 - BasePage.py:[33] - [INFO] :click :Clicked on the element: findNewCars_XPATH
2025-03-05 16:27:32,164 - BasePage.py:[33] - [INFO] :click :Clicked on the element: findNewCars_XPATH
2025-03-05 16:27:32,575 - BasePage.py:[33] - [INFO] :click :Clicked on the element: hyundai_XPATH
2025-03-05 16:27:32,575 - BasePage.py:[33] - [INFO] :click :Clicked on the element: hyundai_XPATH
2025-03-05 16:27:32,575 - BasePage.py:[33] - [INFO] :click :Clicked on the element: hyundai_XPATH
2025-03-05 16:27:32,575 - BasePage.py:[33] - [INFO] :click :Clicked on the element: hyundai_XPATH
2025-03-05 16:27:42,927 - test_carwale.py:[24] - [INFO] :test_selectCars :********* Inside Select Cars ************** 
2025-03-05 16:27:42,927 - test_carwale.py:[24] - [INFO] :test_selectCars :********* Inside Select Cars ************** 
2025-03-05 16:27:42,927 - test_carwale.py:[24] - [INFO] :test_selectCars :********* Inside Select Cars ************** 
2025-03-05 16:27:47,607 - BasePage.py:[33] - [INFO] :click :Clicked on the element: findNewCars_XPATH
2025-03-05 16:27:47,607 - BasePage.py:[33] - [INFO] :click :Clicked on the element: findNewCars_XPATH
2025-03-05 16:27:47,607 - BasePage.py:[33] - [INFO] :click :Clicked on the element: findNewCars_XPATH
2025-03-05 16:27:47,607 - BasePage.py:[33] - [INFO] :click :Clicked on the element: findNewCars_XPATH
2025-03-05 16:27:47,607 - BasePage.py:[33] - [INFO] :click :Clicked on the element: findNewCars_XPATH
2025-03-05 16:27:48,142 - BasePage.py:[33] - [INFO] :click :Clicked on the element: BMW_XPATH
2025-03-05 16:27:48,142 - BasePage.py:[33] - [INFO] :click :Clicked on the element: BMW_XPATH
2025-03-05 16:27:48,142 - BasePage.py:[33] - [INFO] :click :Clicked on the element: BMW_XPATH
2025-03-05 16:27:48,142 - BasePage.py:[33] - [INFO] :click :Clicked on the element: BMW_XPATH
2025-03-05 16:27:48,142 - BasePage.py:[33] - [INFO] :click :Clicked on the element: BMW_XPATH
2025-03-05 16:27:48,142 - BasePage.py:[33] - [INFO] :click :Clicked on the element: BMW_XPATH
2025-03-05 16:27:58,462 - test_carwale.py:[24] - [INFO] :test_selectCars :********* Inside Select Cars ************** 
2025-03-05 16:27:58,462 - test_carwale.py:[24] - [INFO] :test_selectCars :********* Inside Select Cars ************** 
2025-03-05 16:27:58,462 - test_carwale.py:[24] - [INFO] :test_selectCars :********* Inside Select Cars ************** 
2025-03-05 16:27:58,462 - test_carwale.py:[24] - [INFO] :test_selectCars :********* Inside Select Cars ************** 
2025-03-05 16:27:58,977 - BasePage.py:[33] - [INFO] :click :Clicked on the element: findNewCars_XPATH
2025-03-05 16:27:58,977 - BasePage.py:[33] - [INFO] :click :Clicked on the element: findNewCars_XPATH
2025-03-05 16:27:58,977 - BasePage.py:[33] - [INFO] :click :Clicked on the element: findNewCars_XPATH
2025-03-05 16:27:58,977 - BasePage.py:[33] - [INFO] :click :Clicked on the element: findNewCars_XPATH
2025-03-05 16:27:58,977 - BasePage.py:[33] - [INFO] :click :Clicked on the element: findNewCars_XPATH
2025-03-05 16:27:58,977 - BasePage.py:[33] - [INFO] :click :Clicked on the element: findNewCars_XPATH
2025-03-05 16:27:58,977 - BasePage.py:[33] - [INFO] :click :Clicked on the element: findNewCars_XPATH
2025-03-05 16:27:59,332 - BasePage.py:[33] - [INFO] :click :Clicked on the element: Honda_XPATH
2025-03-05 16:27:59,332 - BasePage.py:[33] - [INFO] :click :Clicked on the element: Honda_XPATH
2025-03-05 16:27:59,332 - BasePage.py:[33] - [INFO] :click :Clicked on the element: Honda_XPATH
2025-03-05 16:27:59,332 - BasePage.py:[33] - [INFO] :click :Clicked on the element: Honda_XPATH
2025-03-05 16:27:59,332 - BasePage.py:[33] - [INFO] :click :Clicked on the element: Honda_XPATH
2025-03-05 16:27:59,332 - BasePage.py:[33] - [INFO] :click :Clicked on the element: Honda_XPATH
2025-03-05 16:27:59,332 - BasePage.py:[33] - [INFO] :click :Clicked on the element: Honda_XPATH
2025-03-05 16:27:59,332 - BasePage.py:[33] - [INFO] :click :Clicked on the element: Honda_XPATH
2025-03-05 16:28:08,814 - test_carwale.py:[57] - [INFO] :test_printCarNamesandPrices :********* Inside Select Cars ************** 
2025-03-05 16:28:09,334 - BasePage.py:[33] - [INFO] :click :Clicked on the element: findNewCars_XPATH
2025-03-05 16:28:09,334 - BasePage.py:[33] - [INFO] :click :Clicked on the element: findNewCars_XPATH
2025-03-05 16:28:09,334 - BasePage.py:[33] - [INFO] :click :Clicked on the element: findNewCars_XPATH
2025-03-05 16:28:09,334 - BasePage.py:[33] - [INFO] :click :Clicked on the element: findNewCars_XPATH
2025-03-05 16:28:09,334 - BasePage.py:[33] - [INFO] :click :Clicked on the element: findNewCars_XPATH
2025-03-05 16:28:09,334 - BasePage.py:[33] - [INFO] :click :Clicked on the element: findNewCars_XPATH
2025-03-05 16:28:09,334 - BasePage.py:[33] - [INFO] :click :Clicked on the element: findNewCars_XPATH
2025-03-05 16:28:09,334 - BasePage.py:[33] - [INFO] :click :Clicked on the element: findNewCars_XPATH
2025-03-05 16:28:09,334 - BasePage.py:[33] - [INFO] :click :Clicked on the element: findNewCars_XPATH
2025-03-05 16:28:10,047 - BasePage.py:[33] - [INFO] :click :Clicked on the element: toyota_XPATH
2025-03-05 16:28:10,047 - BasePage.py:[33] - [INFO] :click :Clicked on the element: toyota_XPATH
2025-03-05 16:28:10,047 - BasePage.py:[33] - [INFO] :click :Clicked on the element: toyota_XPATH
2025-03-05 16:28:10,047 - BasePage.py:[33] - [INFO] :click :Clicked on the element: toyota_XPATH
2025-03-05 16:28:10,047 - BasePage.py:[33] - [INFO] :click :Clicked on the element: toyota_XPATH
2025-03-05 16:28:10,047 - BasePage.py:[33] - [INFO] :click :Clicked on the element: toyota_XPATH
2025-03-05 16:28:10,047 - BasePage.py:[33] - [INFO] :click :Clicked on the element: toyota_XPATH
2025-03-05 16:28:10,047 - BasePage.py:[33] - [INFO] :click :Clicked on the element: toyota_XPATH
2025-03-05 16:28:10,047 - BasePage.py:[33] - [INFO] :click :Clicked on the element: toyota_XPATH
2025-03-05 16:28:10,047 - BasePage.py:[33] - [INFO] :click :Clicked on the element: toyota_XPATH
2025-03-05 16:28:20,269 - test_carwale.py:[57] - [INFO] :test_printCarNamesandPrices :********* Inside Select Cars ************** 
2025-03-05 16:28:20,269 - test_carwale.py:[57] - [INFO] :test_printCarNamesandPrices :********* Inside Select Cars ************** 
2025-03-05 16:28:20,775 - BasePage.py:[33] - [INFO] :click :Clicked on the element: findNewCars_XPATH
2025-03-05 16:28:20,775 - BasePage.py:[33] - [INFO] :click :Clicked on the element: findNewCars_XPATH
2025-03-05 16:28:20,775 - BasePage.py:[33] - [INFO] :click :Clicked on the element: findNewCars_XPATH
2025-03-05 16:28:20,775 - BasePage.py:[33] - [INFO] :click :Clicked on the element: findNewCars_XPATH
2025-03-05 16:28:20,775 - BasePage.py:[33] - [INFO] :click :Clicked on the element: findNewCars_XPATH
2025-03-05 16:28:20,775 - BasePage.py:[33] - [INFO] :click :Clicked on the element: findNewCars_XPATH
2025-03-05 16:28:20,775 - BasePage.py:[33] - [INFO] :click :Clicked on the element: findNewCars_XPATH
2025-03-05 16:28:20,775 - BasePage.py:[33] - [INFO] :click :Clicked on the element: findNewCars_XPATH
2025-03-05 16:28:20,775 - BasePage.py:[33] - [INFO] :click :Clicked on the element: findNewCars_XPATH
2025-03-05 16:28:20,775 - BasePage.py:[33] - [INFO] :click :Clicked on the element: findNewCars_XPATH
2025-03-05 16:28:20,775 - BasePage.py:[33] - [INFO] :click :Clicked on the element: findNewCars_XPATH
2025-03-05 16:28:21,227 - BasePage.py:[33] - [INFO] :click :Clicked on the element: hyundai_XPATH
2025-03-05 16:28:21,227 - BasePage.py:[33] - [INFO] :click :Clicked on the element: hyundai_XPATH
2025-03-05 16:28:21,227 - BasePage.py:[33] - [INFO] :click :Clicked on the element: hyundai_XPATH
2025-03-05 16:28:21,227 - BasePage.py:[33] - [INFO] :click :Clicked on the element: hyundai_XPATH
2025-03-05 16:28:21,227 - BasePage.py:[33] - [INFO] :click :Clicked on the element: hyundai_XPATH
2025-03-05 16:28:21,227 - BasePage.py:[33] - [INFO] :click :Clicked on the element: hyundai_XPATH
2025-03-05 16:28:21,227 - BasePage.py:[33] - [INFO] :click :Clicked on the element: hyundai_XPATH
2025-03-05 16:28:21,227 - BasePage.py:[33] - [INFO] :click :Clicked on the element: hyundai_XPATH
2025-03-05 16:28:21,227 - BasePage.py:[33] - [INFO] :click :Clicked on the element: hyundai_XPATH
2025-03-05 16:28:21,227 - BasePage.py:[33] - [INFO] :click :Clicked on the element: hyundai_XPATH
2025-03-05 16:28:21,227 - BasePage.py:[33] - [INFO] :click :Clicked on the element: hyundai_XPATH
2025-03-05 16:28:21,227 - BasePage.py:[33] - [INFO] :click :Clicked on the element: hyundai_XPATH
2025-03-05 16:28:30,969 - test_carwale.py:[57] - [INFO] :test_printCarNamesandPrices :********* Inside Select Cars ************** 
2025-03-05 16:28:30,969 - test_carwale.py:[57] - [INFO] :test_printCarNamesandPrices :********* Inside Select Cars ************** 
2025-03-05 16:28:30,969 - test_carwale.py:[57] - [INFO] :test_printCarNamesandPrices :********* Inside Select Cars ************** 
2025-03-05 16:28:31,477 - BasePage.py:[33] - [INFO] :click :Clicked on the element: findNewCars_XPATH
2025-03-05 16:28:31,477 - BasePage.py:[33] - [INFO] :click :Clicked on the element: findNewCars_XPATH
2025-03-05 16:28:31,477 - BasePage.py:[33] - [INFO] :click :Clicked on the element: findNewCars_XPATH
2025-03-05 16:28:31,477 - BasePage.py:[33] - [INFO] :click :Clicked on the element: findNewCars_XPATH
2025-03-05 16:28:31,477 - BasePage.py:[33] - [INFO] :click :Clicked on the element: findNewCars_XPATH
2025-03-05 16:28:31,477 - BasePage.py:[33] - [INFO] :click :Clicked on the element: findNewCars_XPATH
2025-03-05 16:28:31,477 - BasePage.py:[33] - [INFO] :click :Clicked on the element: findNewCars_XPATH
2025-03-05 16:28:31,477 - BasePage.py:[33] - [INFO] :click :Clicked on the element: findNewCars_XPATH
2025-03-05 16:28:31,477 - BasePage.py:[33] - [INFO] :click :Clicked on the element: findNewCars_XPATH
2025-03-05 16:28:31,477 - BasePage.py:[33] - [INFO] :click :Clicked on the element: findNewCars_XPATH
2025-03-05 16:28:31,477 - BasePage.py:[33] - [INFO] :click :Clicked on the element: findNewCars_XPATH
2025-03-05 16:28:31,477 - BasePage.py:[33] - [INFO] :click :Clicked on the element: findNewCars_XPATH
2025-03-05 16:28:31,477 - BasePage.py:[33] - [INFO] :click :Clicked on the element: findNewCars_XPATH
2025-03-05 16:28:31,819 - BasePage.py:[33] - [INFO] :click :Clicked on the element: BMW_XPATH
2025-03-05 16:28:31,819 - BasePage.py:[33] - [INFO] :click :Clicked on the element: BMW_XPATH
2025-03-05 16:28:31,819 - BasePage.py:[33] - [INFO] :click :Clicked on the element: BMW_XPATH
2025-03-05 16:28:31,819 - BasePage.py:[33] - [INFO] :click :Clicked on the element: BMW_XPATH
2025-03-05 16:28:31,819 - BasePage.py:[33] - [INFO] :click :Clicked on the element: BMW_XPATH
2025-03-05 16:28:31,819 - BasePage.py:[33] - [INFO] :click :Clicked on the element: BMW_XPATH
2025-03-05 16:28:31,819 - BasePage.py:[33] - [INFO] :click :Clicked on the element: BMW_XPATH
2025-03-05 16:28:31,819 - BasePage.py:[33] - [INFO] :click :Clicked on the element: BMW_XPATH
2025-03-05 16:28:31,819 - BasePage.py:[33] - [INFO] :click :Clicked on the element: BMW_XPATH
2025-03-05 16:28:31,819 - BasePage.py:[33] - [INFO] :click :Clicked on the element: BMW_XPATH
2025-03-05 16:28:31,819 - BasePage.py:[33] - [INFO] :click :Clicked on the element: BMW_XPATH
2025-03-05 16:28:31,819 - BasePage.py:[33] - [INFO] :click :Clicked on the element: BMW_XPATH
2025-03-05 16:28:31,819 - BasePage.py:[33] - [INFO] :click :Clicked on the element: BMW_XPATH
2025-03-05 16:28:31,819 - BasePage.py:[33] - [INFO] :click :Clicked on the element: BMW_XPATH
2025-03-05 16:28:41,897 - test_carwale.py:[57] - [INFO] :test_printCarNamesandPrices :********* Inside Select Cars ************** 
2025-03-05 16:28:41,897 - test_carwale.py:[57] - [INFO] :test_printCarNamesandPrices :********* Inside Select Cars ************** 
2025-03-05 16:28:41,897 - test_carwale.py:[57] - [INFO] :test_printCarNamesandPrices :********* Inside Select Cars ************** 
2025-03-05 16:28:41,897 - test_carwale.py:[57] - [INFO] :test_printCarNamesandPrices :********* Inside Select Cars ************** 
2025-03-05 16:28:42,399 - BasePage.py:[33] - [INFO] :click :Clicked on the element: findNewCars_XPATH
2025-03-05 16:28:42,399 - BasePage.py:[33] - [INFO] :click :Clicked on the element: findNewCars_XPATH
2025-03-05 16:28:42,399 - BasePage.py:[33] - [INFO] :click :Clicked on the element: findNewCars_XPATH
2025-03-05 16:28:42,399 - BasePage.py:[33] - [INFO] :click :Clicked on the element: findNewCars_XPATH
2025-03-05 16:28:42,399 - BasePage.py:[33] - [INFO] :click :Clicked on the element: findNewCars_XPATH
2025-03-05 16:28:42,399 - BasePage.py:[33] - [INFO] :click :Clicked on the element: findNewCars_XPATH
2025-03-05 16:28:42,399 - BasePage.py:[33] - [INFO] :click :Clicked on the element: findNewCars_XPATH
2025-03-05 16:28:42,399 - BasePage.py:[33] - [INFO] :click :Clicked on the element: findNewCars_XPATH
2025-03-05 16:28:42,399 - BasePage.py:[33] - [INFO] :click :Clicked on the element: findNewCars_XPATH
2025-03-05 16:28:42,399 - BasePage.py:[33] - [INFO] :click :Clicked on the element: findNewCars_XPATH
2025-03-05 16:28:42,399 - BasePage.py:[33] - [INFO] :click :Clicked on the element: findNewCars_XPATH
2025-03-05 16:28:42,399 - BasePage.py:[33] - [INFO] :click :Clicked on the element: findNewCars_XPATH
2025-03-05 16:28:42,399 - BasePage.py:[33] - [INFO] :click :Clicked on the element: findNewCars_XPATH
2025-03-05 16:28:42,399 - BasePage.py:[33] - [INFO] :click :Clicked on the element: findNewCars_XPATH
2025-03-05 16:28:42,399 - BasePage.py:[33] - [INFO] :click :Clicked on the element: findNewCars_XPATH
2025-03-05 16:28:42,703 - BasePage.py:[33] - [INFO] :click :Clicked on the element: Honda_XPATH
2025-03-05 16:28:42,703 - BasePage.py:[33] - [INFO] :click :Clicked on the element: Honda_XPATH
2025-03-05 16:28:42,703 - BasePage.py:[33] - [INFO] :click :Clicked on the element: Honda_XPATH
2025-03-05 16:28:42,703 - BasePage.py:[33] - [INFO] :click :Clicked on the element: Honda_XPATH
2025-03-05 16:28:42,703 - BasePage.py:[33] - [INFO] :click :Clicked on the element: Honda_XPATH
2025-03-05 16:28:42,703 - BasePage.py:[33] - [INFO] :click :Clicked on the element: Honda_XPATH
2025-03-05 16:28:42,703 - BasePage.py:[33] - [INFO] :click :Clicked on the element: Honda_XPATH
2025-03-05 16:28:42,703 - BasePage.py:[33] - [INFO] :click :Clicked on the element: Honda_XPATH
2025-03-05 16:28:42,703 - BasePage.py:[33] - [INFO] :click :Clicked on the element: Honda_XPATH
2025-03-05 16:28:42,703 - BasePage.py:[33] - [INFO] :click :Clicked on the element: Honda_XPATH
2025-03-05 16:28:42,703 - BasePage.py:[33] - [INFO] :click :Clicked on the element: Honda_XPATH
2025-03-05 16:28:42,703 - BasePage.py:[33] - [INFO] :click :Clicked on the element: Honda_XPATH
2025-03-05 16:28:42,703 - BasePage.py:[33] - [INFO] :click :Clicked on the element: Honda_XPATH
2025-03-05 16:28:42,703 - BasePage.py:[33] - [INFO] :click :Clicked on the element: Honda_XPATH
2025-03-05 16:28:42,703 - BasePage.py:[33] - [INFO] :click :Clicked on the element: Honda_XPATH
2025-03-05 16:28:42,703 - BasePage.py:[33] - [INFO] :click :Clicked on the element: Honda_XPATH
2025-03-05 16:31:37,805 - test_carwale.py:[24] - [INFO] :test_selectCars :********* Inside Select Cars ************** 
2025-03-05 16:31:38,368 - BasePage.py:[33] - [INFO] :click :Clicked on the element: findNewCars_XPATH
2025-03-05 16:31:38,625 - BasePage.py:[33] - [INFO] :click :Clicked on the element: toyota_XPATH
2025-03-05 16:31:38,625 - BasePage.py:[33] - [INFO] :click :Clicked on the element: toyota_XPATH
2025-03-05 16:31:48,510 - test_carwale.py:[24] - [INFO] :test_selectCars :********* Inside Select Cars ************** 
2025-03-05 16:31:48,510 - test_carwale.py:[24] - [INFO] :test_selectCars :********* Inside Select Cars ************** 
2025-03-05 16:31:49,007 - BasePage.py:[33] - [INFO] :click :Clicked on the element: findNewCars_XPATH
2025-03-05 16:31:49,007 - BasePage.py:[33] - [INFO] :click :Clicked on the element: findNewCars_XPATH
2025-03-05 16:31:49,007 - BasePage.py:[33] - [INFO] :click :Clicked on the element: findNewCars_XPATH
2025-03-05 16:31:49,289 - BasePage.py:[33] - [INFO] :click :Clicked on the element: hyundai_XPATH
2025-03-05 16:31:49,289 - BasePage.py:[33] - [INFO] :click :Clicked on the element: hyundai_XPATH
2025-03-05 16:31:49,289 - BasePage.py:[33] - [INFO] :click :Clicked on the element: hyundai_XPATH
2025-03-05 16:31:49,289 - BasePage.py:[33] - [INFO] :click :Clicked on the element: hyundai_XPATH
2025-03-05 16:32:04,318 - test_carwale.py:[24] - [INFO] :test_selectCars :********* Inside Select Cars ************** 
2025-03-05 16:32:04,318 - test_carwale.py:[24] - [INFO] :test_selectCars :********* Inside Select Cars ************** 
2025-03-05 16:32:04,318 - test_carwale.py:[24] - [INFO] :test_selectCars :********* Inside Select Cars ************** 
2025-03-05 16:32:04,850 - BasePage.py:[33] - [INFO] :click :Clicked on the element: findNewCars_XPATH
2025-03-05 16:32:04,850 - BasePage.py:[33] - [INFO] :click :Clicked on the element: findNewCars_XPATH
2025-03-05 16:32:04,850 - BasePage.py:[33] - [INFO] :click :Clicked on the element: findNewCars_XPATH
2025-03-05 16:32:04,850 - BasePage.py:[33] - [INFO] :click :Clicked on the element: findNewCars_XPATH
2025-03-05 16:32:04,850 - BasePage.py:[33] - [INFO] :click :Clicked on the element: findNewCars_XPATH
2025-03-05 16:32:05,327 - BasePage.py:[33] - [INFO] :click :Clicked on the element: BMW_XPATH
2025-03-05 16:32:05,327 - BasePage.py:[33] - [INFO] :click :Clicked on the element: BMW_XPATH
2025-03-05 16:32:05,327 - BasePage.py:[33] - [INFO] :click :Clicked on the element: BMW_XPATH
2025-03-05 16:32:05,327 - BasePage.py:[33] - [INFO] :click :Clicked on the element: BMW_XPATH
2025-03-05 16:32:05,327 - BasePage.py:[33] - [INFO] :click :Clicked on the element: BMW_XPATH
2025-03-05 16:32:05,327 - BasePage.py:[33] - [INFO] :click :Clicked on the element: BMW_XPATH
2025-03-05 16:32:15,134 - test_carwale.py:[24] - [INFO] :test_selectCars :********* Inside Select Cars ************** 
2025-03-05 16:32:15,134 - test_carwale.py:[24] - [INFO] :test_selectCars :********* Inside Select Cars ************** 
2025-03-05 16:32:15,134 - test_carwale.py:[24] - [INFO] :test_selectCars :********* Inside Select Cars ************** 
2025-03-05 16:32:15,134 - test_carwale.py:[24] - [INFO] :test_selectCars :********* Inside Select Cars ************** 
2025-03-05 16:32:15,618 - BasePage.py:[33] - [INFO] :click :Clicked on the element: findNewCars_XPATH
2025-03-05 16:32:15,618 - BasePage.py:[33] - [INFO] :click :Clicked on the element: findNewCars_XPATH
2025-03-05 16:32:15,618 - BasePage.py:[33] - [INFO] :click :Clicked on the element: findNewCars_XPATH
2025-03-05 16:32:15,618 - BasePage.py:[33] - [INFO] :click :Clicked on the element: findNewCars_XPATH
2025-03-05 16:32:15,618 - BasePage.py:[33] - [INFO] :click :Clicked on the element: findNewCars_XPATH
2025-03-05 16:32:15,618 - BasePage.py:[33] - [INFO] :click :Clicked on the element: findNewCars_XPATH
2025-03-05 16:32:15,618 - BasePage.py:[33] - [INFO] :click :Clicked on the element: findNewCars_XPATH
2025-03-05 16:32:15,979 - BasePage.py:[33] - [INFO] :click :Clicked on the element: Honda_XPATH
2025-03-05 16:32:15,979 - BasePage.py:[33] - [INFO] :click :Clicked on the element: Honda_XPATH
2025-03-05 16:32:15,979 - BasePage.py:[33] - [INFO] :click :Clicked on the element: Honda_XPATH
2025-03-05 16:32:15,979 - BasePage.py:[33] - [INFO] :click :Clicked on the element: Honda_XPATH
2025-03-05 16:32:15,979 - BasePage.py:[33] - [INFO] :click :Clicked on the element: Honda_XPATH
2025-03-05 16:32:15,979 - BasePage.py:[33] - [INFO] :click :Clicked on the element: Honda_XPATH
2025-03-05 16:32:15,979 - BasePage.py:[33] - [INFO] :click :Clicked on the element: Honda_XPATH
2025-03-05 16:32:15,979 - BasePage.py:[33] - [INFO] :click :Clicked on the element: Honda_XPATH
2025-03-05 16:32:28,858 - test_carwale.py:[57] - [INFO] :test_printCarNamesandPrices :********* Inside Select Cars ************** 
2025-03-05 16:32:29,318 - BasePage.py:[33] - [INFO] :click :Clicked on the element: findNewCars_XPATH
2025-03-05 16:32:29,318 - BasePage.py:[33] - [INFO] :click :Clicked on the element: findNewCars_XPATH
2025-03-05 16:32:29,318 - BasePage.py:[33] - [INFO] :click :Clicked on the element: findNewCars_XPATH
2025-03-05 16:32:29,318 - BasePage.py:[33] - [INFO] :click :Clicked on the element: findNewCars_XPATH
2025-03-05 16:32:29,318 - BasePage.py:[33] - [INFO] :click :Clicked on the element: findNewCars_XPATH
2025-03-05 16:32:29,318 - BasePage.py:[33] - [INFO] :click :Clicked on the element: findNewCars_XPATH
2025-03-05 16:32:29,318 - BasePage.py:[33] - [INFO] :click :Clicked on the element: findNewCars_XPATH
2025-03-05 16:32:29,318 - BasePage.py:[33] - [INFO] :click :Clicked on the element: findNewCars_XPATH
2025-03-05 16:32:29,318 - BasePage.py:[33] - [INFO] :click :Clicked on the element: findNewCars_XPATH
2025-03-05 16:32:29,641 - BasePage.py:[33] - [INFO] :click :Clicked on the element: toyota_XPATH
2025-03-05 16:32:29,641 - BasePage.py:[33] - [INFO] :click :Clicked on the element: toyota_XPATH
2025-03-05 16:32:29,641 - BasePage.py:[33] - [INFO] :click :Clicked on the element: toyota_XPATH
2025-03-05 16:32:29,641 - BasePage.py:[33] - [INFO] :click :Clicked on the element: toyota_XPATH
2025-03-05 16:32:29,641 - BasePage.py:[33] - [INFO] :click :Clicked on the element: toyota_XPATH
2025-03-05 16:32:29,641 - BasePage.py:[33] - [INFO] :click :Clicked on the element: toyota_XPATH
2025-03-05 16:32:29,641 - BasePage.py:[33] - [INFO] :click :Clicked on the element: toyota_XPATH
2025-03-05 16:32:29,641 - BasePage.py:[33] - [INFO] :click :Clicked on the element: toyota_XPATH
2025-03-05 16:32:29,641 - BasePage.py:[33] - [INFO] :click :Clicked on the element: toyota_XPATH
2025-03-05 16:32:29,641 - BasePage.py:[33] - [INFO] :click :Clicked on the element: toyota_XPATH
2025-03-05 16:32:38,151 - test_carwale.py:[57] - [INFO] :test_printCarNamesandPrices :********* Inside Select Cars ************** 
2025-03-05 16:32:38,151 - test_carwale.py:[57] - [INFO] :test_printCarNamesandPrices :********* Inside Select Cars ************** 
2025-03-05 16:32:38,547 - BasePage.py:[33] - [INFO] :click :Clicked on the element: findNewCars_XPATH
2025-03-05 16:32:38,547 - BasePage.py:[33] - [INFO] :click :Clicked on the element: findNewCars_XPATH
2025-03-05 16:32:38,547 - BasePage.py:[33] - [INFO] :click :Clicked on the element: findNewCars_XPATH
2025-03-05 16:32:38,547 - BasePage.py:[33] - [INFO] :click :Clicked on the element: findNewCars_XPATH
2025-03-05 16:32:38,547 - BasePage.py:[33] - [INFO] :click :Clicked on the element: findNewCars_XPATH
2025-03-05 16:32:38,547 - BasePage.py:[33] - [INFO] :click :Clicked on the element: findNewCars_XPATH
2025-03-05 16:32:38,547 - BasePage.py:[33] - [INFO] :click :Clicked on the element: findNewCars_XPATH
2025-03-05 16:32:38,547 - BasePage.py:[33] - [INFO] :click :Clicked on the element: findNewCars_XPATH
2025-03-05 16:32:38,547 - BasePage.py:[33] - [INFO] :click :Clicked on the element: findNewCars_XPATH
2025-03-05 16:32:38,547 - BasePage.py:[33] - [INFO] :click :Clicked on the element: findNewCars_XPATH
2025-03-05 16:32:38,547 - BasePage.py:[33] - [INFO] :click :Clicked on the element: findNewCars_XPATH
2025-03-05 16:32:38,763 - BasePage.py:[33] - [INFO] :click :Clicked on the element: hyundai_XPATH
2025-03-05 16:32:38,763 - BasePage.py:[33] - [INFO] :click :Clicked on the element: hyundai_XPATH
2025-03-05 16:32:38,763 - BasePage.py:[33] - [INFO] :click :Clicked on the element: hyundai_XPATH
2025-03-05 16:32:38,763 - BasePage.py:[33] - [INFO] :click :Clicked on the element: hyundai_XPATH
2025-03-05 16:32:38,763 - BasePage.py:[33] - [INFO] :click :Clicked on the element: hyundai_XPATH
2025-03-05 16:32:38,763 - BasePage.py:[33] - [INFO] :click :Clicked on the element: hyundai_XPATH
2025-03-05 16:32:38,763 - BasePage.py:[33] - [INFO] :click :Clicked on the element: hyundai_XPATH
2025-03-05 16:32:38,763 - BasePage.py:[33] - [INFO] :click :Clicked on the element: hyundai_XPATH
2025-03-05 16:32:38,763 - BasePage.py:[33] - [INFO] :click :Clicked on the element: hyundai_XPATH
2025-03-05 16:32:38,763 - BasePage.py:[33] - [INFO] :click :Clicked on the element: hyundai_XPATH
2025-03-05 16:32:38,763 - BasePage.py:[33] - [INFO] :click :Clicked on the element: hyundai_XPATH
2025-03-05 16:32:38,763 - BasePage.py:[33] - [INFO] :click :Clicked on the element: hyundai_XPATH
2025-03-05 16:32:46,674 - test_carwale.py:[57] - [INFO] :test_printCarNamesandPrices :********* Inside Select Cars ************** 
2025-03-05 16:32:46,674 - test_carwale.py:[57] - [INFO] :test_printCarNamesandPrices :********* Inside Select Cars ************** 
2025-03-05 16:32:46,674 - test_carwale.py:[57] - [INFO] :test_printCarNamesandPrices :********* Inside Select Cars ************** 
2025-03-05 16:32:47,083 - BasePage.py:[33] - [INFO] :click :Clicked on the element: findNewCars_XPATH
2025-03-05 16:32:47,083 - BasePage.py:[33] - [INFO] :click :Clicked on the element: findNewCars_XPATH
2025-03-05 16:32:47,083 - BasePage.py:[33] - [INFO] :click :Clicked on the element: findNewCars_XPATH
2025-03-05 16:32:47,083 - BasePage.py:[33] - [INFO] :click :Clicked on the element: findNewCars_XPATH
2025-03-05 16:32:47,083 - BasePage.py:[33] - [INFO] :click :Clicked on the element: findNewCars_XPATH
2025-03-05 16:32:47,083 - BasePage.py:[33] - [INFO] :click :Clicked on the element: findNewCars_XPATH
2025-03-05 16:32:47,083 - BasePage.py:[33] - [INFO] :click :Clicked on the element: findNewCars_XPATH
2025-03-05 16:32:47,083 - BasePage.py:[33] - [INFO] :click :Clicked on the element: findNewCars_XPATH
2025-03-05 16:32:47,083 - BasePage.py:[33] - [INFO] :click :Clicked on the element: findNewCars_XPATH
2025-03-05 16:32:47,083 - BasePage.py:[33] - [INFO] :click :Clicked on the element: findNewCars_XPATH
2025-03-05 16:32:47,083 - BasePage.py:[33] - [INFO] :click :Clicked on the element: findNewCars_XPATH
2025-03-05 16:32:47,083 - BasePage.py:[33] - [INFO] :click :Clicked on the element: findNewCars_XPATH
2025-03-05 16:32:47,083 - BasePage.py:[33] - [INFO] :click :Clicked on the element: findNewCars_XPATH
2025-03-05 16:32:47,390 - BasePage.py:[33] - [INFO] :click :Clicked on the element: BMW_XPATH
2025-03-05 16:32:47,390 - BasePage.py:[33] - [INFO] :click :Clicked on the element: BMW_XPATH
2025-03-05 16:32:47,390 - BasePage.py:[33] - [INFO] :click :Clicked on the element: BMW_XPATH
2025-03-05 16:32:47,390 - BasePage.py:[33] - [INFO] :click :Clicked on the element: BMW_XPATH
2025-03-05 16:32:47,390 - BasePage.py:[33] - [INFO] :click :Clicked on the element: BMW_XPATH
2025-03-05 16:32:47,390 - BasePage.py:[33] - [INFO] :click :Clicked on the element: BMW_XPATH
2025-03-05 16:32:47,390 - BasePage.py:[33] - [INFO] :click :Clicked on the element: BMW_XPATH
2025-03-05 16:32:47,390 - BasePage.py:[33] - [INFO] :click :Clicked on the element: BMW_XPATH
2025-03-05 16:32:47,390 - BasePage.py:[33] - [INFO] :click :Clicked on the element: BMW_XPATH
2025-03-05 16:32:47,390 - BasePage.py:[33] - [INFO] :click :Clicked on the element: BMW_XPATH
2025-03-05 16:32:47,390 - BasePage.py:[33] - [INFO] :click :Clicked on the element: BMW_XPATH
2025-03-05 16:32:47,390 - BasePage.py:[33] - [INFO] :click :Clicked on the element: BMW_XPATH
2025-03-05 16:32:47,390 - BasePage.py:[33] - [INFO] :click :Clicked on the element: BMW_XPATH
2025-03-05 16:32:47,390 - BasePage.py:[33] - [INFO] :click :Clicked on the element: BMW_XPATH
2025-03-05 16:32:55,464 - test_carwale.py:[57] - [INFO] :test_printCarNamesandPrices :********* Inside Select Cars ************** 
2025-03-05 16:32:55,464 - test_carwale.py:[57] - [INFO] :test_printCarNamesandPrices :********* Inside Select Cars ************** 
2025-03-05 16:32:55,464 - test_carwale.py:[57] - [INFO] :test_printCarNamesandPrices :********* Inside Select Cars ************** 
2025-03-05 16:32:55,464 - test_carwale.py:[57] - [INFO] :test_printCarNamesandPrices :********* Inside Select Cars ************** 
2025-03-05 16:32:55,876 - BasePage.py:[33] - [INFO] :click :Clicked on the element: findNewCars_XPATH
2025-03-05 16:32:55,876 - BasePage.py:[33] - [INFO] :click :Clicked on the element: findNewCars_XPATH
2025-03-05 16:32:55,876 - BasePage.py:[33] - [INFO] :click :Clicked on the element: findNewCars_XPATH
2025-03-05 16:32:55,876 - BasePage.py:[33] - [INFO] :click :Clicked on the element: findNewCars_XPATH
2025-03-05 16:32:55,876 - BasePage.py:[33] - [INFO] :click :Clicked on the element: findNewCars_XPATH
2025-03-05 16:32:55,876 - BasePage.py:[33] - [INFO] :click :Clicked on the element: findNewCars_XPATH
2025-03-05 16:32:55,876 - BasePage.py:[33] - [INFO] :click :Clicked on the element: findNewCars_XPATH
2025-03-05 16:32:55,876 - BasePage.py:[33] - [INFO] :click :Clicked on the element: findNewCars_XPATH
2025-03-05 16:32:55,876 - BasePage.py:[33] - [INFO] :click :Clicked on the element: findNewCars_XPATH
2025-03-05 16:32:55,876 - BasePage.py:[33] - [INFO] :click :Clicked on the element: findNewCars_XPATH
2025-03-05 16:32:55,876 - BasePage.py:[33] - [INFO] :click :Clicked on the element: findNewCars_XPATH
2025-03-05 16:32:55,876 - BasePage.py:[33] - [INFO] :click :Clicked on the element: findNewCars_XPATH
2025-03-05 16:32:55,876 - BasePage.py:[33] - [INFO] :click :Clicked on the element: findNewCars_XPATH
2025-03-05 16:32:55,876 - BasePage.py:[33] - [INFO] :click :Clicked on the element: findNewCars_XPATH
2025-03-05 16:32:55,876 - BasePage.py:[33] - [INFO] :click :Clicked on the element: findNewCars_XPATH
2025-03-05 16:32:56,125 - BasePage.py:[33] - [INFO] :click :Clicked on the element: Honda_XPATH
2025-03-05 16:32:56,125 - BasePage.py:[33] - [INFO] :click :Clicked on the element: Honda_XPATH
2025-03-05 16:32:56,125 - BasePage.py:[33] - [INFO] :click :Clicked on the element: Honda_XPATH
2025-03-05 16:32:56,125 - BasePage.py:[33] - [INFO] :click :Clicked on the element: Honda_XPATH
2025-03-05 16:32:56,125 - BasePage.py:[33] - [INFO] :click :Clicked on the element: Honda_XPATH
2025-03-05 16:32:56,125 - BasePage.py:[33] - [INFO] :click :Clicked on the element: Honda_XPATH
2025-03-05 16:32:56,125 - BasePage.py:[33] - [INFO] :click :Clicked on the element: Honda_XPATH
2025-03-05 16:32:56,125 - BasePage.py:[33] - [INFO] :click :Clicked on the element: Honda_XPATH
2025-03-05 16:32:56,125 - BasePage.py:[33] - [INFO] :click :Clicked on the element: Honda_XPATH
2025-03-05 16:32:56,125 - BasePage.py:[33] - [INFO] :click :Clicked on the element: Honda_XPATH
2025-03-05 16:32:56,125 - BasePage.py:[33] - [INFO] :click :Clicked on the element: Honda_XPATH
2025-03-05 16:32:56,125 - BasePage.py:[33] - [INFO] :click :Clicked on the element: Honda_XPATH
2025-03-05 16:32:56,125 - BasePage.py:[33] - [INFO] :click :Clicked on the element: Honda_XPATH
2025-03-05 16:32:56,125 - BasePage.py:[33] - [INFO] :click :Clicked on the element: Honda_XPATH
2025-03-05 16:32:56,125 - BasePage.py:[33] - [INFO] :click :Clicked on the element: Honda_XPATH
2025-03-05 16:32:56,125 - BasePage.py:[33] - [INFO] :click :Clicked on the element: Honda_XPATH
