2025-03-05 11:29:07,500 - test_carwale.py:[24] - [INFO] :test_selectCars :********* Inside Select Cars ************** 
2025-03-05 11:29:08,414 - BasePage.py:[33] - [INFO] :click :Clicked on the element: findNewCars_XPATH
2025-03-05 11:29:08,698 - BasePage.py:[33] - [INFO] :click :Clicked on the element: hyundai_XPATH
2025-03-05 11:29:08,698 - BasePage.py:[33] - [INFO] :click :Clicked on the element: hyundai_XPATH
2025-03-05 11:29:35,138 - test_carwale.py:[24] - [INFO] :test_selectCars :********* Inside Select Cars ************** 
2025-03-05 11:29:35,138 - test_carwale.py:[24] - [INFO] :test_selectCars :********* Inside Select Cars ************** 
2025-03-05 11:29:35,975 - BasePage.py:[33] - [INFO] :click :Clicked on the element: findNewCars_XPATH
2025-03-05 11:29:35,975 - BasePage.py:[33] - [INFO] :click :Clicked on the element: findNewCars_XPATH
2025-03-05 11:29:35,975 - BasePage.py:[33] - [INFO] :click :Clicked on the element: findNewCars_XPATH
2025-03-05 11:29:36,254 - BasePage.py:[33] - [INFO] :click :Clicked on the element: BMW_XPATH
2025-03-05 11:29:36,254 - BasePage.py:[33] - [INFO] :click :Clicked on the element: BMW_XPATH
2025-03-05 11:29:36,254 - BasePage.py:[33] - [INFO] :click :Clicked on the element: BMW_XPATH
2025-03-05 11:29:36,254 - BasePage.py:[33] - [INFO] :click :Clicked on the element: BMW_XPATH
2025-03-05 11:29:58,480 - test_carwale.py:[24] - [INFO] :test_selectCars :********* Inside Select Cars ************** 
2025-03-05 11:29:58,480 - test_carwale.py:[24] - [INFO] :test_selectCars :********* Inside Select Cars ************** 
2025-03-05 11:29:58,480 - test_carwale.py:[24] - [INFO] :test_selectCars :********* Inside Select Cars ************** 
2025-03-05 11:29:59,532 - BasePage.py:[33] - [INFO] :click :Clicked on the element: findNewCars_XPATH
2025-03-05 11:29:59,532 - BasePage.py:[33] - [INFO] :click :Clicked on the element: findNewCars_XPATH
2025-03-05 11:29:59,532 - BasePage.py:[33] - [INFO] :click :Clicked on the element: findNewCars_XPATH
2025-03-05 11:29:59,532 - BasePage.py:[33] - [INFO] :click :Clicked on the element: findNewCars_XPATH
2025-03-05 11:29:59,532 - BasePage.py:[33] - [INFO] :click :Clicked on the element: findNewCars_XPATH
2025-03-05 11:30:00,065 - BasePage.py:[33] - [INFO] :click :Clicked on the element: Honda_XPATH
2025-03-05 11:30:00,065 - BasePage.py:[33] - [INFO] :click :Clicked on the element: Honda_XPATH
2025-03-05 11:30:00,065 - BasePage.py:[33] - [INFO] :click :Clicked on the element: Honda_XPATH
2025-03-05 11:30:00,065 - BasePage.py:[33] - [INFO] :click :Clicked on the element: Honda_XPATH
2025-03-05 11:30:00,065 - BasePage.py:[33] - [INFO] :click :Clicked on the element: Honda_XPATH
2025-03-05 11:30:00,065 - BasePage.py:[33] - [INFO] :click :Clicked on the element: Honda_XPATH
